[35m[Appium][39m Welcome to Appium v1.21.0
[35m[Appium][39m Non-default server args:
[35m[Appium][39m   port: 59886
[35m[Appium][39m   loglevel: info
[35m[Appium][39m   tmpDir: /var/folders/pj/tdgwyxh90y759nk534c9prjc0000gn/T//Katalon/Appium/Temp1699284951038
[35m[Appium][39m   chromedriverPort: 59887
[35m[Appium][39m Deprecated server args:
[35m[Appium][39m   [31m--chromedriver-port[39m => --default-capabilities
[35m[Appium][39m Default capabilities, which will be added to each request unless overridden by desired capabilities:
[35m[Appium][39m   chromedriverPort: 59887
[35m[Appium][39m Appium REST http interface listener started on 0.0.0.0:59886
[35m[HTTP][39m [37m-->[39m [37mGET[39m [37m/wd/hub/status[39m
[35m[HTTP][39m [90m{}[39m
[35m[HTTP][39m [37m<-- GET /wd/hub/status [39m[32m200[39m [90m6 ms - 68[39m
[35m[HTTP][39m [90m[39m
[35m[HTTP][39m [37m-->[39m [37mPOST[39m [37m/wd/hub/session[39m
[35m[HTTP][39m [90m{"desiredCapabilities":{"appPackage":"com.maybank2u.life.uat","noReset":true,"appWaitActivity":"*","unlockKey":"2458","deviceId":"","deviceName":"samsung SM-G998B (Android 11)","platform":"ANDROID","appActivity":"com.maybank2u.life.MainActivity","newCommandTimeout":1800,"platformVersion":"11","automationName":"uiautomator2","unlockType":"pattern","autoGrantPermissions":true,"platformName":"Android","udid":"R5CR704KXSR","systemPort":8215},"capabilities":{"firstMatch":[{"appium:appActivity":"com.maybank2u.life.MainActivity","appium:appPackage":"com.maybank2u.life.uat","appium:appWaitActivity":"*","appium:autoGrantPermissions":true,"appium:automationName":"uiautomator2","deviceId":"","appium:deviceName":"samsung SM-G998B (Android 11)","appium:newCommandTimeout":1800,"appium:noReset":true,"platform":"ANDROID","platformName":"android","appium:platformVersion":"11","appium:systemPort":8215,"appium:udid":"R5CR704KXSR","unlockKey":"2458","unlockType":"pattern"}]}}[39m
[35m[BaseDriver][39m The following capabilities are not standard capabilities and should have an extension prefix:
[35m[BaseDriver][39m   deviceId
[35m[BaseDriver][39m   platform
[35m[BaseDriver][39m   unlockKey
[35m[BaseDriver][39m   unlockType
[35m[BaseDriver][39m   chromedriverPort
[35m[Appium][39m Appium v1.21.0 creating new AndroidUiautomator2Driver (v1.65.0) session
[35m[BaseDriver][39m The following capabilities were provided, but are not recognized by Appium:
[35m[BaseDriver][39m   deviceId
[35m[BaseDriver][39m   platform
[35m[BaseDriver][39m Session created with session id: fd088f02-3443-431b-91cd-208300eaad8f
[35m[UiAutomator2][39m Starting 'com.maybank2u.life.uat' directly on the device
[35m[ADB][39m Found 1 'build-tools' folders under '/Users/mosaj/.katalon/tools/android_sdk' (newest first):
[35m[ADB][39m     /Users/mosaj/.katalon/tools/android_sdk/build-tools/29.0.3
[35m[ADB][39m Using 'adb' from '/Users/mosaj/.katalon/tools/android_sdk/platform-tools/adb'
[35m[AndroidDriver][39m Retrieving device list
[35m[AndroidDriver][39m Using device: R5CR704KXSR
[35m[ADB][39m Using 'adb' from '/Users/mosaj/.katalon/tools/android_sdk/platform-tools/adb'
[35m[ADB][39m Getting device platform version
[35m[UiAutomator2][39m Relaxing hidden api policy
[35m[AndroidDriver][39m No app sent in, not parsing package/activity
[35m[ADB][39m Using 'apksigner.jar' from '/Users/mosaj/.katalon/tools/android_sdk/build-tools/29.0.3/lib/apksigner.jar'
[35m[ADB][39m '/usr/local/lib/node_modules/appium/node_modules/appium-uiautomator2-server/apks/appium-uiautomator2-server-v4.21.1.apk' is signed with the default certificate
[35m[ADB][39m '/usr/local/lib/node_modules/appium/node_modules/appium-uiautomator2-server/apks/appium-uiautomator2-server-debug-androidTest.apk' is signed with the default certificate
[35m[UiAutomator2][39m Server packages are not going to be (re)installed
[35m[ADB][39m Adding packages ["io.appium.settings","io.appium.uiautomator2.server","io.appium.uiautomator2.server.test"] to Doze whitelist
[35m[UiAutomator2][39m Starting UIAutomator2 server 4.21.1
[35m[UiAutomator2][39m Using UIAutomator2 server from '/usr/local/lib/node_modules/appium/node_modules/appium-uiautomator2-server/apks/appium-uiautomator2-server-v4.21.1.apk' and test from '/usr/local/lib/node_modules/appium/node_modules/appium-uiautomator2-server/apks/appium-uiautomator2-server-debug-androidTest.apk'
[35m[UiAutomator2][39m Waiting up to 30000ms for UiAutomator2 to be online...
[35m[WD Proxy][39m socket hang up
[35m[WD Proxy][39m socket hang up
[35m[WD Proxy][39m Determined the downstream protocol as 'W3C'
[35m[AndroidDriver][39m Screen already unlocked, doing nothing
[35m[UiAutomator2][39m Starting 'com.maybank2u.life.uat/com.maybank2u.life.MainActivity and waiting for 'com.maybank2u.life.uat/*'
[35m[Appium][39m New AndroidUiautomator2Driver session created successfully, session fd088f02-3443-431b-91cd-208300eaad8f added to master session list
[35m[HTTP][39m [37m<-- POST /wd/hub/session [39m[32m200[39m [90m8595 ms - 1393[39m
[35m[HTTP][39m [90m[39m
[35m[HTTP][39m [37m-->[39m [37mGET[39m [37m/wd/hub/session/fd088f02-3443-431b-91cd-208300eaad8f[39m
[35m[HTTP][39m [90m{}[39m
[35m[HTTP][39m [37m<-- GET /wd/hub/session/fd088f02-3443-431b-91cd-208300eaad8f [39m[32m200[39m [90m10 ms - 1347[39m
[35m[HTTP][39m [90m[39m
[35m[HTTP][39m [37m-->[39m [37mGET[39m [37m/wd/hub/session/fd088f02-3443-431b-91cd-208300eaad8f[39m
[35m[HTTP][39m [90m{}[39m
[35m[HTTP][39m [37m<-- GET /wd/hub/session/fd088f02-3443-431b-91cd-208300eaad8f [39m[32m200[39m [90m22 ms - 1347[39m
[35m[HTTP][39m [90m[39m
[35m[HTTP][39m [37m-->[39m [37mGET[39m [37m/wd/hub/status[39m
[35m[HTTP][39m [90m{}[39m
[35m[HTTP][39m [37m<-- GET /wd/hub/status [39m[32m200[39m [90m1 ms - 68[39m
[35m[HTTP][39m [90m[39m
[35m[HTTP][39m [37m-->[39m [37mPOST[39m [37m/wd/hub/session/fd088f02-3443-431b-91cd-208300eaad8f/timeouts[39m
[35m[HTTP][39m [90m{"implicit":60000}[39m
[35m[HTTP][39m [37m<-- POST /wd/hub/session/fd088f02-3443-431b-91cd-208300eaad8f/timeouts [39m[32m200[39m [90m4 ms - 14[39m
[35m[HTTP][39m [90m[39m
[35m[HTTP][39m [37m-->[39m [37mGET[39m [37m/wd/hub/session/fd088f02-3443-431b-91cd-208300eaad8f/screenshot[39m
[35m[HTTP][39m [90m{}[39m
[35m[HTTP][39m [37m<-- GET /wd/hub/session/fd088f02-3443-431b-91cd-208300eaad8f/screenshot [39m[32m200[39m [90m564 ms - 665480[39m
[35m[HTTP][39m [90m[39m
[35m[HTTP][39m [37m-->[39m [37mGET[39m [37m/wd/hub/session/fd088f02-3443-431b-91cd-208300eaad8f/window/rect[39m
[35m[HTTP][39m [90m{}[39m
[35m[HTTP][39m [37m<-- GET /wd/hub/session/fd088f02-3443-431b-91cd-208300eaad8f/window/rect [39m[32m200[39m [90m32 ms - 50[39m
[35m[HTTP][39m [90m[39m
[35m[HTTP][39m [37m-->[39m [37mGET[39m [37m/wd/hub/session/fd088f02-3443-431b-91cd-208300eaad8f/appium/device/system_bars[39m
[35m[HTTP][39m [90m{}[39m
[35m[HTTP][39m [37m<-- GET /wd/hub/session/fd088f02-3443-431b-91cd-208300eaad8f/appium/device/system_bars [39m[32m200[39m [90m97 ms - 148[39m
[35m[HTTP][39m [90m[39m
[35m[HTTP][39m [37m-->[39m [37mPOST[39m [37m/wd/hub/session/fd088f02-3443-431b-91cd-208300eaad8f/appium/device/activate_app[39m
[35m[HTTP][39m [90m{"bundleId":"com.maybank2u.life.uat"}[39m
[35m[HTTP][39m [37m<-- POST /wd/hub/session/fd088f02-3443-431b-91cd-208300eaad8f/appium/device/activate_app [39m[32m200[39m [90m394 ms - 14[39m
[35m[HTTP][39m [90m[39m
[35m[HTTP][39m [37m-->[39m [37mPOST[39m [37m/wd/hub/session/fd088f02-3443-431b-91cd-208300eaad8f/timeouts[39m
[35m[HTTP][39m [90m{"implicit":50}[39m
[35m[HTTP][39m [37m<-- POST /wd/hub/session/fd088f02-3443-431b-91cd-208300eaad8f/timeouts [39m[32m200[39m [90m3 ms - 14[39m
[35m[HTTP][39m [90m[39m
[35m[HTTP][39m [37m-->[39m [37mGET[39m [37m/wd/hub/session/fd088f02-3443-431b-91cd-208300eaad8f/window/rect[39m
[35m[HTTP][39m [90m{}[39m
[35m[HTTP][39m [37m<-- GET /wd/hub/session/fd088f02-3443-431b-91cd-208300eaad8f/window/rect [39m[32m200[39m [90m18 ms - 50[39m
[35m[HTTP][39m [90m[39m
[35m[HTTP][39m [37m-->[39m [37mPOST[39m [37m/wd/hub/session/fd088f02-3443-431b-91cd-208300eaad8f/elements[39m
[35m[HTTP][39m [90m{"using":"xpath","value":"//*[@class = 'android.widget.TextView' and (@text = 'Secure2u' or . = 'Secure2u')]"}[39m
[35m[HTTP][39m [37m<-- POST /wd/hub/session/fd088f02-3443-431b-91cd-208300eaad8f/elements [39m[32m200[39m [90m537 ms - 139[39m
[35m[HTTP][39m [90m[39m
[35m[HTTP][39m [37m-->[39m [37mGET[39m [37m/wd/hub/session/fd088f02-3443-431b-91cd-208300eaad8f/element/37828076-0f2b-4ba5-a706-759dacedf730/location[39m
[35m[HTTP][39m [90m{}[39m
[35m[W3C (fd088f02)][39m Driver proxy active, passing request on via HTTP proxy
[35m[WD Proxy][39m Replacing sessionId e2ec6d88-2f0f-4dab-b440-8d21a0b1fd7e with fd088f02-3443-431b-91cd-208300eaad8f
[35m[HTTP][39m [37m<-- GET /wd/hub/session/fd088f02-3443-431b-91cd-208300eaad8f/element/37828076-0f2b-4ba5-a706-759dacedf730/location [39m[32m200[39m [90m456 ms - 78[39m
[35m[HTTP][39m [90m[39m
[35m[HTTP][39m [37m-->[39m [37mPOST[39m [37m/wd/hub/session/fd088f02-3443-431b-91cd-208300eaad8f/timeouts[39m
[35m[HTTP][39m [90m{"implicit":60000}[39m
[35m[HTTP][39m [37m<-- POST /wd/hub/session/fd088f02-3443-431b-91cd-208300eaad8f/timeouts [39m[32m200[39m [90m1 ms - 14[39m
[35m[HTTP][39m [90m[39m
[35m[HTTP][39m [37m-->[39m [37mGET[39m [37m/wd/hub/session/fd088f02-3443-431b-91cd-208300eaad8f/element/37828076-0f2b-4ba5-a706-759dacedf730/text[39m
[35m[HTTP][39m [90m{}[39m
[35m[W3C (fd088f02)][39m Driver proxy active, passing request on via HTTP proxy
[35m[WD Proxy][39m Replacing sessionId e2ec6d88-2f0f-4dab-b440-8d21a0b1fd7e with fd088f02-3443-431b-91cd-208300eaad8f
[35m[HTTP][39m [37m<-- GET /wd/hub/session/fd088f02-3443-431b-91cd-208300eaad8f/element/37828076-0f2b-4ba5-a706-759dacedf730/text [39m[32m200[39m [90m19 ms - 71[39m
[35m[HTTP][39m [90m[39m
[35m[HTTP][39m [37m-->[39m [37mPOST[39m [37m/wd/hub/session/fd088f02-3443-431b-91cd-208300eaad8f/timeouts[39m
[35m[HTTP][39m [90m{"implicit":50}[39m
[35m[HTTP][39m [37m<-- POST /wd/hub/session/fd088f02-3443-431b-91cd-208300eaad8f/timeouts [39m[32m200[39m [90m3 ms - 14[39m
[35m[HTTP][39m [90m[39m
[35m[HTTP][39m [37m-->[39m [37mGET[39m [37m/wd/hub/session/fd088f02-3443-431b-91cd-208300eaad8f/window/rect[39m
[35m[HTTP][39m [90m{}[39m
[35m[HTTP][39m [37m<-- GET /wd/hub/session/fd088f02-3443-431b-91cd-208300eaad8f/window/rect [39m[32m200[39m [90m26 ms - 50[39m
[35m[HTTP][39m [90m[39m
[35m[HTTP][39m [37m-->[39m [37mPOST[39m [37m/wd/hub/session/fd088f02-3443-431b-91cd-208300eaad8f/elements[39m
[35m[HTTP][39m [90m{"using":"xpath","value":"//*[@class = 'android.widget.TextView' and (@text = 'Secure2u' or . = 'Secure2u')]"}[39m
[35m[HTTP][39m [37m<-- POST /wd/hub/session/fd088f02-3443-431b-91cd-208300eaad8f/elements [39m[32m200[39m [90m410 ms - 139[39m
[35m[HTTP][39m [90m[39m
[35m[HTTP][39m [37m-->[39m [37mGET[39m [37m/wd/hub/session/fd088f02-3443-431b-91cd-208300eaad8f/element/685bc89a-2b2e-4c56-94f1-cceb925d504f/location[39m
[35m[HTTP][39m [90m{}[39m
[35m[W3C (fd088f02)][39m Driver proxy active, passing request on via HTTP proxy
[35m[WD Proxy][39m Replacing sessionId e2ec6d88-2f0f-4dab-b440-8d21a0b1fd7e with fd088f02-3443-431b-91cd-208300eaad8f
[35m[HTTP][39m [37m<-- GET /wd/hub/session/fd088f02-3443-431b-91cd-208300eaad8f/element/685bc89a-2b2e-4c56-94f1-cceb925d504f/location [39m[32m200[39m [90m35 ms - 78[39m
[35m[HTTP][39m [90m[39m
[35m[HTTP][39m [37m-->[39m [37mPOST[39m [37m/wd/hub/session/fd088f02-3443-431b-91cd-208300eaad8f/timeouts[39m
[35m[HTTP][39m [90m{"implicit":60000}[39m
[35m[HTTP][39m [37m<-- POST /wd/hub/session/fd088f02-3443-431b-91cd-208300eaad8f/timeouts [39m[32m200[39m [90m2 ms - 14[39m
[35m[HTTP][39m [90m[39m
[35m[HTTP][39m [37m-->[39m [37mPOST[39m [37m/wd/hub/session/fd088f02-3443-431b-91cd-208300eaad8f/element/685bc89a-2b2e-4c56-94f1-cceb925d504f/click[39m
[35m[HTTP][39m [90m{"id":"685bc89a-2b2e-4c56-94f1-cceb925d504f"}[39m
[35m[HTTP][39m [37m<-- POST /wd/hub/session/fd088f02-3443-431b-91cd-208300eaad8f/element/685bc89a-2b2e-4c56-94f1-cceb925d504f/click [39m[32m200[39m [90m575 ms - 14[39m
[35m[HTTP][39m [90m[39m
[35m[HTTP][39m [37m-->[39m [37mPOST[39m [37m/wd/hub/session/fd088f02-3443-431b-91cd-208300eaad8f/timeouts[39m
[35m[HTTP][39m [90m{"implicit":50}[39m
[35m[HTTP][39m [37m<-- POST /wd/hub/session/fd088f02-3443-431b-91cd-208300eaad8f/timeouts [39m[32m200[39m [90m3 ms - 14[39m
[35m[HTTP][39m [90m[39m
[35m[HTTP][39m [37m-->[39m [37mGET[39m [37m/wd/hub/session/fd088f02-3443-431b-91cd-208300eaad8f/window/rect[39m
[35m[HTTP][39m [90m{}[39m
[35m[HTTP][39m [37m<-- GET /wd/hub/session/fd088f02-3443-431b-91cd-208300eaad8f/window/rect [39m[32m200[39m [90m17 ms - 50[39m
[35m[HTTP][39m [90m[39m
[35m[HTTP][39m [37m-->[39m [37mPOST[39m [37m/wd/hub/session/fd088f02-3443-431b-91cd-208300eaad8f/elements[39m
[35m[HTTP][39m [90m{"using":"xpath","value":"//*[@class = 'android.widget.TextView' and (@text = 'Approve' or . = 'Approve')]"}[39m
[35m[HTTP][39m [37m<-- POST /wd/hub/session/fd088f02-3443-431b-91cd-208300eaad8f/elements [39m[32m200[39m [90m10194 ms - 12[39m
[35m[HTTP][39m [90m[39m
[35m[HTTP][39m [37m-->[39m [37mPOST[39m [37m/wd/hub/session/fd088f02-3443-431b-91cd-208300eaad8f/elements[39m
[35m[HTTP][39m [90m{"using":"xpath","value":"//*[@class = 'android.widget.TextView' and (@text = 'Approve' or . = 'Approve')]"}[39m
[35m[HTTP][39m [37m<-- POST /wd/hub/session/fd088f02-3443-431b-91cd-208300eaad8f/elements [39m[32m200[39m [90m10438 ms - 12[39m
[35m[HTTP][39m [90m[39m
[35m[HTTP][39m [37m-->[39m [37mPOST[39m [37m/wd/hub/session/fd088f02-3443-431b-91cd-208300eaad8f/elements[39m
[35m[HTTP][39m [90m{"using":"xpath","value":"//*[@class = 'android.widget.TextView' and (@text = 'Approve' or . = 'Approve')]"}[39m
[35m[HTTP][39m [37m<-- POST /wd/hub/session/fd088f02-3443-431b-91cd-208300eaad8f/elements [39m[32m200[39m [90m10151 ms - 12[39m
[35m[HTTP][39m [90m[39m
[35m[HTTP][39m [37m-->[39m [37mPOST[39m [37m/wd/hub/session/fd088f02-3443-431b-91cd-208300eaad8f/elements[39m
[35m[HTTP][39m [90m{"using":"xpath","value":"//*[@class = 'android.widget.TextView' and (@text = 'Approve' or . = 'Approve')]"}[39m
[35m[HTTP][39m [37m<-- POST /wd/hub/session/fd088f02-3443-431b-91cd-208300eaad8f/elements [39m[32m200[39m [90m4235 ms - 139[39m
[35m[HTTP][39m [90m[39m
[35m[HTTP][39m [37m-->[39m [37mGET[39m [37m/wd/hub/session/fd088f02-3443-431b-91cd-208300eaad8f/element/0478ebb3-7069-474b-9dd1-da96f91f4c5d/location[39m
[35m[HTTP][39m [90m{}[39m
[35m[W3C (fd088f02)][39m Driver proxy active, passing request on via HTTP proxy
[35m[WD Proxy][39m Replacing sessionId e2ec6d88-2f0f-4dab-b440-8d21a0b1fd7e with fd088f02-3443-431b-91cd-208300eaad8f
[35m[HTTP][39m [37m<-- GET /wd/hub/session/fd088f02-3443-431b-91cd-208300eaad8f/element/0478ebb3-7069-474b-9dd1-da96f91f4c5d/location [39m[32m200[39m [90m31 ms - 79[39m
[35m[HTTP][39m [90m[39m
[35m[HTTP][39m [37m-->[39m [37mPOST[39m [37m/wd/hub/session/fd088f02-3443-431b-91cd-208300eaad8f/timeouts[39m
[35m[HTTP][39m [90m{"implicit":60000}[39m
[35m[HTTP][39m [37m<-- POST /wd/hub/session/fd088f02-3443-431b-91cd-208300eaad8f/timeouts [39m[32m200[39m [90m1 ms - 14[39m
[35m[HTTP][39m [90m[39m
[35m[HTTP][39m [37m-->[39m [37mPOST[39m [37m/wd/hub/session/fd088f02-3443-431b-91cd-208300eaad8f/element/0478ebb3-7069-474b-9dd1-da96f91f4c5d/click[39m
[35m[HTTP][39m [90m{"id":"0478ebb3-7069-474b-9dd1-da96f91f4c5d"}[39m
[35m[HTTP][39m [37m<-- POST /wd/hub/session/fd088f02-3443-431b-91cd-208300eaad8f/element/0478ebb3-7069-474b-9dd1-da96f91f4c5d/click [39m[32m200[39m [90m80 ms - 14[39m
[35m[HTTP][39m [90m[39m
[35m[HTTP][39m [37m-->[39m [37mDELETE[39m [37m/wd/hub/session/fd088f02-3443-431b-91cd-208300eaad8f[39m
[35m[HTTP][39m [90m{}[39m
[35m[Appium][39m Removing session fd088f02-3443-431b-91cd-208300eaad8f from our master session list
[35m[UiAutomator2][39m Restoring hidden api policy to the device default configuration
[35m[HTTP][39m [37m<-- DELETE /wd/hub/session/fd088f02-3443-431b-91cd-208300eaad8f [39m[32m200[39m [90m288 ms - 14[39m
[35m[HTTP][39m [90m[39m
