[35m[Appium][39m Welcome to Appium v1.21.0
[35m[Appium][39m Non-default server args:
[35m[Appium][39m   port: 61338
[35m[Appium][39m   loglevel: info
[35m[Appium][39m   tmpDir: /var/folders/pj/tdgwyxh90y759nk534c9prjc0000gn/T//Katalon/Appium/Temp1689266601647
[35m[Appium][39m   chromedriverPort: 61339
[35m[Appium][39m Deprecated server args:
[35m[Appium][39m   [31m--chromedriver-port[39m => --default-capabilities
[35m[Appium][39m Default capabilities, which will be added to each request unless overridden by desired capabilities:
[35m[Appium][39m   chromedriverPort: 61339
[35m[Appium][39m Appium REST http interface listener started on 0.0.0.0:61338
[35m[HTTP][39m [37m-->[39m [37mGET[39m [37m/wd/hub/status[39m
[35m[HTTP][39m [90m{}[39m
[35m[HTTP][39m [37m<-- GET /wd/hub/status [39m[32m200[39m [90m5 ms - 68[39m
[35m[HTTP][39m [90m[39m
[35m[HTTP][39m [37m-->[39m [37mPOST[39m [37m/wd/hub/session[39m
[35m[HTTP][39m [90m{"desiredCapabilities":{"appPackage":"com.maybank2u.life.uat","noReset":true,"appWaitActivity":"*","unlockKey":"2458","deviceId":"","deviceName":"samsung SM-G998B (Android 11)","platform":"ANDROID","appActivity":"com.maybank2u.life.MainActivity","newCommandTimeout":1800,"platformVersion":"11","automationName":"uiautomator2","unlockType":"pattern","autoGrantPermissions":true,"platformName":"Android","udid":"R5CR704KXSR","systemPort":8282},"capabilities":{"firstMatch":[{"appium:appActivity":"com.maybank2u.life.MainActivity","appium:appPackage":"com.maybank2u.life.uat","appium:appWaitActivity":"*","appium:autoGrantPermissions":true,"appium:automationName":"uiautomator2","deviceId":"","appium:deviceName":"samsung SM-G998B (Android 11)","appium:newCommandTimeout":1800,"appium:noReset":true,"platform":"ANDROID","platformName":"android","appium:platformVersion":"11","appium:systemPort":8282,"appium:udid":"R5CR704KXSR","unlockKey":"2458","unlockType":"pattern"}]}}[39m
[35m[BaseDriver][39m The following capabilities are not standard capabilities and should have an extension prefix:
[35m[BaseDriver][39m   deviceId
[35m[BaseDriver][39m   platform
[35m[BaseDriver][39m   unlockKey
[35m[BaseDriver][39m   unlockType
[35m[BaseDriver][39m   chromedriverPort
[35m[Appium][39m Appium v1.21.0 creating new AndroidUiautomator2Driver (v1.65.0) session
[35m[BaseDriver][39m The following capabilities were provided, but are not recognized by Appium:
[35m[BaseDriver][39m   deviceId
[35m[BaseDriver][39m   platform
[35m[BaseDriver][39m Session created with session id: 5f2527c2-3bad-4a1a-b5d5-9bc1e0505f30
[35m[UiAutomator2][39m Starting 'com.maybank2u.life.uat' directly on the device
[35m[ADB][39m Found 1 'build-tools' folders under '/Users/mosaj/.katalon/tools/android_sdk' (newest first):
[35m[ADB][39m     /Users/mosaj/.katalon/tools/android_sdk/build-tools/29.0.3
[35m[ADB][39m Using 'adb' from '/Users/mosaj/.katalon/tools/android_sdk/platform-tools/adb'
[35m[AndroidDriver][39m Retrieving device list
[35m[AndroidDriver][39m Using device: R5CR704KXSR
[35m[ADB][39m Using 'adb' from '/Users/mosaj/.katalon/tools/android_sdk/platform-tools/adb'
[35m[ADB][39m Getting device platform version
[35m[UiAutomator2][39m Relaxing hidden api policy
[35m[AndroidDriver][39m No app sent in, not parsing package/activity
[35m[ADB][39m Using 'apksigner.jar' from '/Users/mosaj/.katalon/tools/android_sdk/build-tools/29.0.3/lib/apksigner.jar'
[35m[ADB][39m '/usr/local/lib/node_modules/appium/node_modules/appium-uiautomator2-server/apks/appium-uiautomator2-server-v4.21.1.apk' is signed with the default certificate
[35m[ADB][39m '/usr/local/lib/node_modules/appium/node_modules/appium-uiautomator2-server/apks/appium-uiautomator2-server-debug-androidTest.apk' is signed with the default certificate
[35m[UiAutomator2][39m Server packages are not going to be (re)installed
[35m[ADB][39m Adding packages ["io.appium.settings","io.appium.uiautomator2.server","io.appium.uiautomator2.server.test"] to Doze whitelist
[35m[UiAutomator2][39m Starting UIAutomator2 server 4.21.1
[35m[UiAutomator2][39m Using UIAutomator2 server from '/usr/local/lib/node_modules/appium/node_modules/appium-uiautomator2-server/apks/appium-uiautomator2-server-v4.21.1.apk' and test from '/usr/local/lib/node_modules/appium/node_modules/appium-uiautomator2-server/apks/appium-uiautomator2-server-debug-androidTest.apk'
[35m[UiAutomator2][39m Waiting up to 30000ms for UiAutomator2 to be online...
[35m[WD Proxy][39m socket hang up
[35m[WD Proxy][39m socket hang up
[35m[WD Proxy][39m Determined the downstream protocol as 'W3C'
[35m[AndroidDriver][39m Screen already unlocked, doing nothing
[35m[UiAutomator2][39m Starting 'com.maybank2u.life.uat/com.maybank2u.life.MainActivity and waiting for 'com.maybank2u.life.uat/*'
[35m[Appium][39m New AndroidUiautomator2Driver session created successfully, session 5f2527c2-3bad-4a1a-b5d5-9bc1e0505f30 added to master session list
[35m[HTTP][39m [37m<-- POST /wd/hub/session [39m[32m200[39m [90m7215 ms - 1393[39m
[35m[HTTP][39m [90m[39m
[35m[HTTP][39m [37m-->[39m [37mGET[39m [37m/wd/hub/session/5f2527c2-3bad-4a1a-b5d5-9bc1e0505f30[39m
[35m[HTTP][39m [90m{}[39m
[35m[HTTP][39m [37m<-- GET /wd/hub/session/5f2527c2-3bad-4a1a-b5d5-9bc1e0505f30 [39m[32m200[39m [90m14 ms - 1347[39m
[35m[HTTP][39m [90m[39m
[35m[HTTP][39m [37m-->[39m [37mGET[39m [37m/wd/hub/session/5f2527c2-3bad-4a1a-b5d5-9bc1e0505f30[39m
[35m[HTTP][39m [90m{}[39m
[35m[HTTP][39m [37m<-- GET /wd/hub/session/5f2527c2-3bad-4a1a-b5d5-9bc1e0505f30 [39m[32m200[39m [90m13 ms - 1347[39m
[35m[HTTP][39m [90m[39m
[35m[HTTP][39m [37m-->[39m [37mGET[39m [37m/wd/hub/status[39m
[35m[HTTP][39m [90m{}[39m
[35m[HTTP][39m [37m<-- GET /wd/hub/status [39m[32m200[39m [90m1 ms - 68[39m
[35m[HTTP][39m [90m[39m
[35m[HTTP][39m [37m-->[39m [37mPOST[39m [37m/wd/hub/session/5f2527c2-3bad-4a1a-b5d5-9bc1e0505f30/timeouts[39m
[35m[HTTP][39m [90m{"implicit":80000}[39m
[35m[HTTP][39m [37m<-- POST /wd/hub/session/5f2527c2-3bad-4a1a-b5d5-9bc1e0505f30/timeouts [39m[32m200[39m [90m6 ms - 14[39m
[35m[HTTP][39m [90m[39m
[35m[HTTP][39m [37m-->[39m [37mGET[39m [37m/wd/hub/session/5f2527c2-3bad-4a1a-b5d5-9bc1e0505f30/screenshot[39m
[35m[HTTP][39m [90m{}[39m
[35m[HTTP][39m [37m<-- GET /wd/hub/session/5f2527c2-3bad-4a1a-b5d5-9bc1e0505f30/screenshot [39m[32m200[39m [90m237 ms - 120588[39m
[35m[HTTP][39m [90m[39m
[35m[HTTP][39m [37m-->[39m [37mGET[39m [37m/wd/hub/session/5f2527c2-3bad-4a1a-b5d5-9bc1e0505f30/window/rect[39m
[35m[HTTP][39m [90m{}[39m
[35m[HTTP][39m [37m<-- GET /wd/hub/session/5f2527c2-3bad-4a1a-b5d5-9bc1e0505f30/window/rect [39m[32m200[39m [90m42 ms - 50[39m
[35m[HTTP][39m [90m[39m
[35m[HTTP][39m [37m-->[39m [37mGET[39m [37m/wd/hub/session/5f2527c2-3bad-4a1a-b5d5-9bc1e0505f30/appium/device/system_bars[39m
[35m[HTTP][39m [90m{}[39m
[35m[HTTP][39m [37m<-- GET /wd/hub/session/5f2527c2-3bad-4a1a-b5d5-9bc1e0505f30/appium/device/system_bars [39m[32m200[39m [90m92 ms - 148[39m
[35m[HTTP][39m [90m[39m
[35m[HTTP][39m [37m-->[39m [37mPOST[39m [37m/wd/hub/session/5f2527c2-3bad-4a1a-b5d5-9bc1e0505f30/appium/device/activate_app[39m
[35m[HTTP][39m [90m{"bundleId":"com.maybank2u.life.uat"}[39m
[35m[HTTP][39m [37m<-- POST /wd/hub/session/5f2527c2-3bad-4a1a-b5d5-9bc1e0505f30/appium/device/activate_app [39m[32m200[39m [90m295 ms - 14[39m
[35m[HTTP][39m [90m[39m
[35m[HTTP][39m [37m-->[39m [37mPOST[39m [37m/wd/hub/session/5f2527c2-3bad-4a1a-b5d5-9bc1e0505f30/timeouts[39m
[35m[HTTP][39m [90m{"implicit":50}[39m
[35m[HTTP][39m [37m<-- POST /wd/hub/session/5f2527c2-3bad-4a1a-b5d5-9bc1e0505f30/timeouts [39m[32m200[39m [90m2 ms - 14[39m
[35m[HTTP][39m [90m[39m
[35m[HTTP][39m [37m-->[39m [37mGET[39m [37m/wd/hub/session/5f2527c2-3bad-4a1a-b5d5-9bc1e0505f30/window/rect[39m
[35m[HTTP][39m [90m{}[39m
[35m[HTTP][39m [37m<-- GET /wd/hub/session/5f2527c2-3bad-4a1a-b5d5-9bc1e0505f30/window/rect [39m[32m200[39m [90m12 ms - 50[39m
[35m[HTTP][39m [90m[39m
[35m[HTTP][39m [37m-->[39m [37mPOST[39m [37m/wd/hub/session/5f2527c2-3bad-4a1a-b5d5-9bc1e0505f30/elements[39m
[35m[HTTP][39m [90m{"using":"xpath","value":"//*[@class = 'android.widget.TextView' and (@text = 'Transfer' or . = 'Transfer')]"}[39m
[35m[HTTP][39m [37m<-- POST /wd/hub/session/5f2527c2-3bad-4a1a-b5d5-9bc1e0505f30/elements [39m[32m200[39m [90m365 ms - 12[39m
[35m[HTTP][39m [90m[39m
[35m[HTTP][39m [37m-->[39m [37mPOST[39m [37m/wd/hub/session/5f2527c2-3bad-4a1a-b5d5-9bc1e0505f30/elements[39m
[35m[HTTP][39m [90m{"using":"xpath","value":"//*[@class = 'android.widget.TextView' and (@text = 'Transfer' or . = 'Transfer')]"}[39m
[35m[HTTP][39m [37m<-- POST /wd/hub/session/5f2527c2-3bad-4a1a-b5d5-9bc1e0505f30/elements [39m[32m200[39m [90m527 ms - 12[39m
[35m[HTTP][39m [90m[39m
[35m[HTTP][39m [37m-->[39m [37mPOST[39m [37m/wd/hub/session/5f2527c2-3bad-4a1a-b5d5-9bc1e0505f30/elements[39m
[35m[HTTP][39m [90m{"using":"xpath","value":"//*[@class = 'android.widget.TextView' and (@text = 'Transfer' or . = 'Transfer')]"}[39m
[35m[HTTP][39m [37m<-- POST /wd/hub/session/5f2527c2-3bad-4a1a-b5d5-9bc1e0505f30/elements [39m[32m200[39m [90m561 ms - 12[39m
[35m[HTTP][39m [90m[39m
[35m[HTTP][39m [37m-->[39m [37mPOST[39m [37m/wd/hub/session/5f2527c2-3bad-4a1a-b5d5-9bc1e0505f30/elements[39m
[35m[HTTP][39m [90m{"using":"xpath","value":"//*[@class = 'android.widget.TextView' and (@text = 'Transfer' or . = 'Transfer')]"}[39m
[35m[HTTP][39m [37m<-- POST /wd/hub/session/5f2527c2-3bad-4a1a-b5d5-9bc1e0505f30/elements [39m[32m200[39m [90m558 ms - 12[39m
[35m[HTTP][39m [90m[39m
[35m[HTTP][39m [37m-->[39m [37mPOST[39m [37m/wd/hub/session/5f2527c2-3bad-4a1a-b5d5-9bc1e0505f30/elements[39m
[35m[HTTP][39m [90m{"using":"xpath","value":"//*[@class = 'android.widget.TextView' and (@text = 'Transfer' or . = 'Transfer')]"}[39m
[35m[HTTP][39m [37m<-- POST /wd/hub/session/5f2527c2-3bad-4a1a-b5d5-9bc1e0505f30/elements [39m[32m200[39m [90m956 ms - 12[39m
[35m[HTTP][39m [90m[39m
[35m[HTTP][39m [37m-->[39m [37mPOST[39m [37m/wd/hub/session/5f2527c2-3bad-4a1a-b5d5-9bc1e0505f30/elements[39m
[35m[HTTP][39m [90m{"using":"xpath","value":"//*[@class = 'android.widget.TextView' and (@text = 'Transfer' or . = 'Transfer')]"}[39m
[35m[HTTP][39m [37m<-- POST /wd/hub/session/5f2527c2-3bad-4a1a-b5d5-9bc1e0505f30/elements [39m[32m200[39m [90m2407 ms - 139[39m
[35m[HTTP][39m [90m[39m
[35m[HTTP][39m [37m-->[39m [37mGET[39m [37m/wd/hub/session/5f2527c2-3bad-4a1a-b5d5-9bc1e0505f30/element/096078f5-f339-4fc2-a4a6-0f13422b036d/location[39m
[35m[HTTP][39m [90m{}[39m
[35m[W3C (5f2527c2)][39m Driver proxy active, passing request on via HTTP proxy
[35m[WD Proxy][39m Replacing sessionId 33101705-74bc-432e-ab82-e15a9c972f0e with 5f2527c2-3bad-4a1a-b5d5-9bc1e0505f30
[35m[HTTP][39m [37m<-- GET /wd/hub/session/5f2527c2-3bad-4a1a-b5d5-9bc1e0505f30/element/096078f5-f339-4fc2-a4a6-0f13422b036d/location [39m[32m200[39m [90m16 ms - 79[39m
[35m[HTTP][39m [90m[39m
[35m[HTTP][39m [37m-->[39m [37mPOST[39m [37m/wd/hub/session/5f2527c2-3bad-4a1a-b5d5-9bc1e0505f30/timeouts[39m
[35m[HTTP][39m [90m{"implicit":80000}[39m
[35m[HTTP][39m [37m<-- POST /wd/hub/session/5f2527c2-3bad-4a1a-b5d5-9bc1e0505f30/timeouts [39m[32m200[39m [90m2 ms - 14[39m
[35m[HTTP][39m [90m[39m
[35m[HTTP][39m [37m-->[39m [37mGET[39m [37m/wd/hub/session/5f2527c2-3bad-4a1a-b5d5-9bc1e0505f30/element/096078f5-f339-4fc2-a4a6-0f13422b036d/text[39m
[35m[HTTP][39m [90m{}[39m
[35m[W3C (5f2527c2)][39m Driver proxy active, passing request on via HTTP proxy
[35m[WD Proxy][39m Replacing sessionId 33101705-74bc-432e-ab82-e15a9c972f0e with 5f2527c2-3bad-4a1a-b5d5-9bc1e0505f30
[35m[HTTP][39m [37m<-- GET /wd/hub/session/5f2527c2-3bad-4a1a-b5d5-9bc1e0505f30/element/096078f5-f339-4fc2-a4a6-0f13422b036d/text [39m[32m200[39m [90m17 ms - 71[39m
[35m[HTTP][39m [90m[39m
[35m[HTTP][39m [37m-->[39m [37mGET[39m [37m/wd/hub/session/5f2527c2-3bad-4a1a-b5d5-9bc1e0505f30/context[39m
[35m[HTTP][39m [90m{}[39m
[35m[HTTP][39m [37m<-- GET /wd/hub/session/5f2527c2-3bad-4a1a-b5d5-9bc1e0505f30/context [39m[32m200[39m [90m2 ms - 22[39m
[35m[HTTP][39m [90m[39m
[35m[HTTP][39m [37m-->[39m [37mGET[39m [37m/wd/hub/session/5f2527c2-3bad-4a1a-b5d5-9bc1e0505f30/contexts[39m
[35m[HTTP][39m [90m{}[39m
[35m[HTTP][39m [37m<-- GET /wd/hub/session/5f2527c2-3bad-4a1a-b5d5-9bc1e0505f30/contexts [39m[32m200[39m [90m79 ms - 24[39m
[35m[HTTP][39m [90m[39m
[35m[HTTP][39m [37m-->[39m [37mPOST[39m [37m/wd/hub/session/5f2527c2-3bad-4a1a-b5d5-9bc1e0505f30/context[39m
[35m[HTTP][39m [90m{"name":"NATIVE_APP"}[39m
[35m[HTTP][39m [37m<-- POST /wd/hub/session/5f2527c2-3bad-4a1a-b5d5-9bc1e0505f30/context [39m[32m200[39m [90m3 ms - 14[39m
[35m[HTTP][39m [90m[39m
[35m[HTTP][39m [37m-->[39m [37mGET[39m [37m/wd/hub/session/5f2527c2-3bad-4a1a-b5d5-9bc1e0505f30/screenshot[39m
[35m[HTTP][39m [90m{}[39m
[35m[HTTP][39m [37m<-- GET /wd/hub/session/5f2527c2-3bad-4a1a-b5d5-9bc1e0505f30/screenshot [39m[32m200[39m [90m377 ms - 732142[39m
[35m[HTTP][39m [90m[39m
[35m[HTTP][39m [37m-->[39m [37mPOST[39m [37m/wd/hub/session/5f2527c2-3bad-4a1a-b5d5-9bc1e0505f30/context[39m
[35m[HTTP][39m [90m{"name":"NATIVE_APP"}[39m
[35m[HTTP][39m [37m<-- POST /wd/hub/session/5f2527c2-3bad-4a1a-b5d5-9bc1e0505f30/context [39m[32m200[39m [90m2 ms - 14[39m
[35m[HTTP][39m [90m[39m
[35m[HTTP][39m [37m-->[39m [37mPOST[39m [37m/wd/hub/session/5f2527c2-3bad-4a1a-b5d5-9bc1e0505f30/timeouts[39m
[35m[HTTP][39m [90m{"implicit":50}[39m
[35m[HTTP][39m [37m<-- POST /wd/hub/session/5f2527c2-3bad-4a1a-b5d5-9bc1e0505f30/timeouts [39m[32m200[39m [90m2 ms - 14[39m
[35m[HTTP][39m [90m[39m
[35m[HTTP][39m [37m-->[39m [37mGET[39m [37m/wd/hub/session/5f2527c2-3bad-4a1a-b5d5-9bc1e0505f30/window/rect[39m
[35m[HTTP][39m [90m{}[39m
[35m[HTTP][39m [37m<-- GET /wd/hub/session/5f2527c2-3bad-4a1a-b5d5-9bc1e0505f30/window/rect [39m[32m200[39m [90m11 ms - 50[39m
[35m[HTTP][39m [90m[39m
[35m[HTTP][39m [37m-->[39m [37mPOST[39m [37m/wd/hub/session/5f2527c2-3bad-4a1a-b5d5-9bc1e0505f30/elements[39m
[35m[HTTP][39m [90m{"using":"xpath","value":"//*[@class = 'android.widget.TextView' and (@text = 'Transfer' or . = 'Transfer')]"}[39m
[35m[HTTP][39m [37m<-- POST /wd/hub/session/5f2527c2-3bad-4a1a-b5d5-9bc1e0505f30/elements [39m[32m200[39m [90m126 ms - 139[39m
[35m[HTTP][39m [90m[39m
[35m[HTTP][39m [37m-->[39m [37mGET[39m [37m/wd/hub/session/5f2527c2-3bad-4a1a-b5d5-9bc1e0505f30/element/0c14cc67-1a71-41cd-9fce-2ae9687aa6fb/location[39m
[35m[HTTP][39m [90m{}[39m
[35m[W3C (5f2527c2)][39m Driver proxy active, passing request on via HTTP proxy
[35m[WD Proxy][39m Replacing sessionId 33101705-74bc-432e-ab82-e15a9c972f0e with 5f2527c2-3bad-4a1a-b5d5-9bc1e0505f30
[35m[HTTP][39m [37m<-- GET /wd/hub/session/5f2527c2-3bad-4a1a-b5d5-9bc1e0505f30/element/0c14cc67-1a71-41cd-9fce-2ae9687aa6fb/location [39m[32m200[39m [90m16 ms - 79[39m
[35m[HTTP][39m [90m[39m
[35m[HTTP][39m [37m-->[39m [37mPOST[39m [37m/wd/hub/session/5f2527c2-3bad-4a1a-b5d5-9bc1e0505f30/timeouts[39m
[35m[HTTP][39m [90m{"implicit":80000}[39m
[35m[HTTP][39m [37m<-- POST /wd/hub/session/5f2527c2-3bad-4a1a-b5d5-9bc1e0505f30/timeouts [39m[32m200[39m [90m2 ms - 14[39m
[35m[HTTP][39m [90m[39m
[35m[HTTP][39m [37m-->[39m [37mPOST[39m [37m/wd/hub/session/5f2527c2-3bad-4a1a-b5d5-9bc1e0505f30/element/0c14cc67-1a71-41cd-9fce-2ae9687aa6fb/click[39m
[35m[HTTP][39m [90m{"id":"0c14cc67-1a71-41cd-9fce-2ae9687aa6fb"}[39m
[35m[HTTP][39m [37m<-- POST /wd/hub/session/5f2527c2-3bad-4a1a-b5d5-9bc1e0505f30/element/0c14cc67-1a71-41cd-9fce-2ae9687aa6fb/click [39m[32m200[39m [90m78 ms - 14[39m
[35m[HTTP][39m [90m[39m
[35m[HTTP][39m [37m-->[39m [37mPOST[39m [37m/wd/hub/session/5f2527c2-3bad-4a1a-b5d5-9bc1e0505f30/timeouts[39m
[35m[HTTP][39m [90m{"implicit":50}[39m
[35m[HTTP][39m [37m<-- POST /wd/hub/session/5f2527c2-3bad-4a1a-b5d5-9bc1e0505f30/timeouts [39m[32m200[39m [90m5 ms - 14[39m
[35m[HTTP][39m [90m[39m
[35m[HTTP][39m [37m-->[39m [37mGET[39m [37m/wd/hub/session/5f2527c2-3bad-4a1a-b5d5-9bc1e0505f30/window/rect[39m
[35m[HTTP][39m [90m{}[39m
[35m[HTTP][39m [37m<-- GET /wd/hub/session/5f2527c2-3bad-4a1a-b5d5-9bc1e0505f30/window/rect [39m[32m200[39m [90m104 ms - 50[39m
[35m[HTTP][39m [90m[39m
[35m[HTTP][39m [37m-->[39m [37mPOST[39m [37m/wd/hub/session/5f2527c2-3bad-4a1a-b5d5-9bc1e0505f30/elements[39m
[35m[HTTP][39m [90m{"using":"xpath","value":"//*[@class = 'android.widget.TextView' and (@text = '5623 6601 0785' or . = '5623 6601 0785')]"}[39m
[35m[HTTP][39m [37m<-- POST /wd/hub/session/5f2527c2-3bad-4a1a-b5d5-9bc1e0505f30/elements [39m[32m200[39m [90m10314 ms - 12[39m
[35m[HTTP][39m [90m[39m
[35m[HTTP][39m [37m-->[39m [37mPOST[39m [37m/wd/hub/session/5f2527c2-3bad-4a1a-b5d5-9bc1e0505f30/elements[39m
[35m[HTTP][39m [90m{"using":"xpath","value":"//*[@class = 'android.widget.TextView' and (@text = '5623 6601 0785' or . = '5623 6601 0785')]"}[39m
[35m[HTTP][39m [37m<-- POST /wd/hub/session/5f2527c2-3bad-4a1a-b5d5-9bc1e0505f30/elements [39m[32m200[39m [90m10270 ms - 139[39m
[35m[HTTP][39m [90m[39m
[35m[HTTP][39m [37m-->[39m [37mGET[39m [37m/wd/hub/session/5f2527c2-3bad-4a1a-b5d5-9bc1e0505f30/element/83349988-b725-41d3-bf9a-23bf5fdc1356/location[39m
[35m[HTTP][39m [90m{}[39m
[35m[W3C (5f2527c2)][39m Driver proxy active, passing request on via HTTP proxy
[35m[WD Proxy][39m Replacing sessionId 33101705-74bc-432e-ab82-e15a9c972f0e with 5f2527c2-3bad-4a1a-b5d5-9bc1e0505f30
[35m[HTTP][39m [37m<-- GET /wd/hub/session/5f2527c2-3bad-4a1a-b5d5-9bc1e0505f30/element/83349988-b725-41d3-bf9a-23bf5fdc1356/location [39m[32m200[39m [90m20122 ms - 78[39m
[35m[HTTP][39m [90m[39m
[35m[HTTP][39m [37m-->[39m [37mPOST[39m [37m/wd/hub/session/5f2527c2-3bad-4a1a-b5d5-9bc1e0505f30/timeouts[39m
[35m[HTTP][39m [90m{"implicit":80000}[39m
[35m[HTTP][39m [37m<-- POST /wd/hub/session/5f2527c2-3bad-4a1a-b5d5-9bc1e0505f30/timeouts [39m[32m200[39m [90m2 ms - 14[39m
[35m[HTTP][39m [90m[39m
[35m[HTTP][39m [37m-->[39m [37mGET[39m [37m/wd/hub/session/5f2527c2-3bad-4a1a-b5d5-9bc1e0505f30/element/83349988-b725-41d3-bf9a-23bf5fdc1356/text[39m
[35m[HTTP][39m [90m{}[39m
[35m[W3C (5f2527c2)][39m Driver proxy active, passing request on via HTTP proxy
[35m[WD Proxy][39m Replacing sessionId 33101705-74bc-432e-ab82-e15a9c972f0e with 5f2527c2-3bad-4a1a-b5d5-9bc1e0505f30
[35m[HTTP][39m [37m<-- GET /wd/hub/session/5f2527c2-3bad-4a1a-b5d5-9bc1e0505f30/element/83349988-b725-41d3-bf9a-23bf5fdc1356/text [39m[32m200[39m [90m20148 ms - 77[39m
[35m[HTTP][39m [90m[39m
[35m[HTTP][39m [37m-->[39m [37mGET[39m [37m/wd/hub/session/5f2527c2-3bad-4a1a-b5d5-9bc1e0505f30/context[39m
[35m[HTTP][39m [90m{}[39m
[35m[HTTP][39m [37m<-- GET /wd/hub/session/5f2527c2-3bad-4a1a-b5d5-9bc1e0505f30/context [39m[32m200[39m [90m2 ms - 22[39m
[35m[HTTP][39m [90m[39m
[35m[HTTP][39m [37m-->[39m [37mGET[39m [37m/wd/hub/session/5f2527c2-3bad-4a1a-b5d5-9bc1e0505f30/contexts[39m
[35m[HTTP][39m [90m{}[39m
[35m[HTTP][39m [37m<-- GET /wd/hub/session/5f2527c2-3bad-4a1a-b5d5-9bc1e0505f30/contexts [39m[32m200[39m [90m73 ms - 24[39m
[35m[HTTP][39m [90m[39m
[35m[HTTP][39m [37m-->[39m [37mPOST[39m [37m/wd/hub/session/5f2527c2-3bad-4a1a-b5d5-9bc1e0505f30/context[39m
[35m[HTTP][39m [90m{"name":"NATIVE_APP"}[39m
[35m[HTTP][39m [37m<-- POST /wd/hub/session/5f2527c2-3bad-4a1a-b5d5-9bc1e0505f30/context [39m[32m200[39m [90m1 ms - 14[39m
[35m[HTTP][39m [90m[39m
[35m[HTTP][39m [37m-->[39m [37mGET[39m [37m/wd/hub/session/5f2527c2-3bad-4a1a-b5d5-9bc1e0505f30/screenshot[39m
[35m[HTTP][39m [90m{}[39m
[35m[HTTP][39m [37m<-- GET /wd/hub/session/5f2527c2-3bad-4a1a-b5d5-9bc1e0505f30/screenshot [39m[32m200[39m [90m447 ms - 265812[39m
[35m[HTTP][39m [90m[39m
[35m[HTTP][39m [37m-->[39m [37mPOST[39m [37m/wd/hub/session/5f2527c2-3bad-4a1a-b5d5-9bc1e0505f30/context[39m
[35m[HTTP][39m [90m{"name":"NATIVE_APP"}[39m
[35m[HTTP][39m [37m<-- POST /wd/hub/session/5f2527c2-3bad-4a1a-b5d5-9bc1e0505f30/context [39m[32m200[39m [90m2 ms - 14[39m
[35m[HTTP][39m [90m[39m
[35m[HTTP][39m [37m-->[39m [37mPOST[39m [37m/wd/hub/session/5f2527c2-3bad-4a1a-b5d5-9bc1e0505f30/timeouts[39m
[35m[HTTP][39m [90m{"implicit":50}[39m
[35m[HTTP][39m [37m<-- POST /wd/hub/session/5f2527c2-3bad-4a1a-b5d5-9bc1e0505f30/timeouts [39m[32m200[39m [90m1 ms - 14[39m
[35m[HTTP][39m [90m[39m
[35m[HTTP][39m [37m-->[39m [37mGET[39m [37m/wd/hub/session/5f2527c2-3bad-4a1a-b5d5-9bc1e0505f30/window/rect[39m
[35m[HTTP][39m [90m{}[39m
[35m[HTTP][39m [37m<-- GET /wd/hub/session/5f2527c2-3bad-4a1a-b5d5-9bc1e0505f30/window/rect [39m[32m200[39m [90m20 ms - 50[39m
[35m[HTTP][39m [90m[39m
[35m[HTTP][39m [37m-->[39m [37mPOST[39m [37m/wd/hub/session/5f2527c2-3bad-4a1a-b5d5-9bc1e0505f30/elements[39m
[35m[HTTP][39m [90m{"using":"xpath","value":"//*[@class = 'android.widget.TextView' and (@text = '5623 6601 0785' or . = '5623 6601 0785')]"}[39m
[35m[HTTP][39m [37m<-- POST /wd/hub/session/5f2527c2-3bad-4a1a-b5d5-9bc1e0505f30/elements [39m[32m200[39m [90m10179 ms - 139[39m
[35m[HTTP][39m [90m[39m
[35m[HTTP][39m [37m-->[39m [37mGET[39m [37m/wd/hub/session/5f2527c2-3bad-4a1a-b5d5-9bc1e0505f30/element/efa8ff70-f659-4e96-b6f8-64d3121680c0/location[39m
[35m[HTTP][39m [90m{}[39m
[35m[W3C (5f2527c2)][39m Driver proxy active, passing request on via HTTP proxy
[35m[WD Proxy][39m Replacing sessionId 33101705-74bc-432e-ab82-e15a9c972f0e with 5f2527c2-3bad-4a1a-b5d5-9bc1e0505f30
[35m[HTTP][39m [37m<-- GET /wd/hub/session/5f2527c2-3bad-4a1a-b5d5-9bc1e0505f30/element/efa8ff70-f659-4e96-b6f8-64d3121680c0/location [39m[32m200[39m [90m20194 ms - 78[39m
[35m[HTTP][39m [90m[39m
[35m[HTTP][39m [37m-->[39m [37mPOST[39m [37m/wd/hub/session/5f2527c2-3bad-4a1a-b5d5-9bc1e0505f30/timeouts[39m
[35m[HTTP][39m [90m{"implicit":80000}[39m
[35m[HTTP][39m [37m<-- POST /wd/hub/session/5f2527c2-3bad-4a1a-b5d5-9bc1e0505f30/timeouts [39m[32m200[39m [90m1 ms - 14[39m
[35m[HTTP][39m [90m[39m
[35m[HTTP][39m [37m-->[39m [37mPOST[39m [37m/wd/hub/session/5f2527c2-3bad-4a1a-b5d5-9bc1e0505f30/element/efa8ff70-f659-4e96-b6f8-64d3121680c0/click[39m
[35m[HTTP][39m [90m{"id":"efa8ff70-f659-4e96-b6f8-64d3121680c0"}[39m
[35m[HTTP][39m [37m<-- POST /wd/hub/session/5f2527c2-3bad-4a1a-b5d5-9bc1e0505f30/element/efa8ff70-f659-4e96-b6f8-64d3121680c0/click [39m[32m200[39m [90m21224 ms - 14[39m
[35m[HTTP][39m [90m[39m
[35m[HTTP][39m [37m-->[39m [37mPOST[39m [37m/wd/hub/session/5f2527c2-3bad-4a1a-b5d5-9bc1e0505f30/timeouts[39m
[35m[HTTP][39m [90m{"implicit":50}[39m
[35m[HTTP][39m [37m<-- POST /wd/hub/session/5f2527c2-3bad-4a1a-b5d5-9bc1e0505f30/timeouts [39m[32m200[39m [90m1 ms - 14[39m
[35m[HTTP][39m [90m[39m
[35m[HTTP][39m [37m-->[39m [37mGET[39m [37m/wd/hub/session/5f2527c2-3bad-4a1a-b5d5-9bc1e0505f30/window/rect[39m
[35m[HTTP][39m [90m{}[39m
[35m[HTTP][39m [37m<-- GET /wd/hub/session/5f2527c2-3bad-4a1a-b5d5-9bc1e0505f30/window/rect [39m[32m200[39m [90m19 ms - 50[39m
[35m[HTTP][39m [90m[39m
[35m[HTTP][39m [37m-->[39m [37mPOST[39m [37m/wd/hub/session/5f2527c2-3bad-4a1a-b5d5-9bc1e0505f30/elements[39m
[35m[HTTP][39m [90m{"using":"xpath","value":"//*[@class = 'android.widget.TextView' and (@text = 'Enter amount' or . = 'Enter amount')]"}[39m
[35m[HTTP][39m [37m<-- POST /wd/hub/session/5f2527c2-3bad-4a1a-b5d5-9bc1e0505f30/elements [39m[32m200[39m [90m131 ms - 139[39m
[35m[HTTP][39m [90m[39m
[35m[HTTP][39m [37m-->[39m [37mGET[39m [37m/wd/hub/session/5f2527c2-3bad-4a1a-b5d5-9bc1e0505f30/element/367b5832-59e7-46cf-96cd-77dd80fe7528/location[39m
[35m[HTTP][39m [90m{}[39m
[35m[W3C (5f2527c2)][39m Driver proxy active, passing request on via HTTP proxy
[35m[WD Proxy][39m Replacing sessionId 33101705-74bc-432e-ab82-e15a9c972f0e with 5f2527c2-3bad-4a1a-b5d5-9bc1e0505f30
[35m[HTTP][39m [37m<-- GET /wd/hub/session/5f2527c2-3bad-4a1a-b5d5-9bc1e0505f30/element/367b5832-59e7-46cf-96cd-77dd80fe7528/location [39m[32m200[39m [90m20 ms - 78[39m
[35m[HTTP][39m [90m[39m
[35m[HTTP][39m [37m-->[39m [37mPOST[39m [37m/wd/hub/session/5f2527c2-3bad-4a1a-b5d5-9bc1e0505f30/timeouts[39m
[35m[HTTP][39m [90m{"implicit":80000}[39m
[35m[HTTP][39m [37m<-- POST /wd/hub/session/5f2527c2-3bad-4a1a-b5d5-9bc1e0505f30/timeouts [39m[32m200[39m [90m1 ms - 14[39m
[35m[HTTP][39m [90m[39m
[35m[HTTP][39m [37m-->[39m [37mGET[39m [37m/wd/hub/session/5f2527c2-3bad-4a1a-b5d5-9bc1e0505f30/element/367b5832-59e7-46cf-96cd-77dd80fe7528/text[39m
[35m[HTTP][39m [90m{}[39m
[35m[W3C (5f2527c2)][39m Driver proxy active, passing request on via HTTP proxy
[35m[WD Proxy][39m Replacing sessionId 33101705-74bc-432e-ab82-e15a9c972f0e with 5f2527c2-3bad-4a1a-b5d5-9bc1e0505f30
[35m[HTTP][39m [37m<-- GET /wd/hub/session/5f2527c2-3bad-4a1a-b5d5-9bc1e0505f30/element/367b5832-59e7-46cf-96cd-77dd80fe7528/text [39m[32m200[39m [90m25 ms - 75[39m
[35m[HTTP][39m [90m[39m
[35m[HTTP][39m [37m-->[39m [37mPOST[39m [37m/wd/hub/session/5f2527c2-3bad-4a1a-b5d5-9bc1e0505f30/timeouts[39m
[35m[HTTP][39m [90m{"implicit":50}[39m
[35m[HTTP][39m [37m<-- POST /wd/hub/session/5f2527c2-3bad-4a1a-b5d5-9bc1e0505f30/timeouts [39m[32m200[39m [90m2 ms - 14[39m
[35m[HTTP][39m [90m[39m
[35m[HTTP][39m [37m-->[39m [37mGET[39m [37m/wd/hub/session/5f2527c2-3bad-4a1a-b5d5-9bc1e0505f30/window/rect[39m
[35m[HTTP][39m [90m{}[39m
[35m[HTTP][39m [37m<-- GET /wd/hub/session/5f2527c2-3bad-4a1a-b5d5-9bc1e0505f30/window/rect [39m[32m200[39m [90m18 ms - 50[39m
[35m[HTTP][39m [90m[39m
[35m[HTTP][39m [37m-->[39m [37mPOST[39m [37m/wd/hub/session/5f2527c2-3bad-4a1a-b5d5-9bc1e0505f30/elements[39m
[35m[HTTP][39m [90m{"using":"xpath","value":"//*[@class = 'android.widget.TextView' and (@text = '1' or . = '1')]"}[39m
[35m[HTTP][39m [37m<-- POST /wd/hub/session/5f2527c2-3bad-4a1a-b5d5-9bc1e0505f30/elements [39m[32m200[39m [90m141 ms - 139[39m
[35m[HTTP][39m [90m[39m
[35m[HTTP][39m [37m-->[39m [37mGET[39m [37m/wd/hub/session/5f2527c2-3bad-4a1a-b5d5-9bc1e0505f30/element/9f73519f-2823-48b5-af3f-ed205b80a2fe/location[39m
[35m[HTTP][39m [90m{}[39m
[35m[W3C (5f2527c2)][39m Driver proxy active, passing request on via HTTP proxy
[35m[WD Proxy][39m Replacing sessionId 33101705-74bc-432e-ab82-e15a9c972f0e with 5f2527c2-3bad-4a1a-b5d5-9bc1e0505f30
[35m[HTTP][39m [37m<-- GET /wd/hub/session/5f2527c2-3bad-4a1a-b5d5-9bc1e0505f30/element/9f73519f-2823-48b5-af3f-ed205b80a2fe/location [39m[32m200[39m [90m35 ms - 79[39m
[35m[HTTP][39m [90m[39m
[35m[HTTP][39m [37m-->[39m [37mPOST[39m [37m/wd/hub/session/5f2527c2-3bad-4a1a-b5d5-9bc1e0505f30/timeouts[39m
[35m[HTTP][39m [90m{"implicit":80000}[39m
[35m[HTTP][39m [37m<-- POST /wd/hub/session/5f2527c2-3bad-4a1a-b5d5-9bc1e0505f30/timeouts [39m[32m200[39m [90m1 ms - 14[39m
[35m[HTTP][39m [90m[39m
[35m[HTTP][39m [37m-->[39m [37mPOST[39m [37m/wd/hub/session/5f2527c2-3bad-4a1a-b5d5-9bc1e0505f30/element/9f73519f-2823-48b5-af3f-ed205b80a2fe/click[39m
[35m[HTTP][39m [90m{"id":"9f73519f-2823-48b5-af3f-ed205b80a2fe"}[39m
[35m[HTTP][39m [37m<-- POST /wd/hub/session/5f2527c2-3bad-4a1a-b5d5-9bc1e0505f30/element/9f73519f-2823-48b5-af3f-ed205b80a2fe/click [39m[32m200[39m [90m2632 ms - 14[39m
[35m[HTTP][39m [90m[39m
[35m[HTTP][39m [37m-->[39m [37mGET[39m [37m/wd/hub/session/5f2527c2-3bad-4a1a-b5d5-9bc1e0505f30/context[39m
[35m[HTTP][39m [90m{}[39m
[35m[HTTP][39m [37m<-- GET /wd/hub/session/5f2527c2-3bad-4a1a-b5d5-9bc1e0505f30/context [39m[32m200[39m [90m1 ms - 22[39m
[35m[HTTP][39m [90m[39m
[35m[HTTP][39m [37m-->[39m [37mGET[39m [37m/wd/hub/session/5f2527c2-3bad-4a1a-b5d5-9bc1e0505f30/contexts[39m
[35m[HTTP][39m [90m{}[39m
[35m[HTTP][39m [37m<-- GET /wd/hub/session/5f2527c2-3bad-4a1a-b5d5-9bc1e0505f30/contexts [39m[32m200[39m [90m92 ms - 24[39m
[35m[HTTP][39m [90m[39m
[35m[HTTP][39m [37m-->[39m [37mPOST[39m [37m/wd/hub/session/5f2527c2-3bad-4a1a-b5d5-9bc1e0505f30/context[39m
[35m[HTTP][39m [90m{"name":"NATIVE_APP"}[39m
[35m[HTTP][39m [37m<-- POST /wd/hub/session/5f2527c2-3bad-4a1a-b5d5-9bc1e0505f30/context [39m[32m200[39m [90m1 ms - 14[39m
[35m[HTTP][39m [90m[39m
[35m[HTTP][39m [37m-->[39m [37mGET[39m [37m/wd/hub/session/5f2527c2-3bad-4a1a-b5d5-9bc1e0505f30/screenshot[39m
[35m[HTTP][39m [90m{}[39m
[35m[HTTP][39m [37m<-- GET /wd/hub/session/5f2527c2-3bad-4a1a-b5d5-9bc1e0505f30/screenshot [39m[32m200[39m [90m385 ms - 228606[39m
[35m[HTTP][39m [90m[39m
[35m[HTTP][39m [37m-->[39m [37mPOST[39m [37m/wd/hub/session/5f2527c2-3bad-4a1a-b5d5-9bc1e0505f30/context[39m
[35m[HTTP][39m [90m{"name":"NATIVE_APP"}[39m
[35m[HTTP][39m [37m<-- POST /wd/hub/session/5f2527c2-3bad-4a1a-b5d5-9bc1e0505f30/context [39m[32m200[39m [90m1 ms - 14[39m
[35m[HTTP][39m [90m[39m
[35m[HTTP][39m [37m-->[39m [37mPOST[39m [37m/wd/hub/session/5f2527c2-3bad-4a1a-b5d5-9bc1e0505f30/timeouts[39m
[35m[HTTP][39m [90m{"implicit":50}[39m
[35m[HTTP][39m [37m<-- POST /wd/hub/session/5f2527c2-3bad-4a1a-b5d5-9bc1e0505f30/timeouts [39m[32m200[39m [90m1 ms - 14[39m
[35m[HTTP][39m [90m[39m
[35m[HTTP][39m [37m-->[39m [37mGET[39m [37m/wd/hub/session/5f2527c2-3bad-4a1a-b5d5-9bc1e0505f30/window/rect[39m
[35m[HTTP][39m [90m{}[39m
[35m[HTTP][39m [37m<-- GET /wd/hub/session/5f2527c2-3bad-4a1a-b5d5-9bc1e0505f30/window/rect [39m[32m200[39m [90m23 ms - 50[39m
[35m[HTTP][39m [90m[39m
[35m[HTTP][39m [37m-->[39m [37mPOST[39m [37m/wd/hub/session/5f2527c2-3bad-4a1a-b5d5-9bc1e0505f30/elements[39m
[35m[HTTP][39m [90m{"using":"xpath","value":"//hierarchy/android.widget.FrameLayout[1]/android.widget.LinearLayout[1]/android.widget.FrameLayout[1]/android.widget.LinearLayout[1]/android.widget.FrameLayout[1]/android.widget.FrameLayout[1]/android.view.ViewGroup[1]/android.view.ViewGroup[1]/android.view.ViewGroup[1]/android.view.ViewGroup[1]/android.view.ViewGroup[1]/android.widget.FrameLayout[1]/android.view.ViewGroup[1]/android.view.ViewGroup[1]/android.view.ViewGroup[1]/android.view.ViewGroup[1]/android.view.ViewGroup[1]/android.view.ViewGroup[1]/android.widget.FrameLayout[1]/android.view.ViewGroup[1]/android.view.ViewGroup[1]/android.view.ViewGroup[1]/android.view.ViewGroup[1]/android.view.ViewGroup[1]/android.view.ViewGroup[1]/android.view.ViewGroup[1]/android.view.ViewGroup[2]/android.view.ViewGroup[12]/android.widget.ImageView[1]"}[39m
[35m[HTTP][39m [37m<-- POST /wd/hub/session/5f2527c2-3bad-4a1a-b5d5-9bc1e0505f30/elements [39m[32m200[39m [90m161 ms - 139[39m
[35m[HTTP][39m [90m[39m
[35m[HTTP][39m [37m-->[39m [37mGET[39m [37m/wd/hub/session/5f2527c2-3bad-4a1a-b5d5-9bc1e0505f30/element/07f35a84-e455-41a1-8561-ddb662e7ed5e/location[39m
[35m[HTTP][39m [90m{}[39m
[35m[W3C (5f2527c2)][39m Driver proxy active, passing request on via HTTP proxy
[35m[WD Proxy][39m Replacing sessionId 33101705-74bc-432e-ab82-e15a9c972f0e with 5f2527c2-3bad-4a1a-b5d5-9bc1e0505f30
[35m[HTTP][39m [37m<-- GET /wd/hub/session/5f2527c2-3bad-4a1a-b5d5-9bc1e0505f30/element/07f35a84-e455-41a1-8561-ddb662e7ed5e/location [39m[32m200[39m [90m26 ms - 79[39m
[35m[HTTP][39m [90m[39m
[35m[HTTP][39m [37m-->[39m [37mPOST[39m [37m/wd/hub/session/5f2527c2-3bad-4a1a-b5d5-9bc1e0505f30/timeouts[39m
[35m[HTTP][39m [90m{"implicit":80000}[39m
[35m[HTTP][39m [37m<-- POST /wd/hub/session/5f2527c2-3bad-4a1a-b5d5-9bc1e0505f30/timeouts [39m[32m200[39m [90m5 ms - 14[39m
[35m[HTTP][39m [90m[39m
[35m[HTTP][39m [37m-->[39m [37mPOST[39m [37m/wd/hub/session/5f2527c2-3bad-4a1a-b5d5-9bc1e0505f30/element/07f35a84-e455-41a1-8561-ddb662e7ed5e/click[39m
[35m[HTTP][39m [90m{"id":"07f35a84-e455-41a1-8561-ddb662e7ed5e"}[39m
[35m[HTTP][39m [37m<-- POST /wd/hub/session/5f2527c2-3bad-4a1a-b5d5-9bc1e0505f30/element/07f35a84-e455-41a1-8561-ddb662e7ed5e/click [39m[32m200[39m [90m99 ms - 14[39m
[35m[HTTP][39m [90m[39m
[35m[HTTP][39m [37m-->[39m [37mPOST[39m [37m/wd/hub/session/5f2527c2-3bad-4a1a-b5d5-9bc1e0505f30/timeouts[39m
[35m[HTTP][39m [90m{"implicit":50}[39m
[35m[HTTP][39m [37m<-- POST /wd/hub/session/5f2527c2-3bad-4a1a-b5d5-9bc1e0505f30/timeouts [39m[32m200[39m [90m6 ms - 14[39m
[35m[HTTP][39m [90m[39m
[35m[HTTP][39m [37m-->[39m [37mGET[39m [37m/wd/hub/session/5f2527c2-3bad-4a1a-b5d5-9bc1e0505f30/window/rect[39m
[35m[HTTP][39m [90m{}[39m
[35m[HTTP][39m [37m<-- GET /wd/hub/session/5f2527c2-3bad-4a1a-b5d5-9bc1e0505f30/window/rect [39m[32m200[39m [90m23 ms - 50[39m
[35m[HTTP][39m [90m[39m
[35m[HTTP][39m [37m-->[39m [37mPOST[39m [37m/wd/hub/session/5f2527c2-3bad-4a1a-b5d5-9bc1e0505f30/elements[39m
[35m[HTTP][39m [90m{"using":"xpath","value":"//*[@class = 'android.widget.TextView' and (@text = 'Enter recipient reference' or . = 'Enter recipient reference')]"}[39m
[35m[HTTP][39m [37m<-- POST /wd/hub/session/5f2527c2-3bad-4a1a-b5d5-9bc1e0505f30/elements [39m[32m200[39m [90m2000 ms - 139[39m
[35m[HTTP][39m [90m[39m
[35m[HTTP][39m [37m-->[39m [37mGET[39m [37m/wd/hub/session/5f2527c2-3bad-4a1a-b5d5-9bc1e0505f30/element/97ff1d1c-8d33-4452-a3b8-8b76d595e78c/location[39m
[35m[HTTP][39m [90m{}[39m
[35m[W3C (5f2527c2)][39m Driver proxy active, passing request on via HTTP proxy
[35m[WD Proxy][39m Replacing sessionId 33101705-74bc-432e-ab82-e15a9c972f0e with 5f2527c2-3bad-4a1a-b5d5-9bc1e0505f30
[35m[HTTP][39m [37m<-- GET /wd/hub/session/5f2527c2-3bad-4a1a-b5d5-9bc1e0505f30/element/97ff1d1c-8d33-4452-a3b8-8b76d595e78c/location [39m[32m200[39m [90m29 ms - 77[39m
[35m[HTTP][39m [90m[39m
[35m[HTTP][39m [37m-->[39m [37mPOST[39m [37m/wd/hub/session/5f2527c2-3bad-4a1a-b5d5-9bc1e0505f30/timeouts[39m
[35m[HTTP][39m [90m{"implicit":80000}[39m
[35m[HTTP][39m [37m<-- POST /wd/hub/session/5f2527c2-3bad-4a1a-b5d5-9bc1e0505f30/timeouts [39m[32m200[39m [90m1 ms - 14[39m
[35m[HTTP][39m [90m[39m
[35m[HTTP][39m [37m-->[39m [37mGET[39m [37m/wd/hub/session/5f2527c2-3bad-4a1a-b5d5-9bc1e0505f30/element/97ff1d1c-8d33-4452-a3b8-8b76d595e78c/text[39m
[35m[HTTP][39m [90m{}[39m
[35m[W3C (5f2527c2)][39m Driver proxy active, passing request on via HTTP proxy
[35m[WD Proxy][39m Replacing sessionId 33101705-74bc-432e-ab82-e15a9c972f0e with 5f2527c2-3bad-4a1a-b5d5-9bc1e0505f30
[35m[HTTP][39m [37m<-- GET /wd/hub/session/5f2527c2-3bad-4a1a-b5d5-9bc1e0505f30/element/97ff1d1c-8d33-4452-a3b8-8b76d595e78c/text [39m[32m200[39m [90m19 ms - 88[39m
[35m[HTTP][39m [90m[39m
[35m[HTTP][39m [37m-->[39m [37mPOST[39m [37m/wd/hub/session/5f2527c2-3bad-4a1a-b5d5-9bc1e0505f30/timeouts[39m
[35m[HTTP][39m [90m{"implicit":50}[39m
[35m[HTTP][39m [37m<-- POST /wd/hub/session/5f2527c2-3bad-4a1a-b5d5-9bc1e0505f30/timeouts [39m[32m200[39m [90m2 ms - 14[39m
[35m[HTTP][39m [90m[39m
[35m[HTTP][39m [37m-->[39m [37mGET[39m [37m/wd/hub/session/5f2527c2-3bad-4a1a-b5d5-9bc1e0505f30/window/rect[39m
[35m[HTTP][39m [90m{}[39m
[35m[HTTP][39m [37m<-- GET /wd/hub/session/5f2527c2-3bad-4a1a-b5d5-9bc1e0505f30/window/rect [39m[32m200[39m [90m13 ms - 50[39m
[35m[HTTP][39m [90m[39m
[35m[HTTP][39m [37m-->[39m [37mPOST[39m [37m/wd/hub/session/5f2527c2-3bad-4a1a-b5d5-9bc1e0505f30/elements[39m
[35m[HTTP][39m [90m{"using":"xpath","value":"//*[@class = 'android.widget.EditText' and (@text = '' or . = '')]"}[39m
[35m[HTTP][39m [37m<-- POST /wd/hub/session/5f2527c2-3bad-4a1a-b5d5-9bc1e0505f30/elements [39m[32m200[39m [90m102 ms - 139[39m
[35m[HTTP][39m [90m[39m
[35m[HTTP][39m [37m-->[39m [37mGET[39m [37m/wd/hub/session/5f2527c2-3bad-4a1a-b5d5-9bc1e0505f30/element/00089ba3-04a1-4ea0-ae12-f9a7ffbf6aec/location[39m
[35m[HTTP][39m [90m{}[39m
[35m[W3C (5f2527c2)][39m Driver proxy active, passing request on via HTTP proxy
[35m[WD Proxy][39m Replacing sessionId 33101705-74bc-432e-ab82-e15a9c972f0e with 5f2527c2-3bad-4a1a-b5d5-9bc1e0505f30
[35m[HTTP][39m [37m<-- GET /wd/hub/session/5f2527c2-3bad-4a1a-b5d5-9bc1e0505f30/element/00089ba3-04a1-4ea0-ae12-f9a7ffbf6aec/location [39m[32m200[39m [90m30 ms - 77[39m
[35m[HTTP][39m [90m[39m
[35m[HTTP][39m [37m-->[39m [37mPOST[39m [37m/wd/hub/session/5f2527c2-3bad-4a1a-b5d5-9bc1e0505f30/timeouts[39m
[35m[HTTP][39m [90m{"implicit":80000}[39m
[35m[HTTP][39m [37m<-- POST /wd/hub/session/5f2527c2-3bad-4a1a-b5d5-9bc1e0505f30/timeouts [39m[32m200[39m [90m2 ms - 14[39m
[35m[HTTP][39m [90m[39m
[35m[HTTP][39m [37m-->[39m [37mPOST[39m [37m/wd/hub/session/5f2527c2-3bad-4a1a-b5d5-9bc1e0505f30/element/00089ba3-04a1-4ea0-ae12-f9a7ffbf6aec/clear[39m
[35m[HTTP][39m [90m{"id":"00089ba3-04a1-4ea0-ae12-f9a7ffbf6aec"}[39m
[35m[HTTP][39m [37m<-- POST /wd/hub/session/5f2527c2-3bad-4a1a-b5d5-9bc1e0505f30/element/00089ba3-04a1-4ea0-ae12-f9a7ffbf6aec/clear [39m[32m200[39m [90m40 ms - 14[39m
[35m[HTTP][39m [90m[39m
[35m[HTTP][39m [37m-->[39m [37mPOST[39m [37m/wd/hub/session/5f2527c2-3bad-4a1a-b5d5-9bc1e0505f30/element/00089ba3-04a1-4ea0-ae12-f9a7ffbf6aec/value[39m
[35m[HTTP][39m [90m{"id":"00089ba3-04a1-4ea0-ae12-f9a7ffbf6aec","text":"samuat06","value":["s","a","m","u","a","t","0","6"]}[39m
[35m[HTTP][39m [37m<-- POST /wd/hub/session/5f2527c2-3bad-4a1a-b5d5-9bc1e0505f30/element/00089ba3-04a1-4ea0-ae12-f9a7ffbf6aec/value [39m[32m200[39m [90m661 ms - 14[39m
[35m[HTTP][39m [90m[39m
[35m[HTTP][39m [37m-->[39m [37mGET[39m [37m/wd/hub/session/5f2527c2-3bad-4a1a-b5d5-9bc1e0505f30/context[39m
[35m[HTTP][39m [90m{}[39m
[35m[HTTP][39m [37m<-- GET /wd/hub/session/5f2527c2-3bad-4a1a-b5d5-9bc1e0505f30/context [39m[32m200[39m [90m1 ms - 22[39m
[35m[HTTP][39m [90m[39m
[35m[HTTP][39m [37m-->[39m [37mGET[39m [37m/wd/hub/session/5f2527c2-3bad-4a1a-b5d5-9bc1e0505f30/contexts[39m
[35m[HTTP][39m [90m{}[39m
[35m[HTTP][39m [37m<-- GET /wd/hub/session/5f2527c2-3bad-4a1a-b5d5-9bc1e0505f30/contexts [39m[32m200[39m [90m112 ms - 24[39m
[35m[HTTP][39m [90m[39m
[35m[HTTP][39m [37m-->[39m [37mPOST[39m [37m/wd/hub/session/5f2527c2-3bad-4a1a-b5d5-9bc1e0505f30/context[39m
[35m[HTTP][39m [90m{"name":"NATIVE_APP"}[39m
[35m[HTTP][39m [37m<-- POST /wd/hub/session/5f2527c2-3bad-4a1a-b5d5-9bc1e0505f30/context [39m[32m200[39m [90m1 ms - 14[39m
[35m[HTTP][39m [90m[39m
[35m[HTTP][39m [37m-->[39m [37mGET[39m [37m/wd/hub/session/5f2527c2-3bad-4a1a-b5d5-9bc1e0505f30/screenshot[39m
[35m[HTTP][39m [90m{}[39m
[35m[HTTP][39m [37m<-- GET /wd/hub/session/5f2527c2-3bad-4a1a-b5d5-9bc1e0505f30/screenshot [39m[32m200[39m [90m331 ms - 257532[39m
[35m[HTTP][39m [90m[39m
[35m[HTTP][39m [37m-->[39m [37mPOST[39m [37m/wd/hub/session/5f2527c2-3bad-4a1a-b5d5-9bc1e0505f30/context[39m
[35m[HTTP][39m [90m{"name":"NATIVE_APP"}[39m
[35m[HTTP][39m [37m<-- POST /wd/hub/session/5f2527c2-3bad-4a1a-b5d5-9bc1e0505f30/context [39m[32m200[39m [90m1 ms - 14[39m
[35m[HTTP][39m [90m[39m
[35m[HTTP][39m [37m-->[39m [37mGET[39m [37m/wd/hub/session/5f2527c2-3bad-4a1a-b5d5-9bc1e0505f30/context[39m
[35m[HTTP][39m [90m{}[39m
[35m[HTTP][39m [37m<-- GET /wd/hub/session/5f2527c2-3bad-4a1a-b5d5-9bc1e0505f30/context [39m[32m200[39m [90m1 ms - 22[39m
[35m[HTTP][39m [90m[39m
[35m[HTTP][39m [37m-->[39m [37mGET[39m [37m/wd/hub/session/5f2527c2-3bad-4a1a-b5d5-9bc1e0505f30/contexts[39m
[35m[HTTP][39m [90m{}[39m
[35m[HTTP][39m [37m<-- GET /wd/hub/session/5f2527c2-3bad-4a1a-b5d5-9bc1e0505f30/contexts [39m[32m200[39m [90m64 ms - 24[39m
[35m[HTTP][39m [90m[39m
[35m[HTTP][39m [37m-->[39m [37mPOST[39m [37m/wd/hub/session/5f2527c2-3bad-4a1a-b5d5-9bc1e0505f30/context[39m
[35m[HTTP][39m [90m{"name":"NATIVE_APP"}[39m
[35m[HTTP][39m [37m<-- POST /wd/hub/session/5f2527c2-3bad-4a1a-b5d5-9bc1e0505f30/context [39m[32m200[39m [90m1 ms - 14[39m
[35m[HTTP][39m [90m[39m
[35m[HTTP][39m [37m-->[39m [37mPOST[39m [37m/wd/hub/session/5f2527c2-3bad-4a1a-b5d5-9bc1e0505f30/appium/device/hide_keyboard[39m
[35m[HTTP][39m [90m{}[39m
[35m[HTTP][39m [37m<-- POST /wd/hub/session/5f2527c2-3bad-4a1a-b5d5-9bc1e0505f30/appium/device/hide_keyboard [39m[32m200[39m [90m1300 ms - 14[39m
[35m[HTTP][39m [90m[39m
[35m[HTTP][39m [37m-->[39m [37mPOST[39m [37m/wd/hub/session/5f2527c2-3bad-4a1a-b5d5-9bc1e0505f30/context[39m
[35m[HTTP][39m [90m{"name":"NATIVE_APP"}[39m
[35m[HTTP][39m [37m<-- POST /wd/hub/session/5f2527c2-3bad-4a1a-b5d5-9bc1e0505f30/context [39m[32m200[39m [90m2 ms - 14[39m
[35m[HTTP][39m [90m[39m
[35m[HTTP][39m [37m-->[39m [37mPOST[39m [37m/wd/hub/session/5f2527c2-3bad-4a1a-b5d5-9bc1e0505f30/timeouts[39m
[35m[HTTP][39m [90m{"implicit":50}[39m
[35m[HTTP][39m [37m<-- POST /wd/hub/session/5f2527c2-3bad-4a1a-b5d5-9bc1e0505f30/timeouts [39m[32m200[39m [90m1 ms - 14[39m
[35m[HTTP][39m [90m[39m
[35m[HTTP][39m [37m-->[39m [37mGET[39m [37m/wd/hub/session/5f2527c2-3bad-4a1a-b5d5-9bc1e0505f30/window/rect[39m
[35m[HTTP][39m [90m{}[39m
[35m[HTTP][39m [37m<-- GET /wd/hub/session/5f2527c2-3bad-4a1a-b5d5-9bc1e0505f30/window/rect [39m[32m200[39m [90m31 ms - 50[39m
[35m[HTTP][39m [90m[39m
[35m[HTTP][39m [37m-->[39m [37mPOST[39m [37m/wd/hub/session/5f2527c2-3bad-4a1a-b5d5-9bc1e0505f30/elements[39m
[35m[HTTP][39m [90m{"using":"xpath","value":"//*[@class = 'android.widget.TextView' and (@text = 'Continue' or . = 'Continue')]"}[39m
[35m[HTTP][39m [37m<-- POST /wd/hub/session/5f2527c2-3bad-4a1a-b5d5-9bc1e0505f30/elements [39m[32m200[39m [90m96 ms - 139[39m
[35m[HTTP][39m [90m[39m
[35m[HTTP][39m [37m-->[39m [37mGET[39m [37m/wd/hub/session/5f2527c2-3bad-4a1a-b5d5-9bc1e0505f30/element/48b09ea4-35ec-4f87-8f10-d57b93948d84/location[39m
[35m[HTTP][39m [90m{}[39m
[35m[W3C (5f2527c2)][39m Driver proxy active, passing request on via HTTP proxy
[35m[WD Proxy][39m Replacing sessionId 33101705-74bc-432e-ab82-e15a9c972f0e with 5f2527c2-3bad-4a1a-b5d5-9bc1e0505f30
[35m[HTTP][39m [37m<-- GET /wd/hub/session/5f2527c2-3bad-4a1a-b5d5-9bc1e0505f30/element/48b09ea4-35ec-4f87-8f10-d57b93948d84/location [39m[32m200[39m [90m20 ms - 79[39m
[35m[HTTP][39m [90m[39m
[35m[HTTP][39m [37m-->[39m [37mPOST[39m [37m/wd/hub/session/5f2527c2-3bad-4a1a-b5d5-9bc1e0505f30/timeouts[39m
[35m[HTTP][39m [90m{"implicit":80000}[39m
[35m[HTTP][39m [37m<-- POST /wd/hub/session/5f2527c2-3bad-4a1a-b5d5-9bc1e0505f30/timeouts [39m[32m200[39m [90m2 ms - 14[39m
[35m[HTTP][39m [90m[39m
[35m[HTTP][39m [37m-->[39m [37mGET[39m [37m/wd/hub/session/5f2527c2-3bad-4a1a-b5d5-9bc1e0505f30/element/48b09ea4-35ec-4f87-8f10-d57b93948d84/text[39m
[35m[HTTP][39m [90m{}[39m
[35m[W3C (5f2527c2)][39m Driver proxy active, passing request on via HTTP proxy
[35m[WD Proxy][39m Replacing sessionId 33101705-74bc-432e-ab82-e15a9c972f0e with 5f2527c2-3bad-4a1a-b5d5-9bc1e0505f30
[35m[HTTP][39m [37m<-- GET /wd/hub/session/5f2527c2-3bad-4a1a-b5d5-9bc1e0505f30/element/48b09ea4-35ec-4f87-8f10-d57b93948d84/text [39m[32m200[39m [90m20 ms - 71[39m
[35m[HTTP][39m [90m[39m
[35m[HTTP][39m [37m-->[39m [37mGET[39m [37m/wd/hub/session/5f2527c2-3bad-4a1a-b5d5-9bc1e0505f30/context[39m
[35m[HTTP][39m [90m{}[39m
[35m[HTTP][39m [37m<-- GET /wd/hub/session/5f2527c2-3bad-4a1a-b5d5-9bc1e0505f30/context [39m[32m200[39m [90m1 ms - 22[39m
[35m[HTTP][39m [90m[39m
[35m[HTTP][39m [37m-->[39m [37mGET[39m [37m/wd/hub/session/5f2527c2-3bad-4a1a-b5d5-9bc1e0505f30/contexts[39m
[35m[HTTP][39m [90m{}[39m
[35m[HTTP][39m [37m<-- GET /wd/hub/session/5f2527c2-3bad-4a1a-b5d5-9bc1e0505f30/contexts [39m[32m200[39m [90m53 ms - 24[39m
[35m[HTTP][39m [90m[39m
[35m[HTTP][39m [37m-->[39m [37mPOST[39m [37m/wd/hub/session/5f2527c2-3bad-4a1a-b5d5-9bc1e0505f30/context[39m
[35m[HTTP][39m [90m{"name":"NATIVE_APP"}[39m
[35m[HTTP][39m [37m<-- POST /wd/hub/session/5f2527c2-3bad-4a1a-b5d5-9bc1e0505f30/context [39m[32m200[39m [90m7 ms - 14[39m
[35m[HTTP][39m [90m[39m
[35m[HTTP][39m [37m-->[39m [37mGET[39m [37m/wd/hub/session/5f2527c2-3bad-4a1a-b5d5-9bc1e0505f30/screenshot[39m
[35m[HTTP][39m [90m{}[39m
[35m[HTTP][39m [37m<-- GET /wd/hub/session/5f2527c2-3bad-4a1a-b5d5-9bc1e0505f30/screenshot [39m[32m200[39m [90m304 ms - 182304[39m
[35m[HTTP][39m [90m[39m
[35m[HTTP][39m [37m-->[39m [37mPOST[39m [37m/wd/hub/session/5f2527c2-3bad-4a1a-b5d5-9bc1e0505f30/context[39m
[35m[HTTP][39m [90m{"name":"NATIVE_APP"}[39m
[35m[HTTP][39m [37m<-- POST /wd/hub/session/5f2527c2-3bad-4a1a-b5d5-9bc1e0505f30/context [39m[32m200[39m [90m1 ms - 14[39m
[35m[HTTP][39m [90m[39m
[35m[HTTP][39m [37m-->[39m [37mPOST[39m [37m/wd/hub/session/5f2527c2-3bad-4a1a-b5d5-9bc1e0505f30/timeouts[39m
[35m[HTTP][39m [90m{"implicit":50}[39m
[35m[HTTP][39m [37m<-- POST /wd/hub/session/5f2527c2-3bad-4a1a-b5d5-9bc1e0505f30/timeouts [39m[32m200[39m [90m1 ms - 14[39m
[35m[HTTP][39m [90m[39m
[35m[HTTP][39m [37m-->[39m [37mGET[39m [37m/wd/hub/session/5f2527c2-3bad-4a1a-b5d5-9bc1e0505f30/window/rect[39m
[35m[HTTP][39m [90m{}[39m
[35m[HTTP][39m [37m<-- GET /wd/hub/session/5f2527c2-3bad-4a1a-b5d5-9bc1e0505f30/window/rect [39m[32m200[39m [90m20 ms - 50[39m
[35m[HTTP][39m [90m[39m
[35m[HTTP][39m [37m-->[39m [37mPOST[39m [37m/wd/hub/session/5f2527c2-3bad-4a1a-b5d5-9bc1e0505f30/elements[39m
[35m[HTTP][39m [90m{"using":"xpath","value":"//*[@class = 'android.widget.TextView' and (@text = 'Continue' or . = 'Continue')]"}[39m
[35m[HTTP][39m [37m<-- POST /wd/hub/session/5f2527c2-3bad-4a1a-b5d5-9bc1e0505f30/elements [39m[32m200[39m [90m94 ms - 139[39m
[35m[HTTP][39m [90m[39m
[35m[HTTP][39m [37m-->[39m [37mGET[39m [37m/wd/hub/session/5f2527c2-3bad-4a1a-b5d5-9bc1e0505f30/element/6ba05fb8-8c87-425f-8b49-37b9baf4b0d9/location[39m
[35m[HTTP][39m [90m{}[39m
[35m[W3C (5f2527c2)][39m Driver proxy active, passing request on via HTTP proxy
[35m[WD Proxy][39m Replacing sessionId 33101705-74bc-432e-ab82-e15a9c972f0e with 5f2527c2-3bad-4a1a-b5d5-9bc1e0505f30
[35m[HTTP][39m [37m<-- GET /wd/hub/session/5f2527c2-3bad-4a1a-b5d5-9bc1e0505f30/element/6ba05fb8-8c87-425f-8b49-37b9baf4b0d9/location [39m[32m200[39m [90m33 ms - 79[39m
[35m[HTTP][39m [90m[39m
[35m[HTTP][39m [37m-->[39m [37mPOST[39m [37m/wd/hub/session/5f2527c2-3bad-4a1a-b5d5-9bc1e0505f30/timeouts[39m
[35m[HTTP][39m [90m{"implicit":80000}[39m
[35m[HTTP][39m [37m<-- POST /wd/hub/session/5f2527c2-3bad-4a1a-b5d5-9bc1e0505f30/timeouts [39m[32m200[39m [90m1 ms - 14[39m
[35m[HTTP][39m [90m[39m
[35m[HTTP][39m [37m-->[39m [37mPOST[39m [37m/wd/hub/session/5f2527c2-3bad-4a1a-b5d5-9bc1e0505f30/element/6ba05fb8-8c87-425f-8b49-37b9baf4b0d9/click[39m
[35m[HTTP][39m [90m{"id":"6ba05fb8-8c87-425f-8b49-37b9baf4b0d9"}[39m
[35m[HTTP][39m [37m<-- POST /wd/hub/session/5f2527c2-3bad-4a1a-b5d5-9bc1e0505f30/element/6ba05fb8-8c87-425f-8b49-37b9baf4b0d9/click [39m[32m200[39m [90m92 ms - 14[39m
[35m[HTTP][39m [90m[39m
[35m[HTTP][39m [37m-->[39m [37mPOST[39m [37m/wd/hub/session/5f2527c2-3bad-4a1a-b5d5-9bc1e0505f30/timeouts[39m
[35m[HTTP][39m [90m{"implicit":50}[39m
[35m[HTTP][39m [37m<-- POST /wd/hub/session/5f2527c2-3bad-4a1a-b5d5-9bc1e0505f30/timeouts [39m[32m200[39m [90m1 ms - 14[39m
[35m[HTTP][39m [90m[39m
[35m[HTTP][39m [37m-->[39m [37mGET[39m [37m/wd/hub/session/5f2527c2-3bad-4a1a-b5d5-9bc1e0505f30/window/rect[39m
[35m[HTTP][39m [90m{}[39m
[35m[HTTP][39m [37m<-- GET /wd/hub/session/5f2527c2-3bad-4a1a-b5d5-9bc1e0505f30/window/rect [39m[32m200[39m [90m21 ms - 50[39m
[35m[HTTP][39m [90m[39m
[35m[HTTP][39m [37m-->[39m [37mPOST[39m [37m/wd/hub/session/5f2527c2-3bad-4a1a-b5d5-9bc1e0505f30/elements[39m
[35m[HTTP][39m [90m{"using":"xpath","value":"//*[@class = 'android.widget.TextView' and (@text = 'Confirmation' or . = 'Confirmation')]"}[39m
[35m[HTTP][39m [37m<-- POST /wd/hub/session/5f2527c2-3bad-4a1a-b5d5-9bc1e0505f30/elements [39m[32m200[39m [90m94 ms - 12[39m
[35m[HTTP][39m [90m[39m
[35m[HTTP][39m [37m-->[39m [37mPOST[39m [37m/wd/hub/session/5f2527c2-3bad-4a1a-b5d5-9bc1e0505f30/elements[39m
[35m[HTTP][39m [90m{"using":"xpath","value":"//*[@class = 'android.widget.TextView' and (@text = 'Confirmation' or . = 'Confirmation')]"}[39m
[35m[HTTP][39m [37m<-- POST /wd/hub/session/5f2527c2-3bad-4a1a-b5d5-9bc1e0505f30/elements [39m[32m200[39m [90m609 ms - 12[39m
[35m[HTTP][39m [90m[39m
[35m[HTTP][39m [37m-->[39m [37mPOST[39m [37m/wd/hub/session/5f2527c2-3bad-4a1a-b5d5-9bc1e0505f30/elements[39m
[35m[HTTP][39m [90m{"using":"xpath","value":"//*[@class = 'android.widget.TextView' and (@text = 'Confirmation' or . = 'Confirmation')]"}[39m
[35m[HTTP][39m [37m<-- POST /wd/hub/session/5f2527c2-3bad-4a1a-b5d5-9bc1e0505f30/elements [39m[32m200[39m [90m1531 ms - 139[39m
[35m[HTTP][39m [90m[39m
[35m[HTTP][39m [37m-->[39m [37mGET[39m [37m/wd/hub/session/5f2527c2-3bad-4a1a-b5d5-9bc1e0505f30/element/df5c4394-b98f-4a62-8062-ffbb3f498cf0/location[39m
[35m[HTTP][39m [90m{}[39m
[35m[W3C (5f2527c2)][39m Driver proxy active, passing request on via HTTP proxy
[35m[WD Proxy][39m Replacing sessionId 33101705-74bc-432e-ab82-e15a9c972f0e with 5f2527c2-3bad-4a1a-b5d5-9bc1e0505f30
[35m[HTTP][39m [37m<-- GET /wd/hub/session/5f2527c2-3bad-4a1a-b5d5-9bc1e0505f30/element/df5c4394-b98f-4a62-8062-ffbb3f498cf0/location [39m[32m200[39m [90m26 ms - 78[39m
[35m[HTTP][39m [90m[39m
[35m[HTTP][39m [37m-->[39m [37mPOST[39m [37m/wd/hub/session/5f2527c2-3bad-4a1a-b5d5-9bc1e0505f30/timeouts[39m
[35m[HTTP][39m [90m{"implicit":80000}[39m
[35m[HTTP][39m [37m<-- POST /wd/hub/session/5f2527c2-3bad-4a1a-b5d5-9bc1e0505f30/timeouts [39m[32m200[39m [90m6 ms - 14[39m
[35m[HTTP][39m [90m[39m
[35m[HTTP][39m [37m-->[39m [37mGET[39m [37m/wd/hub/session/5f2527c2-3bad-4a1a-b5d5-9bc1e0505f30/element/df5c4394-b98f-4a62-8062-ffbb3f498cf0/text[39m
[35m[HTTP][39m [90m{}[39m
[35m[W3C (5f2527c2)][39m Driver proxy active, passing request on via HTTP proxy
[35m[WD Proxy][39m Replacing sessionId 33101705-74bc-432e-ab82-e15a9c972f0e with 5f2527c2-3bad-4a1a-b5d5-9bc1e0505f30
[35m[HTTP][39m [37m<-- GET /wd/hub/session/5f2527c2-3bad-4a1a-b5d5-9bc1e0505f30/element/df5c4394-b98f-4a62-8062-ffbb3f498cf0/text [39m[32m200[39m [90m28 ms - 75[39m
[35m[HTTP][39m [90m[39m
[35m[HTTP][39m [37m-->[39m [37mPOST[39m [37m/wd/hub/session/5f2527c2-3bad-4a1a-b5d5-9bc1e0505f30/timeouts[39m
[35m[HTTP][39m [90m{"implicit":50}[39m
[35m[HTTP][39m [37m<-- POST /wd/hub/session/5f2527c2-3bad-4a1a-b5d5-9bc1e0505f30/timeouts [39m[32m200[39m [90m1 ms - 14[39m
[35m[HTTP][39m [90m[39m
[35m[HTTP][39m [37m-->[39m [37mGET[39m [37m/wd/hub/session/5f2527c2-3bad-4a1a-b5d5-9bc1e0505f30/window/rect[39m
[35m[HTTP][39m [90m{}[39m
[35m[HTTP][39m [37m<-- GET /wd/hub/session/5f2527c2-3bad-4a1a-b5d5-9bc1e0505f30/window/rect [39m[32m200[39m [90m17 ms - 50[39m
[35m[HTTP][39m [90m[39m
[35m[HTTP][39m [37m-->[39m [37mPOST[39m [37m/wd/hub/session/5f2527c2-3bad-4a1a-b5d5-9bc1e0505f30/elements[39m
[35m[HTTP][39m [90m{"using":"xpath","value":"//*[@class = 'android.widget.TextView' and (@text = 'Transfer Now' or . = 'Transfer Now')]"}[39m
[35m[HTTP][39m [37m<-- POST /wd/hub/session/5f2527c2-3bad-4a1a-b5d5-9bc1e0505f30/elements [39m[32m200[39m [90m109 ms - 139[39m
[35m[HTTP][39m [90m[39m
[35m[HTTP][39m [37m-->[39m [37mGET[39m [37m/wd/hub/session/5f2527c2-3bad-4a1a-b5d5-9bc1e0505f30/element/1096b2b5-84e1-40c7-b37a-db799d5fa668/location[39m
[35m[HTTP][39m [90m{}[39m
[35m[W3C (5f2527c2)][39m Driver proxy active, passing request on via HTTP proxy
[35m[WD Proxy][39m Replacing sessionId 33101705-74bc-432e-ab82-e15a9c972f0e with 5f2527c2-3bad-4a1a-b5d5-9bc1e0505f30
[35m[HTTP][39m [37m<-- GET /wd/hub/session/5f2527c2-3bad-4a1a-b5d5-9bc1e0505f30/element/1096b2b5-84e1-40c7-b37a-db799d5fa668/location [39m[32m200[39m [90m25 ms - 79[39m
[35m[HTTP][39m [90m[39m
[35m[HTTP][39m [37m-->[39m [37mPOST[39m [37m/wd/hub/session/5f2527c2-3bad-4a1a-b5d5-9bc1e0505f30/timeouts[39m
[35m[HTTP][39m [90m{"implicit":80000}[39m
[35m[HTTP][39m [37m<-- POST /wd/hub/session/5f2527c2-3bad-4a1a-b5d5-9bc1e0505f30/timeouts [39m[32m200[39m [90m1 ms - 14[39m
[35m[HTTP][39m [90m[39m
[35m[HTTP][39m [37m-->[39m [37mGET[39m [37m/wd/hub/session/5f2527c2-3bad-4a1a-b5d5-9bc1e0505f30/element/1096b2b5-84e1-40c7-b37a-db799d5fa668/text[39m
[35m[HTTP][39m [90m{}[39m
[35m[W3C (5f2527c2)][39m Driver proxy active, passing request on via HTTP proxy
[35m[WD Proxy][39m Replacing sessionId 33101705-74bc-432e-ab82-e15a9c972f0e with 5f2527c2-3bad-4a1a-b5d5-9bc1e0505f30
[35m[HTTP][39m [37m<-- GET /wd/hub/session/5f2527c2-3bad-4a1a-b5d5-9bc1e0505f30/element/1096b2b5-84e1-40c7-b37a-db799d5fa668/text [39m[32m200[39m [90m14 ms - 75[39m
[35m[HTTP][39m [90m[39m
[35m[HTTP][39m [37m-->[39m [37mGET[39m [37m/wd/hub/session/5f2527c2-3bad-4a1a-b5d5-9bc1e0505f30/context[39m
[35m[HTTP][39m [90m{}[39m
[35m[HTTP][39m [37m<-- GET /wd/hub/session/5f2527c2-3bad-4a1a-b5d5-9bc1e0505f30/context [39m[32m200[39m [90m1 ms - 22[39m
[35m[HTTP][39m [90m[39m
[35m[HTTP][39m [37m-->[39m [37mGET[39m [37m/wd/hub/session/5f2527c2-3bad-4a1a-b5d5-9bc1e0505f30/contexts[39m
[35m[HTTP][39m [90m{}[39m
[35m[HTTP][39m [37m<-- GET /wd/hub/session/5f2527c2-3bad-4a1a-b5d5-9bc1e0505f30/contexts [39m[32m200[39m [90m66 ms - 24[39m
[35m[HTTP][39m [90m[39m
[35m[HTTP][39m [37m-->[39m [37mPOST[39m [37m/wd/hub/session/5f2527c2-3bad-4a1a-b5d5-9bc1e0505f30/context[39m
[35m[HTTP][39m [90m{"name":"NATIVE_APP"}[39m
[35m[HTTP][39m [37m<-- POST /wd/hub/session/5f2527c2-3bad-4a1a-b5d5-9bc1e0505f30/context [39m[32m200[39m [90m3 ms - 14[39m
[35m[HTTP][39m [90m[39m
[35m[HTTP][39m [37m-->[39m [37mGET[39m [37m/wd/hub/session/5f2527c2-3bad-4a1a-b5d5-9bc1e0505f30/screenshot[39m
[35m[HTTP][39m [90m{}[39m
[35m[HTTP][39m [37m<-- GET /wd/hub/session/5f2527c2-3bad-4a1a-b5d5-9bc1e0505f30/screenshot [39m[32m200[39m [90m334 ms - 295178[39m
[35m[HTTP][39m [90m[39m
[35m[HTTP][39m [37m-->[39m [37mPOST[39m [37m/wd/hub/session/5f2527c2-3bad-4a1a-b5d5-9bc1e0505f30/context[39m
[35m[HTTP][39m [90m{"name":"NATIVE_APP"}[39m
[35m[HTTP][39m [37m<-- POST /wd/hub/session/5f2527c2-3bad-4a1a-b5d5-9bc1e0505f30/context [39m[32m200[39m [90m1 ms - 14[39m
[35m[HTTP][39m [90m[39m
[35m[HTTP][39m [37m-->[39m [37mPOST[39m [37m/wd/hub/session/5f2527c2-3bad-4a1a-b5d5-9bc1e0505f30/timeouts[39m
[35m[HTTP][39m [90m{"implicit":50}[39m
[35m[HTTP][39m [37m<-- POST /wd/hub/session/5f2527c2-3bad-4a1a-b5d5-9bc1e0505f30/timeouts [39m[32m200[39m [90m1 ms - 14[39m
[35m[HTTP][39m [90m[39m
[35m[HTTP][39m [37m-->[39m [37mGET[39m [37m/wd/hub/session/5f2527c2-3bad-4a1a-b5d5-9bc1e0505f30/window/rect[39m
[35m[HTTP][39m [90m{}[39m
[35m[HTTP][39m [37m<-- GET /wd/hub/session/5f2527c2-3bad-4a1a-b5d5-9bc1e0505f30/window/rect [39m[32m200[39m [90m19 ms - 50[39m
[35m[HTTP][39m [90m[39m
[35m[HTTP][39m [37m-->[39m [37mPOST[39m [37m/wd/hub/session/5f2527c2-3bad-4a1a-b5d5-9bc1e0505f30/elements[39m
[35m[HTTP][39m [90m{"using":"xpath","value":"//*[@class = 'android.widget.TextView' and (@text = 'Transfer Now' or . = 'Transfer Now')]"}[39m
[35m[HTTP][39m [37m<-- POST /wd/hub/session/5f2527c2-3bad-4a1a-b5d5-9bc1e0505f30/elements [39m[32m200[39m [90m149 ms - 139[39m
[35m[HTTP][39m [90m[39m
[35m[HTTP][39m [37m-->[39m [37mGET[39m [37m/wd/hub/session/5f2527c2-3bad-4a1a-b5d5-9bc1e0505f30/element/5fee136b-aea1-4462-bdf5-75dfc055411c/location[39m
[35m[HTTP][39m [90m{}[39m
[35m[W3C (5f2527c2)][39m Driver proxy active, passing request on via HTTP proxy
[35m[WD Proxy][39m Replacing sessionId 33101705-74bc-432e-ab82-e15a9c972f0e with 5f2527c2-3bad-4a1a-b5d5-9bc1e0505f30
[35m[HTTP][39m [37m<-- GET /wd/hub/session/5f2527c2-3bad-4a1a-b5d5-9bc1e0505f30/element/5fee136b-aea1-4462-bdf5-75dfc055411c/location [39m[32m200[39m [90m30 ms - 79[39m
[35m[HTTP][39m [90m[39m
[35m[HTTP][39m [37m-->[39m [37mPOST[39m [37m/wd/hub/session/5f2527c2-3bad-4a1a-b5d5-9bc1e0505f30/timeouts[39m
[35m[HTTP][39m [90m{"implicit":80000}[39m
[35m[HTTP][39m [37m<-- POST /wd/hub/session/5f2527c2-3bad-4a1a-b5d5-9bc1e0505f30/timeouts [39m[32m200[39m [90m1 ms - 14[39m
[35m[HTTP][39m [90m[39m
[35m[HTTP][39m [37m-->[39m [37mPOST[39m [37m/wd/hub/session/5f2527c2-3bad-4a1a-b5d5-9bc1e0505f30/element/5fee136b-aea1-4462-bdf5-75dfc055411c/click[39m
[35m[HTTP][39m [90m{"id":"5fee136b-aea1-4462-bdf5-75dfc055411c"}[39m
[35m[HTTP][39m [37m<-- POST /wd/hub/session/5f2527c2-3bad-4a1a-b5d5-9bc1e0505f30/element/5fee136b-aea1-4462-bdf5-75dfc055411c/click [39m[32m200[39m [90m85 ms - 14[39m
[35m[HTTP][39m [90m[39m
[35m[HTTP][39m [37m-->[39m [37mPOST[39m [37m/wd/hub/session/5f2527c2-3bad-4a1a-b5d5-9bc1e0505f30/timeouts[39m
[35m[HTTP][39m [90m{"implicit":50}[39m
[35m[HTTP][39m [37m<-- POST /wd/hub/session/5f2527c2-3bad-4a1a-b5d5-9bc1e0505f30/timeouts [39m[32m200[39m [90m2 ms - 14[39m
[35m[HTTP][39m [90m[39m
[35m[HTTP][39m [37m-->[39m [37mGET[39m [37m/wd/hub/session/5f2527c2-3bad-4a1a-b5d5-9bc1e0505f30/window/rect[39m
[35m[HTTP][39m [90m{}[39m
[35m[HTTP][39m [37m<-- GET /wd/hub/session/5f2527c2-3bad-4a1a-b5d5-9bc1e0505f30/window/rect [39m[32m200[39m [90m18 ms - 50[39m
[35m[HTTP][39m [90m[39m
[35m[HTTP][39m [37m-->[39m [37mPOST[39m [37m/wd/hub/session/5f2527c2-3bad-4a1a-b5d5-9bc1e0505f30/elements[39m
[35m[HTTP][39m [90m{"using":"xpath","value":"//*[@class = 'android.widget.TextView' and (@text = 'Transfer successful' or . = 'Transfer successful')]"}[39m
[35m[HTTP][39m [37m<-- POST /wd/hub/session/5f2527c2-3bad-4a1a-b5d5-9bc1e0505f30/elements [39m[32m200[39m [90m84 ms - 12[39m
[35m[HTTP][39m [90m[39m
[35m[HTTP][39m [37m-->[39m [37mPOST[39m [37m/wd/hub/session/5f2527c2-3bad-4a1a-b5d5-9bc1e0505f30/elements[39m
[35m[HTTP][39m [90m{"using":"xpath","value":"//*[@class = 'android.widget.TextView' and (@text = 'Transfer successful' or . = 'Transfer successful')]"}[39m
[35m[HTTP][39m [37m<-- POST /wd/hub/session/5f2527c2-3bad-4a1a-b5d5-9bc1e0505f30/elements [39m[32m200[39m [90m696 ms - 12[39m
[35m[HTTP][39m [90m[39m
[35m[HTTP][39m [37m-->[39m [37mPOST[39m [37m/wd/hub/session/5f2527c2-3bad-4a1a-b5d5-9bc1e0505f30/elements[39m
[35m[HTTP][39m [90m{"using":"xpath","value":"//*[@class = 'android.widget.TextView' and (@text = 'Transfer successful' or . = 'Transfer successful')]"}[39m
[35m[HTTP][39m [37m<-- POST /wd/hub/session/5f2527c2-3bad-4a1a-b5d5-9bc1e0505f30/elements [39m[32m200[39m [90m133 ms - 12[39m
[35m[HTTP][39m [90m[39m
[35m[HTTP][39m [37m-->[39m [37mPOST[39m [37m/wd/hub/session/5f2527c2-3bad-4a1a-b5d5-9bc1e0505f30/elements[39m
[35m[HTTP][39m [90m{"using":"xpath","value":"//*[@class = 'android.widget.TextView' and (@text = 'Transfer successful' or . = 'Transfer successful')]"}[39m
[35m[HTTP][39m [37m<-- POST /wd/hub/session/5f2527c2-3bad-4a1a-b5d5-9bc1e0505f30/elements [39m[32m200[39m [90m127 ms - 12[39m
[35m[HTTP][39m [90m[39m
[35m[HTTP][39m [37m-->[39m [37mPOST[39m [37m/wd/hub/session/5f2527c2-3bad-4a1a-b5d5-9bc1e0505f30/elements[39m
[35m[HTTP][39m [90m{"using":"xpath","value":"//*[@class = 'android.widget.TextView' and (@text = 'Transfer successful' or . = 'Transfer successful')]"}[39m
[35m[HTTP][39m [37m<-- POST /wd/hub/session/5f2527c2-3bad-4a1a-b5d5-9bc1e0505f30/elements [39m[32m200[39m [90m153 ms - 12[39m
[35m[HTTP][39m [90m[39m
[35m[HTTP][39m [37m-->[39m [37mPOST[39m [37m/wd/hub/session/5f2527c2-3bad-4a1a-b5d5-9bc1e0505f30/elements[39m
[35m[HTTP][39m [90m{"using":"xpath","value":"//*[@class = 'android.widget.TextView' and (@text = 'Transfer successful' or . = 'Transfer successful')]"}[39m
[35m[HTTP][39m [37m<-- POST /wd/hub/session/5f2527c2-3bad-4a1a-b5d5-9bc1e0505f30/elements [39m[32m200[39m [90m151 ms - 12[39m
[35m[HTTP][39m [90m[39m
[35m[HTTP][39m [37m-->[39m [37mPOST[39m [37m/wd/hub/session/5f2527c2-3bad-4a1a-b5d5-9bc1e0505f30/elements[39m
[35m[HTTP][39m [90m{"using":"xpath","value":"//*[@class = 'android.widget.TextView' and (@text = 'Transfer successful' or . = 'Transfer successful')]"}[39m
[35m[HTTP][39m [37m<-- POST /wd/hub/session/5f2527c2-3bad-4a1a-b5d5-9bc1e0505f30/elements [39m[32m200[39m [90m134 ms - 12[39m
[35m[HTTP][39m [90m[39m
[35m[HTTP][39m [37m-->[39m [37mPOST[39m [37m/wd/hub/session/5f2527c2-3bad-4a1a-b5d5-9bc1e0505f30/elements[39m
[35m[HTTP][39m [90m{"using":"xpath","value":"//*[@class = 'android.widget.TextView' and (@text = 'Transfer successful' or . = 'Transfer successful')]"}[39m
[35m[HTTP][39m [37m<-- POST /wd/hub/session/5f2527c2-3bad-4a1a-b5d5-9bc1e0505f30/elements [39m[32m200[39m [90m150 ms - 12[39m
[35m[HTTP][39m [90m[39m
[35m[HTTP][39m [37m-->[39m [37mPOST[39m [37m/wd/hub/session/5f2527c2-3bad-4a1a-b5d5-9bc1e0505f30/elements[39m
[35m[HTTP][39m [90m{"using":"xpath","value":"//*[@class = 'android.widget.TextView' and (@text = 'Transfer successful' or . = 'Transfer successful')]"}[39m
[35m[HTTP][39m [37m<-- POST /wd/hub/session/5f2527c2-3bad-4a1a-b5d5-9bc1e0505f30/elements [39m[32m200[39m [90m1037 ms - 139[39m
[35m[HTTP][39m [90m[39m
[35m[HTTP][39m [37m-->[39m [37mGET[39m [37m/wd/hub/session/5f2527c2-3bad-4a1a-b5d5-9bc1e0505f30/element/ede73f72-3048-40fa-bf13-e115f5ec61a7/location[39m
[35m[HTTP][39m [90m{}[39m
[35m[W3C (5f2527c2)][39m Driver proxy active, passing request on via HTTP proxy
[35m[WD Proxy][39m Replacing sessionId 33101705-74bc-432e-ab82-e15a9c972f0e with 5f2527c2-3bad-4a1a-b5d5-9bc1e0505f30
[35m[HTTP][39m [37m<-- GET /wd/hub/session/5f2527c2-3bad-4a1a-b5d5-9bc1e0505f30/element/ede73f72-3048-40fa-bf13-e115f5ec61a7/location [39m[32m200[39m [90m19 ms - 78[39m
[35m[HTTP][39m [90m[39m
[35m[HTTP][39m [37m-->[39m [37mPOST[39m [37m/wd/hub/session/5f2527c2-3bad-4a1a-b5d5-9bc1e0505f30/timeouts[39m
[35m[HTTP][39m [90m{"implicit":80000}[39m
[35m[HTTP][39m [37m<-- POST /wd/hub/session/5f2527c2-3bad-4a1a-b5d5-9bc1e0505f30/timeouts [39m[32m200[39m [90m1 ms - 14[39m
[35m[HTTP][39m [90m[39m
[35m[HTTP][39m [37m-->[39m [37mGET[39m [37m/wd/hub/session/5f2527c2-3bad-4a1a-b5d5-9bc1e0505f30/element/ede73f72-3048-40fa-bf13-e115f5ec61a7/text[39m
[35m[HTTP][39m [90m{}[39m
[35m[W3C (5f2527c2)][39m Driver proxy active, passing request on via HTTP proxy
[35m[WD Proxy][39m Replacing sessionId 33101705-74bc-432e-ab82-e15a9c972f0e with 5f2527c2-3bad-4a1a-b5d5-9bc1e0505f30
[35m[HTTP][39m [37m<-- GET /wd/hub/session/5f2527c2-3bad-4a1a-b5d5-9bc1e0505f30/element/ede73f72-3048-40fa-bf13-e115f5ec61a7/text [39m[32m200[39m [90m15 ms - 82[39m
[35m[HTTP][39m [90m[39m
[35m[HTTP][39m [37m-->[39m [37mPOST[39m [37m/wd/hub/session/5f2527c2-3bad-4a1a-b5d5-9bc1e0505f30/timeouts[39m
[35m[HTTP][39m [90m{"implicit":50}[39m
[35m[HTTP][39m [37m<-- POST /wd/hub/session/5f2527c2-3bad-4a1a-b5d5-9bc1e0505f30/timeouts [39m[32m200[39m [90m2 ms - 14[39m
[35m[HTTP][39m [90m[39m
[35m[HTTP][39m [37m-->[39m [37mGET[39m [37m/wd/hub/session/5f2527c2-3bad-4a1a-b5d5-9bc1e0505f30/window/rect[39m
[35m[HTTP][39m [90m{}[39m
[35m[HTTP][39m [37m<-- GET /wd/hub/session/5f2527c2-3bad-4a1a-b5d5-9bc1e0505f30/window/rect [39m[32m200[39m [90m14 ms - 50[39m
[35m[HTTP][39m [90m[39m
[35m[HTTP][39m [37m-->[39m [37mPOST[39m [37m/wd/hub/session/5f2527c2-3bad-4a1a-b5d5-9bc1e0505f30/elements[39m
[35m[HTTP][39m [90m{"using":"xpath","value":"//*[@class = 'android.widget.TextView' and (@text = 'Share Receipt' or . = 'Share Receipt')]"}[39m
[35m[HTTP][39m [37m<-- POST /wd/hub/session/5f2527c2-3bad-4a1a-b5d5-9bc1e0505f30/elements [39m[32m200[39m [90m75 ms - 139[39m
[35m[HTTP][39m [90m[39m
[35m[HTTP][39m [37m-->[39m [37mGET[39m [37m/wd/hub/session/5f2527c2-3bad-4a1a-b5d5-9bc1e0505f30/element/7b6cb6c3-3aa0-445b-884d-d454c8c95e77/location[39m
[35m[HTTP][39m [90m{}[39m
[35m[W3C (5f2527c2)][39m Driver proxy active, passing request on via HTTP proxy
[35m[WD Proxy][39m Replacing sessionId 33101705-74bc-432e-ab82-e15a9c972f0e with 5f2527c2-3bad-4a1a-b5d5-9bc1e0505f30
[35m[HTTP][39m [37m<-- GET /wd/hub/session/5f2527c2-3bad-4a1a-b5d5-9bc1e0505f30/element/7b6cb6c3-3aa0-445b-884d-d454c8c95e77/location [39m[32m200[39m [90m21 ms - 79[39m
[35m[HTTP][39m [90m[39m
[35m[HTTP][39m [37m-->[39m [37mPOST[39m [37m/wd/hub/session/5f2527c2-3bad-4a1a-b5d5-9bc1e0505f30/timeouts[39m
[35m[HTTP][39m [90m{"implicit":80000}[39m
[35m[HTTP][39m [37m<-- POST /wd/hub/session/5f2527c2-3bad-4a1a-b5d5-9bc1e0505f30/timeouts [39m[32m200[39m [90m1 ms - 14[39m
[35m[HTTP][39m [90m[39m
[35m[HTTP][39m [37m-->[39m [37mGET[39m [37m/wd/hub/session/5f2527c2-3bad-4a1a-b5d5-9bc1e0505f30/element/7b6cb6c3-3aa0-445b-884d-d454c8c95e77/text[39m
[35m[HTTP][39m [90m{}[39m
[35m[W3C (5f2527c2)][39m Driver proxy active, passing request on via HTTP proxy
[35m[WD Proxy][39m Replacing sessionId 33101705-74bc-432e-ab82-e15a9c972f0e with 5f2527c2-3bad-4a1a-b5d5-9bc1e0505f30
[35m[HTTP][39m [37m<-- GET /wd/hub/session/5f2527c2-3bad-4a1a-b5d5-9bc1e0505f30/element/7b6cb6c3-3aa0-445b-884d-d454c8c95e77/text [39m[32m200[39m [90m18 ms - 76[39m
[35m[HTTP][39m [90m[39m
[35m[HTTP][39m [37m-->[39m [37mGET[39m [37m/wd/hub/session/5f2527c2-3bad-4a1a-b5d5-9bc1e0505f30/context[39m
[35m[HTTP][39m [90m{}[39m
[35m[HTTP][39m [37m<-- GET /wd/hub/session/5f2527c2-3bad-4a1a-b5d5-9bc1e0505f30/context [39m[32m200[39m [90m1 ms - 22[39m
[35m[HTTP][39m [90m[39m
[35m[HTTP][39m [37m-->[39m [37mGET[39m [37m/wd/hub/session/5f2527c2-3bad-4a1a-b5d5-9bc1e0505f30/contexts[39m
[35m[HTTP][39m [90m{}[39m
[35m[HTTP][39m [37m<-- GET /wd/hub/session/5f2527c2-3bad-4a1a-b5d5-9bc1e0505f30/contexts [39m[32m200[39m [90m56 ms - 24[39m
[35m[HTTP][39m [90m[39m
[35m[HTTP][39m [37m-->[39m [37mPOST[39m [37m/wd/hub/session/5f2527c2-3bad-4a1a-b5d5-9bc1e0505f30/context[39m
[35m[HTTP][39m [90m{"name":"NATIVE_APP"}[39m
[35m[HTTP][39m [37m<-- POST /wd/hub/session/5f2527c2-3bad-4a1a-b5d5-9bc1e0505f30/context [39m[32m200[39m [90m1 ms - 14[39m
[35m[HTTP][39m [90m[39m
[35m[HTTP][39m [37m-->[39m [37mGET[39m [37m/wd/hub/session/5f2527c2-3bad-4a1a-b5d5-9bc1e0505f30/screenshot[39m
[35m[HTTP][39m [90m{}[39m
[35m[HTTP][39m [37m<-- GET /wd/hub/session/5f2527c2-3bad-4a1a-b5d5-9bc1e0505f30/screenshot [39m[32m200[39m [90m270 ms - 118622[39m
[35m[HTTP][39m [90m[39m
[35m[HTTP][39m [37m-->[39m [37mPOST[39m [37m/wd/hub/session/5f2527c2-3bad-4a1a-b5d5-9bc1e0505f30/context[39m
[35m[HTTP][39m [90m{"name":"NATIVE_APP"}[39m
[35m[HTTP][39m [37m<-- POST /wd/hub/session/5f2527c2-3bad-4a1a-b5d5-9bc1e0505f30/context [39m[32m200[39m [90m1 ms - 14[39m
[35m[HTTP][39m [90m[39m
[35m[HTTP][39m [37m-->[39m [37mPOST[39m [37m/wd/hub/session/5f2527c2-3bad-4a1a-b5d5-9bc1e0505f30/timeouts[39m
[35m[HTTP][39m [90m{"implicit":50}[39m
[35m[HTTP][39m [37m<-- POST /wd/hub/session/5f2527c2-3bad-4a1a-b5d5-9bc1e0505f30/timeouts [39m[32m200[39m [90m1 ms - 14[39m
[35m[HTTP][39m [90m[39m
[35m[HTTP][39m [37m-->[39m [37mGET[39m [37m/wd/hub/session/5f2527c2-3bad-4a1a-b5d5-9bc1e0505f30/window/rect[39m
[35m[HTTP][39m [90m{}[39m
[35m[HTTP][39m [37m<-- GET /wd/hub/session/5f2527c2-3bad-4a1a-b5d5-9bc1e0505f30/window/rect [39m[32m200[39m [90m60 ms - 50[39m
[35m[HTTP][39m [90m[39m
[35m[HTTP][39m [37m-->[39m [37mPOST[39m [37m/wd/hub/session/5f2527c2-3bad-4a1a-b5d5-9bc1e0505f30/elements[39m
[35m[HTTP][39m [90m{"using":"xpath","value":"//*[@class = 'android.widget.TextView' and (@text = 'Share Receipt' or . = 'Share Receipt')]"}[39m
[35m[HTTP][39m [37m<-- POST /wd/hub/session/5f2527c2-3bad-4a1a-b5d5-9bc1e0505f30/elements [39m[32m200[39m [90m80 ms - 139[39m
[35m[HTTP][39m [90m[39m
[35m[HTTP][39m [37m-->[39m [37mGET[39m [37m/wd/hub/session/5f2527c2-3bad-4a1a-b5d5-9bc1e0505f30/element/e41d9a61-ad6e-4075-a1f0-79e9b4f3cbc4/location[39m
[35m[HTTP][39m [90m{}[39m
[35m[W3C (5f2527c2)][39m Driver proxy active, passing request on via HTTP proxy
[35m[WD Proxy][39m Replacing sessionId 33101705-74bc-432e-ab82-e15a9c972f0e with 5f2527c2-3bad-4a1a-b5d5-9bc1e0505f30
[35m[HTTP][39m [37m<-- GET /wd/hub/session/5f2527c2-3bad-4a1a-b5d5-9bc1e0505f30/element/e41d9a61-ad6e-4075-a1f0-79e9b4f3cbc4/location [39m[32m200[39m [90m31 ms - 79[39m
[35m[HTTP][39m [90m[39m
[35m[HTTP][39m [37m-->[39m [37mPOST[39m [37m/wd/hub/session/5f2527c2-3bad-4a1a-b5d5-9bc1e0505f30/timeouts[39m
[35m[HTTP][39m [90m{"implicit":80000}[39m
[35m[HTTP][39m [37m<-- POST /wd/hub/session/5f2527c2-3bad-4a1a-b5d5-9bc1e0505f30/timeouts [39m[32m200[39m [90m1 ms - 14[39m
[35m[HTTP][39m [90m[39m
[35m[HTTP][39m [37m-->[39m [37mPOST[39m [37m/wd/hub/session/5f2527c2-3bad-4a1a-b5d5-9bc1e0505f30/element/e41d9a61-ad6e-4075-a1f0-79e9b4f3cbc4/click[39m
[35m[HTTP][39m [90m{"id":"e41d9a61-ad6e-4075-a1f0-79e9b4f3cbc4"}[39m
[35m[HTTP][39m [37m<-- POST /wd/hub/session/5f2527c2-3bad-4a1a-b5d5-9bc1e0505f30/element/e41d9a61-ad6e-4075-a1f0-79e9b4f3cbc4/click [39m[32m200[39m [90m73 ms - 14[39m
[35m[HTTP][39m [90m[39m
[35m[HTTP][39m [37m-->[39m [37mPOST[39m [37m/wd/hub/session/5f2527c2-3bad-4a1a-b5d5-9bc1e0505f30/timeouts[39m
[35m[HTTP][39m [90m{"implicit":50}[39m
[35m[HTTP][39m [37m<-- POST /wd/hub/session/5f2527c2-3bad-4a1a-b5d5-9bc1e0505f30/timeouts [39m[32m200[39m [90m2 ms - 14[39m
[35m[HTTP][39m [90m[39m
[35m[HTTP][39m [37m-->[39m [37mGET[39m [37m/wd/hub/session/5f2527c2-3bad-4a1a-b5d5-9bc1e0505f30/window/rect[39m
[35m[HTTP][39m [90m{}[39m
[35m[HTTP][39m [37m<-- GET /wd/hub/session/5f2527c2-3bad-4a1a-b5d5-9bc1e0505f30/window/rect [39m[32m200[39m [90m21 ms - 50[39m
[35m[HTTP][39m [90m[39m
[35m[HTTP][39m [37m-->[39m [37mPOST[39m [37m/wd/hub/session/5f2527c2-3bad-4a1a-b5d5-9bc1e0505f30/elements[39m
[35m[HTTP][39m [90m{"using":"xpath","value":"//*[@class = 'android.widget.TextView' and (@text = 'Own Account Transfer' or . = 'Own Account Transfer')]"}[39m
[35m[HTTP][39m [37m<-- POST /wd/hub/session/5f2527c2-3bad-4a1a-b5d5-9bc1e0505f30/elements [39m[32m200[39m [90m1363 ms - 12[39m
[35m[HTTP][39m [90m[39m
[35m[HTTP][39m [37m-->[39m [37mPOST[39m [37m/wd/hub/session/5f2527c2-3bad-4a1a-b5d5-9bc1e0505f30/elements[39m
[35m[HTTP][39m [90m{"using":"xpath","value":"//*[@class = 'android.widget.TextView' and (@text = 'Own Account Transfer' or . = 'Own Account Transfer')]"}[39m
[35m[HTTP][39m [37m<-- POST /wd/hub/session/5f2527c2-3bad-4a1a-b5d5-9bc1e0505f30/elements [39m[32m200[39m [90m586 ms - 139[39m
[35m[HTTP][39m [90m[39m
[35m[HTTP][39m [37m-->[39m [37mGET[39m [37m/wd/hub/session/5f2527c2-3bad-4a1a-b5d5-9bc1e0505f30/element/9413b9e4-be38-4e47-a563-6cf2b69ce059/location[39m
[35m[HTTP][39m [90m{}[39m
[35m[W3C (5f2527c2)][39m Driver proxy active, passing request on via HTTP proxy
[35m[WD Proxy][39m Replacing sessionId 33101705-74bc-432e-ab82-e15a9c972f0e with 5f2527c2-3bad-4a1a-b5d5-9bc1e0505f30
[35m[HTTP][39m [37m<-- GET /wd/hub/session/5f2527c2-3bad-4a1a-b5d5-9bc1e0505f30/element/9413b9e4-be38-4e47-a563-6cf2b69ce059/location [39m[32m200[39m [90m19 ms - 77[39m
[35m[HTTP][39m [90m[39m
[35m[HTTP][39m [37m-->[39m [37mPOST[39m [37m/wd/hub/session/5f2527c2-3bad-4a1a-b5d5-9bc1e0505f30/timeouts[39m
[35m[HTTP][39m [90m{"implicit":80000}[39m
[35m[HTTP][39m [37m<-- POST /wd/hub/session/5f2527c2-3bad-4a1a-b5d5-9bc1e0505f30/timeouts [39m[32m200[39m [90m2 ms - 14[39m
[35m[HTTP][39m [90m[39m
[35m[HTTP][39m [37m-->[39m [37mGET[39m [37m/wd/hub/session/5f2527c2-3bad-4a1a-b5d5-9bc1e0505f30/element/9413b9e4-be38-4e47-a563-6cf2b69ce059/text[39m
[35m[HTTP][39m [90m{}[39m
[35m[W3C (5f2527c2)][39m Driver proxy active, passing request on via HTTP proxy
[35m[WD Proxy][39m Replacing sessionId 33101705-74bc-432e-ab82-e15a9c972f0e with 5f2527c2-3bad-4a1a-b5d5-9bc1e0505f30
[35m[HTTP][39m [37m<-- GET /wd/hub/session/5f2527c2-3bad-4a1a-b5d5-9bc1e0505f30/element/9413b9e4-be38-4e47-a563-6cf2b69ce059/text [39m[32m200[39m [90m10 ms - 83[39m
[35m[HTTP][39m [90m[39m
[35m[HTTP][39m [37m-->[39m [37mPOST[39m [37m/wd/hub/session/5f2527c2-3bad-4a1a-b5d5-9bc1e0505f30/timeouts[39m
[35m[HTTP][39m [90m{"implicit":50}[39m
[35m[HTTP][39m [37m<-- POST /wd/hub/session/5f2527c2-3bad-4a1a-b5d5-9bc1e0505f30/timeouts [39m[32m200[39m [90m1 ms - 14[39m
[35m[HTTP][39m [90m[39m
[35m[HTTP][39m [37m-->[39m [37mGET[39m [37m/wd/hub/session/5f2527c2-3bad-4a1a-b5d5-9bc1e0505f30/window/rect[39m
[35m[HTTP][39m [90m{}[39m
[35m[HTTP][39m [37m<-- GET /wd/hub/session/5f2527c2-3bad-4a1a-b5d5-9bc1e0505f30/window/rect [39m[32m200[39m [90m17 ms - 50[39m
[35m[HTTP][39m [90m[39m
[35m[HTTP][39m [37m-->[39m [37mPOST[39m [37m/wd/hub/session/5f2527c2-3bad-4a1a-b5d5-9bc1e0505f30/elements[39m
[35m[HTTP][39m [90m{"using":"xpath","value":"//*[@class = 'android.widget.TextView' and (@text = 'Successful' or . = 'Successful')]"}[39m
[35m[HTTP][39m [37m<-- POST /wd/hub/session/5f2527c2-3bad-4a1a-b5d5-9bc1e0505f30/elements [39m[32m200[39m [90m180 ms - 139[39m
[35m[HTTP][39m [90m[39m
[35m[HTTP][39m [37m-->[39m [37mGET[39m [37m/wd/hub/session/5f2527c2-3bad-4a1a-b5d5-9bc1e0505f30/element/e2beced4-c0f8-442b-b495-a9ccecef712a/location[39m
[35m[HTTP][39m [90m{}[39m
[35m[W3C (5f2527c2)][39m Driver proxy active, passing request on via HTTP proxy
[35m[WD Proxy][39m Replacing sessionId 33101705-74bc-432e-ab82-e15a9c972f0e with 5f2527c2-3bad-4a1a-b5d5-9bc1e0505f30
[35m[HTTP][39m [37m<-- GET /wd/hub/session/5f2527c2-3bad-4a1a-b5d5-9bc1e0505f30/element/e2beced4-c0f8-442b-b495-a9ccecef712a/location [39m[32m200[39m [90m20 ms - 78[39m
[35m[HTTP][39m [90m[39m
[35m[HTTP][39m [37m-->[39m [37mPOST[39m [37m/wd/hub/session/5f2527c2-3bad-4a1a-b5d5-9bc1e0505f30/timeouts[39m
[35m[HTTP][39m [90m{"implicit":80000}[39m
[35m[HTTP][39m [37m<-- POST /wd/hub/session/5f2527c2-3bad-4a1a-b5d5-9bc1e0505f30/timeouts [39m[32m200[39m [90m1 ms - 14[39m
[35m[HTTP][39m [90m[39m
[35m[HTTP][39m [37m-->[39m [37mGET[39m [37m/wd/hub/session/5f2527c2-3bad-4a1a-b5d5-9bc1e0505f30/element/e2beced4-c0f8-442b-b495-a9ccecef712a/text[39m
[35m[HTTP][39m [90m{}[39m
[35m[W3C (5f2527c2)][39m Driver proxy active, passing request on via HTTP proxy
[35m[WD Proxy][39m Replacing sessionId 33101705-74bc-432e-ab82-e15a9c972f0e with 5f2527c2-3bad-4a1a-b5d5-9bc1e0505f30
[35m[HTTP][39m [37m<-- GET /wd/hub/session/5f2527c2-3bad-4a1a-b5d5-9bc1e0505f30/element/e2beced4-c0f8-442b-b495-a9ccecef712a/text [39m[32m200[39m [90m16 ms - 73[39m
[35m[HTTP][39m [90m[39m
[35m[HTTP][39m [37m-->[39m [37mGET[39m [37m/wd/hub/session/5f2527c2-3bad-4a1a-b5d5-9bc1e0505f30/context[39m
[35m[HTTP][39m [90m{}[39m
[35m[HTTP][39m [37m<-- GET /wd/hub/session/5f2527c2-3bad-4a1a-b5d5-9bc1e0505f30/context [39m[32m200[39m [90m1 ms - 22[39m
[35m[HTTP][39m [90m[39m
[35m[HTTP][39m [37m-->[39m [37mGET[39m [37m/wd/hub/session/5f2527c2-3bad-4a1a-b5d5-9bc1e0505f30/contexts[39m
[35m[HTTP][39m [90m{}[39m
[35m[HTTP][39m [37m<-- GET /wd/hub/session/5f2527c2-3bad-4a1a-b5d5-9bc1e0505f30/contexts [39m[32m200[39m [90m69 ms - 24[39m
[35m[HTTP][39m [90m[39m
[35m[HTTP][39m [37m-->[39m [37mPOST[39m [37m/wd/hub/session/5f2527c2-3bad-4a1a-b5d5-9bc1e0505f30/context[39m
[35m[HTTP][39m [90m{"name":"NATIVE_APP"}[39m
[35m[HTTP][39m [37m<-- POST /wd/hub/session/5f2527c2-3bad-4a1a-b5d5-9bc1e0505f30/context [39m[32m200[39m [90m1 ms - 14[39m
[35m[HTTP][39m [90m[39m
[35m[HTTP][39m [37m-->[39m [37mGET[39m [37m/wd/hub/session/5f2527c2-3bad-4a1a-b5d5-9bc1e0505f30/screenshot[39m
[35m[HTTP][39m [90m{}[39m
[35m[HTTP][39m [37m<-- GET /wd/hub/session/5f2527c2-3bad-4a1a-b5d5-9bc1e0505f30/screenshot [39m[32m200[39m [90m305 ms - 273424[39m
[35m[HTTP][39m [90m[39m
[35m[HTTP][39m [37m-->[39m [37mPOST[39m [37m/wd/hub/session/5f2527c2-3bad-4a1a-b5d5-9bc1e0505f30/context[39m
[35m[HTTP][39m [90m{"name":"NATIVE_APP"}[39m
[35m[HTTP][39m [37m<-- POST /wd/hub/session/5f2527c2-3bad-4a1a-b5d5-9bc1e0505f30/context [39m[32m200[39m [90m2 ms - 14[39m
[35m[HTTP][39m [90m[39m
[35m[HTTP][39m [37m-->[39m [37mPOST[39m [37m/wd/hub/session/5f2527c2-3bad-4a1a-b5d5-9bc1e0505f30/timeouts[39m
[35m[HTTP][39m [90m{"implicit":50}[39m
[35m[HTTP][39m [37m<-- POST /wd/hub/session/5f2527c2-3bad-4a1a-b5d5-9bc1e0505f30/timeouts [39m[32m200[39m [90m1 ms - 14[39m
[35m[HTTP][39m [90m[39m
[35m[HTTP][39m [37m-->[39m [37mGET[39m [37m/wd/hub/session/5f2527c2-3bad-4a1a-b5d5-9bc1e0505f30/window/rect[39m
[35m[HTTP][39m [90m{}[39m
[35m[HTTP][39m [37m<-- GET /wd/hub/session/5f2527c2-3bad-4a1a-b5d5-9bc1e0505f30/window/rect [39m[32m200[39m [90m18 ms - 50[39m
[35m[HTTP][39m [90m[39m
[35m[HTTP][39m [37m-->[39m [37mPOST[39m [37m/wd/hub/session/5f2527c2-3bad-4a1a-b5d5-9bc1e0505f30/elements[39m
[35m[HTTP][39m [90m{"using":"xpath","value":"//hierarchy/android.widget.FrameLayout[1]/android.widget.LinearLayout[1]/android.widget.FrameLayout[1]/android.widget.LinearLayout[1]/android.widget.FrameLayout[1]/android.widget.FrameLayout[1]/android.view.ViewGroup[1]/android.view.ViewGroup[1]/android.view.ViewGroup[1]/android.view.ViewGroup[1]/android.view.ViewGroup[1]/android.widget.FrameLayout[1]/android.view.ViewGroup[1]/android.view.ViewGroup[1]/android.view.ViewGroup[1]/android.view.ViewGroup[1]/android.view.ViewGroup[1]/android.view.ViewGroup[1]/android.widget.FrameLayout[1]/android.view.ViewGroup[1]/android.view.ViewGroup[1]/android.view.ViewGroup[1]/android.view.ViewGroup[1]/android.view.ViewGroup[1]/android.view.ViewGroup[1]/android.view.ViewGroup[1]/android.view.ViewGroup[1]/android.view.ViewGroup[1]/android.widget.ImageView[1]"}[39m
[35m[HTTP][39m [37m<-- POST /wd/hub/session/5f2527c2-3bad-4a1a-b5d5-9bc1e0505f30/elements [39m[32m200[39m [90m99 ms - 139[39m
[35m[HTTP][39m [90m[39m
[35m[HTTP][39m [37m-->[39m [37mGET[39m [37m/wd/hub/session/5f2527c2-3bad-4a1a-b5d5-9bc1e0505f30/element/db7fd66c-f36b-4197-a29f-5d003a461f11/location[39m
[35m[HTTP][39m [90m{}[39m
[35m[W3C (5f2527c2)][39m Driver proxy active, passing request on via HTTP proxy
[35m[WD Proxy][39m Replacing sessionId 33101705-74bc-432e-ab82-e15a9c972f0e with 5f2527c2-3bad-4a1a-b5d5-9bc1e0505f30
[35m[HTTP][39m [37m<-- GET /wd/hub/session/5f2527c2-3bad-4a1a-b5d5-9bc1e0505f30/element/db7fd66c-f36b-4197-a29f-5d003a461f11/location [39m[32m200[39m [90m19 ms - 77[39m
[35m[HTTP][39m [90m[39m
[35m[HTTP][39m [37m-->[39m [37mPOST[39m [37m/wd/hub/session/5f2527c2-3bad-4a1a-b5d5-9bc1e0505f30/timeouts[39m
[35m[HTTP][39m [90m{"implicit":80000}[39m
[35m[HTTP][39m [37m<-- POST /wd/hub/session/5f2527c2-3bad-4a1a-b5d5-9bc1e0505f30/timeouts [39m[32m200[39m [90m2 ms - 14[39m
[35m[HTTP][39m [90m[39m
[35m[HTTP][39m [37m-->[39m [37mPOST[39m [37m/wd/hub/session/5f2527c2-3bad-4a1a-b5d5-9bc1e0505f30/element/db7fd66c-f36b-4197-a29f-5d003a461f11/click[39m
[35m[HTTP][39m [90m{"id":"db7fd66c-f36b-4197-a29f-5d003a461f11"}[39m
[35m[HTTP][39m [37m<-- POST /wd/hub/session/5f2527c2-3bad-4a1a-b5d5-9bc1e0505f30/element/db7fd66c-f36b-4197-a29f-5d003a461f11/click [39m[32m200[39m [90m59 ms - 14[39m
[35m[HTTP][39m [90m[39m
[35m[HTTP][39m [37m-->[39m [37mPOST[39m [37m/wd/hub/session/5f2527c2-3bad-4a1a-b5d5-9bc1e0505f30/timeouts[39m
[35m[HTTP][39m [90m{"implicit":50}[39m
[35m[HTTP][39m [37m<-- POST /wd/hub/session/5f2527c2-3bad-4a1a-b5d5-9bc1e0505f30/timeouts [39m[32m200[39m [90m1 ms - 14[39m
[35m[HTTP][39m [90m[39m
[35m[HTTP][39m [37m-->[39m [37mGET[39m [37m/wd/hub/session/5f2527c2-3bad-4a1a-b5d5-9bc1e0505f30/window/rect[39m
[35m[HTTP][39m [90m{}[39m
[35m[HTTP][39m [37m<-- GET /wd/hub/session/5f2527c2-3bad-4a1a-b5d5-9bc1e0505f30/window/rect [39m[32m200[39m [90m16 ms - 50[39m
[35m[HTTP][39m [90m[39m
[35m[HTTP][39m [37m-->[39m [37mPOST[39m [37m/wd/hub/session/5f2527c2-3bad-4a1a-b5d5-9bc1e0505f30/elements[39m
[35m[HTTP][39m [90m{"using":"xpath","value":"//*[@class = 'android.widget.TextView' and (@text = 'Done' or . = 'Done')]"}[39m
[35m[HTTP][39m [37m<-- POST /wd/hub/session/5f2527c2-3bad-4a1a-b5d5-9bc1e0505f30/elements [39m[32m200[39m [90m990 ms - 139[39m
[35m[HTTP][39m [90m[39m
[35m[HTTP][39m [37m-->[39m [37mGET[39m [37m/wd/hub/session/5f2527c2-3bad-4a1a-b5d5-9bc1e0505f30/element/624da811-d98e-478a-886a-2eb396d96937/location[39m
[35m[HTTP][39m [90m{}[39m
[35m[W3C (5f2527c2)][39m Driver proxy active, passing request on via HTTP proxy
[35m[WD Proxy][39m Replacing sessionId 33101705-74bc-432e-ab82-e15a9c972f0e with 5f2527c2-3bad-4a1a-b5d5-9bc1e0505f30
[35m[HTTP][39m [37m<-- GET /wd/hub/session/5f2527c2-3bad-4a1a-b5d5-9bc1e0505f30/element/624da811-d98e-478a-886a-2eb396d96937/location [39m[32m200[39m [90m23 ms - 79[39m
[35m[HTTP][39m [90m[39m
[35m[HTTP][39m [37m-->[39m [37mPOST[39m [37m/wd/hub/session/5f2527c2-3bad-4a1a-b5d5-9bc1e0505f30/timeouts[39m
[35m[HTTP][39m [90m{"implicit":80000}[39m
[35m[HTTP][39m [37m<-- POST /wd/hub/session/5f2527c2-3bad-4a1a-b5d5-9bc1e0505f30/timeouts [39m[32m200[39m [90m2 ms - 14[39m
[35m[HTTP][39m [90m[39m
[35m[HTTP][39m [37m-->[39m [37mGET[39m [37m/wd/hub/session/5f2527c2-3bad-4a1a-b5d5-9bc1e0505f30/element/624da811-d98e-478a-886a-2eb396d96937/text[39m
[35m[HTTP][39m [90m{}[39m
[35m[W3C (5f2527c2)][39m Driver proxy active, passing request on via HTTP proxy
[35m[WD Proxy][39m Replacing sessionId 33101705-74bc-432e-ab82-e15a9c972f0e with 5f2527c2-3bad-4a1a-b5d5-9bc1e0505f30
[35m[HTTP][39m [37m<-- GET /wd/hub/session/5f2527c2-3bad-4a1a-b5d5-9bc1e0505f30/element/624da811-d98e-478a-886a-2eb396d96937/text [39m[32m200[39m [90m14 ms - 67[39m
[35m[HTTP][39m [90m[39m
[35m[HTTP][39m [37m-->[39m [37mGET[39m [37m/wd/hub/session/5f2527c2-3bad-4a1a-b5d5-9bc1e0505f30/context[39m
[35m[HTTP][39m [90m{}[39m
[35m[HTTP][39m [37m<-- GET /wd/hub/session/5f2527c2-3bad-4a1a-b5d5-9bc1e0505f30/context [39m[32m200[39m [90m1 ms - 22[39m
[35m[HTTP][39m [90m[39m
[35m[HTTP][39m [37m-->[39m [37mGET[39m [37m/wd/hub/session/5f2527c2-3bad-4a1a-b5d5-9bc1e0505f30/contexts[39m
[35m[HTTP][39m [90m{}[39m
[35m[HTTP][39m [37m<-- GET /wd/hub/session/5f2527c2-3bad-4a1a-b5d5-9bc1e0505f30/contexts [39m[32m200[39m [90m53 ms - 24[39m
[35m[HTTP][39m [90m[39m
[35m[HTTP][39m [37m-->[39m [37mPOST[39m [37m/wd/hub/session/5f2527c2-3bad-4a1a-b5d5-9bc1e0505f30/context[39m
[35m[HTTP][39m [90m{"name":"NATIVE_APP"}[39m
[35m[HTTP][39m [37m<-- POST /wd/hub/session/5f2527c2-3bad-4a1a-b5d5-9bc1e0505f30/context [39m[32m200[39m [90m1 ms - 14[39m
[35m[HTTP][39m [90m[39m
[35m[HTTP][39m [37m-->[39m [37mGET[39m [37m/wd/hub/session/5f2527c2-3bad-4a1a-b5d5-9bc1e0505f30/screenshot[39m
[35m[HTTP][39m [90m{}[39m
[35m[HTTP][39m [37m<-- GET /wd/hub/session/5f2527c2-3bad-4a1a-b5d5-9bc1e0505f30/screenshot [39m[32m200[39m [90m299 ms - 118622[39m
[35m[HTTP][39m [90m[39m
[35m[HTTP][39m [37m-->[39m [37mPOST[39m [37m/wd/hub/session/5f2527c2-3bad-4a1a-b5d5-9bc1e0505f30/context[39m
[35m[HTTP][39m [90m{"name":"NATIVE_APP"}[39m
[35m[HTTP][39m [37m<-- POST /wd/hub/session/5f2527c2-3bad-4a1a-b5d5-9bc1e0505f30/context [39m[32m200[39m [90m1 ms - 14[39m
[35m[HTTP][39m [90m[39m
[35m[HTTP][39m [37m-->[39m [37mPOST[39m [37m/wd/hub/session/5f2527c2-3bad-4a1a-b5d5-9bc1e0505f30/timeouts[39m
[35m[HTTP][39m [90m{"implicit":50}[39m
[35m[HTTP][39m [37m<-- POST /wd/hub/session/5f2527c2-3bad-4a1a-b5d5-9bc1e0505f30/timeouts [39m[32m200[39m [90m1 ms - 14[39m
[35m[HTTP][39m [90m[39m
[35m[HTTP][39m [37m-->[39m [37mGET[39m [37m/wd/hub/session/5f2527c2-3bad-4a1a-b5d5-9bc1e0505f30/window/rect[39m
[35m[HTTP][39m [90m{}[39m
[35m[HTTP][39m [37m<-- GET /wd/hub/session/5f2527c2-3bad-4a1a-b5d5-9bc1e0505f30/window/rect [39m[32m200[39m [90m19 ms - 50[39m
[35m[HTTP][39m [90m[39m
[35m[HTTP][39m [37m-->[39m [37mPOST[39m [37m/wd/hub/session/5f2527c2-3bad-4a1a-b5d5-9bc1e0505f30/elements[39m
[35m[HTTP][39m [90m{"using":"xpath","value":"//*[@class = 'android.widget.TextView' and (@text = 'Done' or . = 'Done')]"}[39m
[35m[HTTP][39m [37m<-- POST /wd/hub/session/5f2527c2-3bad-4a1a-b5d5-9bc1e0505f30/elements [39m[32m200[39m [90m76 ms - 139[39m
[35m[HTTP][39m [90m[39m
[35m[HTTP][39m [37m-->[39m [37mGET[39m [37m/wd/hub/session/5f2527c2-3bad-4a1a-b5d5-9bc1e0505f30/element/be21e2bb-e1f0-4004-8989-82a98fa9008a/location[39m
[35m[HTTP][39m [90m{}[39m
[35m[W3C (5f2527c2)][39m Driver proxy active, passing request on via HTTP proxy
[35m[WD Proxy][39m Replacing sessionId 33101705-74bc-432e-ab82-e15a9c972f0e with 5f2527c2-3bad-4a1a-b5d5-9bc1e0505f30
[35m[HTTP][39m [37m<-- GET /wd/hub/session/5f2527c2-3bad-4a1a-b5d5-9bc1e0505f30/element/be21e2bb-e1f0-4004-8989-82a98fa9008a/location [39m[32m200[39m [90m25 ms - 79[39m
[35m[HTTP][39m [90m[39m
[35m[HTTP][39m [37m-->[39m [37mPOST[39m [37m/wd/hub/session/5f2527c2-3bad-4a1a-b5d5-9bc1e0505f30/timeouts[39m
[35m[HTTP][39m [90m{"implicit":80000}[39m
[35m[HTTP][39m [37m<-- POST /wd/hub/session/5f2527c2-3bad-4a1a-b5d5-9bc1e0505f30/timeouts [39m[32m200[39m [90m1 ms - 14[39m
[35m[HTTP][39m [90m[39m
[35m[HTTP][39m [37m-->[39m [37mPOST[39m [37m/wd/hub/session/5f2527c2-3bad-4a1a-b5d5-9bc1e0505f30/element/be21e2bb-e1f0-4004-8989-82a98fa9008a/click[39m
[35m[HTTP][39m [90m{"id":"be21e2bb-e1f0-4004-8989-82a98fa9008a"}[39m
[35m[HTTP][39m [37m<-- POST /wd/hub/session/5f2527c2-3bad-4a1a-b5d5-9bc1e0505f30/element/be21e2bb-e1f0-4004-8989-82a98fa9008a/click [39m[32m200[39m [90m64 ms - 14[39m
[35m[HTTP][39m [90m[39m
[35m[HTTP][39m [37m-->[39m [37mPOST[39m [37m/wd/hub/session/5f2527c2-3bad-4a1a-b5d5-9bc1e0505f30/timeouts[39m
[35m[HTTP][39m [90m{"implicit":50}[39m
[35m[HTTP][39m [37m<-- POST /wd/hub/session/5f2527c2-3bad-4a1a-b5d5-9bc1e0505f30/timeouts [39m[32m200[39m [90m1 ms - 14[39m
[35m[HTTP][39m [90m[39m
[35m[HTTP][39m [37m-->[39m [37mGET[39m [37m/wd/hub/session/5f2527c2-3bad-4a1a-b5d5-9bc1e0505f30/window/rect[39m
[35m[HTTP][39m [90m{}[39m
[35m[HTTP][39m [37m<-- GET /wd/hub/session/5f2527c2-3bad-4a1a-b5d5-9bc1e0505f30/window/rect [39m[32m200[39m [90m20 ms - 50[39m
[35m[HTTP][39m [90m[39m
[35m[HTTP][39m [37m-->[39m [37mPOST[39m [37m/wd/hub/session/5f2527c2-3bad-4a1a-b5d5-9bc1e0505f30/elements[39m
[35m[HTTP][39m [90m{"using":"xpath","value":"//*[@class = 'android.widget.TextView' and (@text = 'Hello,' or . = 'Hello,')]"}[39m
[35m[HTTP][39m [37m<-- POST /wd/hub/session/5f2527c2-3bad-4a1a-b5d5-9bc1e0505f30/elements [39m[32m200[39m [90m1567 ms - 139[39m
[35m[HTTP][39m [90m[39m
[35m[HTTP][39m [37m-->[39m [37mGET[39m [37m/wd/hub/session/5f2527c2-3bad-4a1a-b5d5-9bc1e0505f30/element/0ba8bc58-bdf7-4b03-ac32-7436146eb983/location[39m
[35m[HTTP][39m [90m{}[39m
[35m[W3C (5f2527c2)][39m Driver proxy active, passing request on via HTTP proxy
[35m[WD Proxy][39m Replacing sessionId 33101705-74bc-432e-ab82-e15a9c972f0e with 5f2527c2-3bad-4a1a-b5d5-9bc1e0505f30
[35m[HTTP][39m [37m<-- GET /wd/hub/session/5f2527c2-3bad-4a1a-b5d5-9bc1e0505f30/element/0ba8bc58-bdf7-4b03-ac32-7436146eb983/location [39m[32m200[39m [90m29 ms - 78[39m
[35m[HTTP][39m [90m[39m
[35m[HTTP][39m [37m-->[39m [37mPOST[39m [37m/wd/hub/session/5f2527c2-3bad-4a1a-b5d5-9bc1e0505f30/timeouts[39m
[35m[HTTP][39m [90m{"implicit":80000}[39m
[35m[HTTP][39m [37m<-- POST /wd/hub/session/5f2527c2-3bad-4a1a-b5d5-9bc1e0505f30/timeouts [39m[32m200[39m [90m2 ms - 14[39m
[35m[HTTP][39m [90m[39m
[35m[HTTP][39m [37m-->[39m [37mGET[39m [37m/wd/hub/session/5f2527c2-3bad-4a1a-b5d5-9bc1e0505f30/element/0ba8bc58-bdf7-4b03-ac32-7436146eb983/text[39m
[35m[HTTP][39m [90m{}[39m
[35m[W3C (5f2527c2)][39m Driver proxy active, passing request on via HTTP proxy
[35m[WD Proxy][39m Replacing sessionId 33101705-74bc-432e-ab82-e15a9c972f0e with 5f2527c2-3bad-4a1a-b5d5-9bc1e0505f30
[35m[HTTP][39m [37m<-- GET /wd/hub/session/5f2527c2-3bad-4a1a-b5d5-9bc1e0505f30/element/0ba8bc58-bdf7-4b03-ac32-7436146eb983/text [39m[32m200[39m [90m16 ms - 69[39m
[35m[HTTP][39m [90m[39m
[35m[HTTP][39m [37m-->[39m [37mDELETE[39m [37m/wd/hub/session/5f2527c2-3bad-4a1a-b5d5-9bc1e0505f30[39m
[35m[HTTP][39m [90m{}[39m
[35m[Appium][39m Removing session 5f2527c2-3bad-4a1a-b5d5-9bc1e0505f30 from our master session list
[35m[UiAutomator2][39m Restoring hidden api policy to the device default configuration
[35m[HTTP][39m [37m<-- DELETE /wd/hub/session/5f2527c2-3bad-4a1a-b5d5-9bc1e0505f30 [39m[32m200[39m [90m351 ms - 14[39m
[35m[HTTP][39m [90m[39m
