[35m[Appium][39m Welcome to Appium v1.21.0
[35m[Appium][39m Non-default server args:
[35m[Appium][39m   port: 56731
[35m[Appium][39m   loglevel: info
[35m[Appium][39m   tmpDir: /var/folders/pj/tdgwyxh90y759nk534c9prjc0000gn/T//Katalon/Appium/Temp1689216620038
[35m[Appium][39m   chromedriverPort: 56732
[35m[Appium][39m Deprecated server args:
[35m[Appium][39m   [31m--chromedriver-port[39m => --default-capabilities
[35m[Appium][39m Default capabilities, which will be added to each request unless overridden by desired capabilities:
[35m[Appium][39m   chromedriverPort: 56732
[35m[Appium][39m Appium REST http interface listener started on 0.0.0.0:56731
[35m[HTTP][39m [37m-->[39m [37mGET[39m [37m/wd/hub/status[39m
[35m[HTTP][39m [90m{}[39m
[35m[HTTP][39m [37m<-- GET /wd/hub/status [39m[32m200[39m [90m5 ms - 68[39m
[35m[HTTP][39m [90m[39m
[35m[HTTP][39m [37m-->[39m [37mPOST[39m [37m/wd/hub/session[39m
[35m[HTTP][39m [90m{"desiredCapabilities":{"app":"/Users/APK/app-uat-universal-release.apk","appPackage":"com.maybank2u.life.uat","noReset":true,"appWaitActivity":"*","unlockKey":"2458","deviceId":"","deviceName":"samsung SM-G998B (Android 11)","fullReset":false,"platform":"ANDROID","appActivity":"com.maybank2u.life.MainActivity","newCommandTimeout":1800,"platformVersion":"11","automationName":"uiautomator2","unlockType":"pattern","autoGrantPermissions":true,"platformName":"Android","udid":"R5CR704KXSR","systemPort":56730},"capabilities":{"firstMatch":[{"appium:app":"/Users/APK/app-uat-universal-release.apk","appium:appActivity":"com.maybank2u.life.MainActivity","appium:appPackage":"com.maybank2u.life.uat","appium:appWaitActivity":"*","appium:autoGrantPermissions":true,"appium:automationName":"uiautomator2","deviceId":"","appium:deviceName":"samsung SM-G998B (Android 11)","appium:fullReset":false,"appium:newCommandTimeout":1800,"appium:noReset":true,"platform":"ANDROID","platformName":"android","appium:platformVersion":"11",...[39m
[35m[BaseDriver][39m The following capabilities are not standard capabilities and should have an extension prefix:
[35m[BaseDriver][39m   deviceId
[35m[BaseDriver][39m   platform
[35m[BaseDriver][39m   unlockKey
[35m[BaseDriver][39m   unlockType
[35m[BaseDriver][39m   chromedriverPort
[35m[Appium][39m Appium v1.21.0 creating new AndroidUiautomator2Driver (v1.65.0) session
[35m[BaseDriver][39m The following capabilities were provided, but are not recognized by Appium:
[35m[BaseDriver][39m   deviceId
[35m[BaseDriver][39m   platform
[35m[BaseDriver][39m Session created with session id: 6a46b977-4176-47fe-9e66-96534cd9a233
[35m[BaseDriver][39m Using local app '/Users/APK/app-uat-universal-release.apk'
[35m[ADB][39m Found 1 'build-tools' folders under '/Users/mosaj/.katalon/tools/android_sdk' (newest first):
[35m[ADB][39m     /Users/mosaj/.katalon/tools/android_sdk/build-tools/29.0.3
[35m[ADB][39m Using 'adb' from '/Users/mosaj/.katalon/tools/android_sdk/platform-tools/adb'
[35m[AndroidDriver][39m Retrieving device list
[35m[AndroidDriver][39m Using device: R5CR704KXSR
[35m[ADB][39m Using 'adb' from '/Users/mosaj/.katalon/tools/android_sdk/platform-tools/adb'
[35m[ADB][39m Getting device platform version
[35m[UiAutomator2][39m Relaxing hidden api policy
[35m[ADB][39m Using 'apksigner.jar' from '/Users/mosaj/.katalon/tools/android_sdk/build-tools/29.0.3/lib/apksigner.jar'
[35m[ADB][39m '/usr/local/lib/node_modules/appium/node_modules/appium-uiautomator2-server/apks/appium-uiautomator2-server-v4.21.1.apk' is signed with the default certificate
[35m[ADB][39m '/usr/local/lib/node_modules/appium/node_modules/appium-uiautomator2-server/apks/appium-uiautomator2-server-debug-androidTest.apk' is signed with the default certificate
[35m[UiAutomator2][39m Server packages are going to be (re)installed
[35m[UiAutomator2][39m Full packages reinstall is going to be performed
[35m[ADB][39m io.appium.uiautomator2.server was successfully uninstalled
[35m[ADB][39m The application at '/usr/local/lib/node_modules/appium/node_modules/appium-uiautomator2-server/apks/appium-uiautomator2-server-v4.21.1.apk' will not be cached, because the device under test has confirmed the support of streamed installs
[35m[ADB][39m The installation of 'appium-uiautomator2-server-v4.21.1.apk' took 1623ms
[35m[ADB][39m io.appium.uiautomator2.server.test was successfully uninstalled
[35m[ADB][39m The application at '/usr/local/lib/node_modules/appium/node_modules/appium-uiautomator2-server/apks/appium-uiautomator2-server-debug-androidTest.apk' will not be cached, because the device under test has confirmed the support of streamed installs
[35m[ADB][39m The installation of 'appium-uiautomator2-server-debug-androidTest.apk' took 630ms
[35m[ADB][39m Adding packages ["io.appium.settings","io.appium.uiautomator2.server","io.appium.uiautomator2.server.test"] to Doze whitelist
[35m[ADB][39m '/Users/APK/app-uat-universal-release.apk' is signed with a non-default certificate
[35m[ADB][39m The application at '/Users/APK/app-uat-universal-release.apk' will not be cached, because the device under test has confirmed the support of streamed installs
[35m[ADB][39m The installation of 'app-uat-universal-release.apk' took 17492ms
[35m[UiAutomator2][39m Starting UIAutomator2 server 4.21.1
[35m[UiAutomator2][39m Using UIAutomator2 server from '/usr/local/lib/node_modules/appium/node_modules/appium-uiautomator2-server/apks/appium-uiautomator2-server-v4.21.1.apk' and test from '/usr/local/lib/node_modules/appium/node_modules/appium-uiautomator2-server/apks/appium-uiautomator2-server-debug-androidTest.apk'
[35m[UiAutomator2][39m Waiting up to 30000ms for UiAutomator2 to be online...
[35m[WD Proxy][39m socket hang up
[35m[WD Proxy][39m socket hang up
[35m[WD Proxy][39m Determined the downstream protocol as 'W3C'
[35m[AndroidDriver][39m Screen already unlocked, doing nothing
[35m[UiAutomator2][39m Starting 'com.maybank2u.life.uat/com.maybank2u.life.MainActivity and waiting for 'com.maybank2u.life.uat/*'
[35m[Appium][39m New AndroidUiautomator2Driver session created successfully, session 6a46b977-4176-47fe-9e66-96534cd9a233 added to master session list
[35m[HTTP][39m [37m<-- POST /wd/hub/session [39m[32m200[39m [90m34405 ms - 1529[39m
[35m[HTTP][39m [90m[39m
[35m[HTTP][39m [37m-->[39m [37mGET[39m [37m/wd/hub/session/6a46b977-4176-47fe-9e66-96534cd9a233[39m
[35m[HTTP][39m [90m{}[39m
[35m[HTTP][39m [37m<-- GET /wd/hub/session/6a46b977-4176-47fe-9e66-96534cd9a233 [39m[32m200[39m [90m18 ms - 1483[39m
[35m[HTTP][39m [90m[39m
[35m[HTTP][39m [37m-->[39m [37mGET[39m [37m/wd/hub/session/6a46b977-4176-47fe-9e66-96534cd9a233[39m
[35m[HTTP][39m [90m{}[39m
[35m[HTTP][39m [37m<-- GET /wd/hub/session/6a46b977-4176-47fe-9e66-96534cd9a233 [39m[32m200[39m [90m17 ms - 1483[39m
[35m[HTTP][39m [90m[39m
[35m[HTTP][39m [37m-->[39m [37mGET[39m [37m/wd/hub/status[39m
[35m[HTTP][39m [90m{}[39m
[35m[HTTP][39m [37m<-- GET /wd/hub/status [39m[32m200[39m [90m1 ms - 68[39m
[35m[HTTP][39m [90m[39m
[35m[HTTP][39m [37m-->[39m [37mPOST[39m [37m/wd/hub/session/6a46b977-4176-47fe-9e66-96534cd9a233/timeouts[39m
[35m[HTTP][39m [90m{"implicit":60000}[39m
[35m[HTTP][39m [37m<-- POST /wd/hub/session/6a46b977-4176-47fe-9e66-96534cd9a233/timeouts [39m[32m200[39m [90m3 ms - 14[39m
[35m[HTTP][39m [90m[39m
[35m[HTTP][39m [37m-->[39m [37mGET[39m [37m/wd/hub/session/6a46b977-4176-47fe-9e66-96534cd9a233/screenshot[39m
[35m[HTTP][39m [90m{}[39m
[35m[HTTP][39m [37m<-- GET /wd/hub/session/6a46b977-4176-47fe-9e66-96534cd9a233/screenshot [39m[32m200[39m [90m417 ms - 449174[39m
[35m[HTTP][39m [90m[39m
[35m[HTTP][39m [37m-->[39m [37mGET[39m [37m/wd/hub/session/6a46b977-4176-47fe-9e66-96534cd9a233/window/rect[39m
[35m[HTTP][39m [90m{}[39m
[35m[HTTP][39m [37m<-- GET /wd/hub/session/6a46b977-4176-47fe-9e66-96534cd9a233/window/rect [39m[32m200[39m [90m26 ms - 50[39m
[35m[HTTP][39m [90m[39m
[35m[HTTP][39m [37m-->[39m [37mGET[39m [37m/wd/hub/session/6a46b977-4176-47fe-9e66-96534cd9a233/appium/device/system_bars[39m
[35m[HTTP][39m [90m{}[39m
[35m[HTTP][39m [37m<-- GET /wd/hub/session/6a46b977-4176-47fe-9e66-96534cd9a233/appium/device/system_bars [39m[32m200[39m [90m81 ms - 148[39m
[35m[HTTP][39m [90m[39m
[35m[HTTP][39m [37m-->[39m [37mPOST[39m [37m/wd/hub/session/6a46b977-4176-47fe-9e66-96534cd9a233/timeouts[39m
[35m[HTTP][39m [90m{"implicit":50}[39m
[35m[HTTP][39m [37m<-- POST /wd/hub/session/6a46b977-4176-47fe-9e66-96534cd9a233/timeouts [39m[32m200[39m [90m5 ms - 14[39m
[35m[HTTP][39m [90m[39m
[35m[HTTP][39m [37m-->[39m [37mGET[39m [37m/wd/hub/session/6a46b977-4176-47fe-9e66-96534cd9a233/window/rect[39m
[35m[HTTP][39m [90m{}[39m
[35m[HTTP][39m [37m<-- GET /wd/hub/session/6a46b977-4176-47fe-9e66-96534cd9a233/window/rect [39m[32m200[39m [90m19 ms - 50[39m
[35m[HTTP][39m [90m[39m
[35m[HTTP][39m [37m-->[39m [37mPOST[39m [37m/wd/hub/session/6a46b977-4176-47fe-9e66-96534cd9a233/elements[39m
[35m[HTTP][39m [90m{"using":"xpath","value":"//*[@class = 'android.widget.TextView' and (@text = 'Skip' or . = 'Skip')]"}[39m
[35m[HTTP][39m [37m<-- POST /wd/hub/session/6a46b977-4176-47fe-9e66-96534cd9a233/elements [39m[32m200[39m [90m68 ms - 12[39m
[35m[HTTP][39m [90m[39m
[35m[HTTP][39m [37m-->[39m [37mPOST[39m [37m/wd/hub/session/6a46b977-4176-47fe-9e66-96534cd9a233/elements[39m
[35m[HTTP][39m [90m{"using":"xpath","value":"//*[@class = 'android.widget.TextView' and (@text = 'Skip' or . = 'Skip')]"}[39m
[35m[HTTP][39m [37m<-- POST /wd/hub/session/6a46b977-4176-47fe-9e66-96534cd9a233/elements [39m[32m200[39m [90m572 ms - 12[39m
[35m[HTTP][39m [90m[39m
[35m[HTTP][39m [37m-->[39m [37mPOST[39m [37m/wd/hub/session/6a46b977-4176-47fe-9e66-96534cd9a233/elements[39m
[35m[HTTP][39m [90m{"using":"xpath","value":"//*[@class = 'android.widget.TextView' and (@text = 'Skip' or . = 'Skip')]"}[39m
[35m[HTTP][39m [37m<-- POST /wd/hub/session/6a46b977-4176-47fe-9e66-96534cd9a233/elements [39m[32m200[39m [90m558 ms - 12[39m
[35m[HTTP][39m [90m[39m
[35m[HTTP][39m [37m-->[39m [37mPOST[39m [37m/wd/hub/session/6a46b977-4176-47fe-9e66-96534cd9a233/elements[39m
[35m[HTTP][39m [90m{"using":"xpath","value":"//*[@class = 'android.widget.TextView' and (@text = 'Skip' or . = 'Skip')]"}[39m
[35m[HTTP][39m [37m<-- POST /wd/hub/session/6a46b977-4176-47fe-9e66-96534cd9a233/elements [39m[32m200[39m [90m556 ms - 12[39m
[35m[HTTP][39m [90m[39m
[35m[HTTP][39m [37m-->[39m [37mPOST[39m [37m/wd/hub/session/6a46b977-4176-47fe-9e66-96534cd9a233/elements[39m
[35m[HTTP][39m [90m{"using":"xpath","value":"//*[@class = 'android.widget.TextView' and (@text = 'Skip' or . = 'Skip')]"}[39m
[35m[HTTP][39m [37m<-- POST /wd/hub/session/6a46b977-4176-47fe-9e66-96534cd9a233/elements [39m[32m200[39m [90m564 ms - 12[39m
[35m[HTTP][39m [90m[39m
[35m[HTTP][39m [37m-->[39m [37mPOST[39m [37m/wd/hub/session/6a46b977-4176-47fe-9e66-96534cd9a233/elements[39m
[35m[HTTP][39m [90m{"using":"xpath","value":"//*[@class = 'android.widget.TextView' and (@text = 'Skip' or . = 'Skip')]"}[39m
[35m[HTTP][39m [37m<-- POST /wd/hub/session/6a46b977-4176-47fe-9e66-96534cd9a233/elements [39m[32m200[39m [90m580 ms - 12[39m
[35m[HTTP][39m [90m[39m
[35m[HTTP][39m [37m-->[39m [37mPOST[39m [37m/wd/hub/session/6a46b977-4176-47fe-9e66-96534cd9a233/elements[39m
[35m[HTTP][39m [90m{"using":"xpath","value":"//*[@class = 'android.widget.TextView' and (@text = 'Skip' or . = 'Skip')]"}[39m
[35m[HTTP][39m [37m<-- POST /wd/hub/session/6a46b977-4176-47fe-9e66-96534cd9a233/elements [39m[32m200[39m [90m580 ms - 12[39m
[35m[HTTP][39m [90m[39m
[35m[HTTP][39m [37m-->[39m [37mPOST[39m [37m/wd/hub/session/6a46b977-4176-47fe-9e66-96534cd9a233/elements[39m
[35m[HTTP][39m [90m{"using":"xpath","value":"//*[@class = 'android.widget.TextView' and (@text = 'Skip' or . = 'Skip')]"}[39m
[35m[HTTP][39m [37m<-- POST /wd/hub/session/6a46b977-4176-47fe-9e66-96534cd9a233/elements [39m[32m200[39m [90m567 ms - 12[39m
[35m[HTTP][39m [90m[39m
[35m[HTTP][39m [37m-->[39m [37mPOST[39m [37m/wd/hub/session/6a46b977-4176-47fe-9e66-96534cd9a233/elements[39m
[35m[HTTP][39m [90m{"using":"xpath","value":"//*[@class = 'android.widget.TextView' and (@text = 'Skip' or . = 'Skip')]"}[39m
[35m[HTTP][39m [37m<-- POST /wd/hub/session/6a46b977-4176-47fe-9e66-96534cd9a233/elements [39m[32m200[39m [90m574 ms - 12[39m
[35m[HTTP][39m [90m[39m
[35m[HTTP][39m [37m-->[39m [37mPOST[39m [37m/wd/hub/session/6a46b977-4176-47fe-9e66-96534cd9a233/elements[39m
[35m[HTTP][39m [90m{"using":"xpath","value":"//*[@class = 'android.widget.TextView' and (@text = 'Skip' or . = 'Skip')]"}[39m
[35m[HTTP][39m [37m<-- POST /wd/hub/session/6a46b977-4176-47fe-9e66-96534cd9a233/elements [39m[32m200[39m [90m576 ms - 12[39m
[35m[HTTP][39m [90m[39m
[35m[HTTP][39m [37m-->[39m [37mPOST[39m [37m/wd/hub/session/6a46b977-4176-47fe-9e66-96534cd9a233/elements[39m
[35m[HTTP][39m [90m{"using":"xpath","value":"//*[@class = 'android.widget.TextView' and (@text = 'Skip' or . = 'Skip')]"}[39m
[35m[HTTP][39m [37m<-- POST /wd/hub/session/6a46b977-4176-47fe-9e66-96534cd9a233/elements [39m[32m200[39m [90m581 ms - 12[39m
[35m[HTTP][39m [90m[39m
[35m[HTTP][39m [37m-->[39m [37mPOST[39m [37m/wd/hub/session/6a46b977-4176-47fe-9e66-96534cd9a233/elements[39m
[35m[HTTP][39m [90m{"using":"xpath","value":"//*[@class = 'android.widget.TextView' and (@text = 'Skip' or . = 'Skip')]"}[39m
[35m[HTTP][39m [37m<-- POST /wd/hub/session/6a46b977-4176-47fe-9e66-96534cd9a233/elements [39m[32m200[39m [90m573 ms - 12[39m
[35m[HTTP][39m [90m[39m
[35m[HTTP][39m [37m-->[39m [37mPOST[39m [37m/wd/hub/session/6a46b977-4176-47fe-9e66-96534cd9a233/elements[39m
[35m[HTTP][39m [90m{"using":"xpath","value":"//*[@class = 'android.widget.TextView' and (@text = 'Skip' or . = 'Skip')]"}[39m
[35m[HTTP][39m [37m<-- POST /wd/hub/session/6a46b977-4176-47fe-9e66-96534cd9a233/elements [39m[32m200[39m [90m562 ms - 12[39m
[35m[HTTP][39m [90m[39m
[35m[HTTP][39m [37m-->[39m [37mPOST[39m [37m/wd/hub/session/6a46b977-4176-47fe-9e66-96534cd9a233/elements[39m
[35m[HTTP][39m [90m{"using":"xpath","value":"//*[@class = 'android.widget.TextView' and (@text = 'Skip' or . = 'Skip')]"}[39m
[35m[HTTP][39m [37m<-- POST /wd/hub/session/6a46b977-4176-47fe-9e66-96534cd9a233/elements [39m[32m200[39m [90m53 ms - 12[39m
[35m[HTTP][39m [90m[39m
[35m[HTTP][39m [37m-->[39m [37mPOST[39m [37m/wd/hub/session/6a46b977-4176-47fe-9e66-96534cd9a233/elements[39m
[35m[HTTP][39m [90m{"using":"xpath","value":"//*[@class = 'android.widget.TextView' and (@text = 'Skip' or . = 'Skip')]"}[39m
[35m[HTTP][39m [37m<-- POST /wd/hub/session/6a46b977-4176-47fe-9e66-96534cd9a233/elements [39m[32m200[39m [90m59 ms - 12[39m
[35m[HTTP][39m [90m[39m
[35m[HTTP][39m [37m-->[39m [37mPOST[39m [37m/wd/hub/session/6a46b977-4176-47fe-9e66-96534cd9a233/elements[39m
[35m[HTTP][39m [90m{"using":"xpath","value":"//*[@class = 'android.widget.TextView' and (@text = 'Skip' or . = 'Skip')]"}[39m
[35m[HTTP][39m [37m<-- POST /wd/hub/session/6a46b977-4176-47fe-9e66-96534cd9a233/elements [39m[32m200[39m [90m63 ms - 12[39m
[35m[HTTP][39m [90m[39m
[35m[HTTP][39m [37m-->[39m [37mPOST[39m [37m/wd/hub/session/6a46b977-4176-47fe-9e66-96534cd9a233/elements[39m
[35m[HTTP][39m [90m{"using":"xpath","value":"//*[@class = 'android.widget.TextView' and (@text = 'Skip' or . = 'Skip')]"}[39m
[35m[HTTP][39m [37m<-- POST /wd/hub/session/6a46b977-4176-47fe-9e66-96534cd9a233/elements [39m[32m200[39m [90m72 ms - 12[39m
[35m[HTTP][39m [90m[39m
[35m[HTTP][39m [37m-->[39m [37mPOST[39m [37m/wd/hub/session/6a46b977-4176-47fe-9e66-96534cd9a233/elements[39m
[35m[HTTP][39m [90m{"using":"xpath","value":"//*[@class = 'android.widget.TextView' and (@text = 'Skip' or . = 'Skip')]"}[39m
[35m[HTTP][39m [37m<-- POST /wd/hub/session/6a46b977-4176-47fe-9e66-96534cd9a233/elements [39m[32m200[39m [90m602 ms - 12[39m
[35m[HTTP][39m [90m[39m
[35m[HTTP][39m [37m-->[39m [37mPOST[39m [37m/wd/hub/session/6a46b977-4176-47fe-9e66-96534cd9a233/elements[39m
[35m[HTTP][39m [90m{"using":"xpath","value":"//*[@class = 'android.widget.TextView' and (@text = 'Skip' or . = 'Skip')]"}[39m
[35m[HTTP][39m [37m<-- POST /wd/hub/session/6a46b977-4176-47fe-9e66-96534cd9a233/elements [39m[32m200[39m [90m618 ms - 12[39m
[35m[HTTP][39m [90m[39m
[35m[HTTP][39m [37m-->[39m [37mPOST[39m [37m/wd/hub/session/6a46b977-4176-47fe-9e66-96534cd9a233/elements[39m
[35m[HTTP][39m [90m{"using":"xpath","value":"//*[@class = 'android.widget.TextView' and (@text = 'Skip' or . = 'Skip')]"}[39m
[35m[HTTP][39m [37m<-- POST /wd/hub/session/6a46b977-4176-47fe-9e66-96534cd9a233/elements [39m[32m200[39m [90m55 ms - 12[39m
[35m[HTTP][39m [90m[39m
[35m[HTTP][39m [37m-->[39m [37mPOST[39m [37m/wd/hub/session/6a46b977-4176-47fe-9e66-96534cd9a233/elements[39m
[35m[HTTP][39m [90m{"using":"xpath","value":"//*[@class = 'android.widget.TextView' and (@text = 'Skip' or . = 'Skip')]"}[39m
[35m[HTTP][39m [37m<-- POST /wd/hub/session/6a46b977-4176-47fe-9e66-96534cd9a233/elements [39m[32m200[39m [90m52 ms - 12[39m
[35m[HTTP][39m [90m[39m
[35m[HTTP][39m [37m-->[39m [37mPOST[39m [37m/wd/hub/session/6a46b977-4176-47fe-9e66-96534cd9a233/elements[39m
[35m[HTTP][39m [90m{"using":"xpath","value":"//*[@class = 'android.widget.TextView' and (@text = 'Skip' or . = 'Skip')]"}[39m
[35m[HTTP][39m [37m<-- POST /wd/hub/session/6a46b977-4176-47fe-9e66-96534cd9a233/elements [39m[32m200[39m [90m57 ms - 12[39m
[35m[HTTP][39m [90m[39m
[35m[HTTP][39m [37m-->[39m [37mPOST[39m [37m/wd/hub/session/6a46b977-4176-47fe-9e66-96534cd9a233/elements[39m
[35m[HTTP][39m [90m{"using":"xpath","value":"//*[@class = 'android.widget.TextView' and (@text = 'Skip' or . = 'Skip')]"}[39m
[35m[HTTP][39m [37m<-- POST /wd/hub/session/6a46b977-4176-47fe-9e66-96534cd9a233/elements [39m[32m200[39m [90m56 ms - 12[39m
[35m[HTTP][39m [90m[39m
[35m[HTTP][39m [37m-->[39m [37mPOST[39m [37m/wd/hub/session/6a46b977-4176-47fe-9e66-96534cd9a233/elements[39m
[35m[HTTP][39m [90m{"using":"xpath","value":"//*[@class = 'android.widget.TextView' and (@text = 'Skip' or . = 'Skip')]"}[39m
[35m[HTTP][39m [37m<-- POST /wd/hub/session/6a46b977-4176-47fe-9e66-96534cd9a233/elements [39m[32m200[39m [90m57 ms - 12[39m
[35m[HTTP][39m [90m[39m
[35m[HTTP][39m [37m-->[39m [37mPOST[39m [37m/wd/hub/session/6a46b977-4176-47fe-9e66-96534cd9a233/elements[39m
[35m[HTTP][39m [90m{"using":"xpath","value":"//*[@class = 'android.widget.TextView' and (@text = 'Skip' or . = 'Skip')]"}[39m
[35m[HTTP][39m [37m<-- POST /wd/hub/session/6a46b977-4176-47fe-9e66-96534cd9a233/elements [39m[32m200[39m [90m56 ms - 12[39m
[35m[HTTP][39m [90m[39m
[35m[HTTP][39m [37m-->[39m [37mPOST[39m [37m/wd/hub/session/6a46b977-4176-47fe-9e66-96534cd9a233/elements[39m
[35m[HTTP][39m [90m{"using":"xpath","value":"//*[@class = 'android.widget.TextView' and (@text = 'Skip' or . = 'Skip')]"}[39m
[35m[HTTP][39m [37m<-- POST /wd/hub/session/6a46b977-4176-47fe-9e66-96534cd9a233/elements [39m[32m200[39m [90m57 ms - 12[39m
[35m[HTTP][39m [90m[39m
[35m[HTTP][39m [37m-->[39m [37mPOST[39m [37m/wd/hub/session/6a46b977-4176-47fe-9e66-96534cd9a233/elements[39m
[35m[HTTP][39m [90m{"using":"xpath","value":"//*[@class = 'android.widget.TextView' and (@text = 'Skip' or . = 'Skip')]"}[39m
[35m[HTTP][39m [37m<-- POST /wd/hub/session/6a46b977-4176-47fe-9e66-96534cd9a233/elements [39m[32m200[39m [90m58 ms - 12[39m
[35m[HTTP][39m [90m[39m
[35m[HTTP][39m [37m-->[39m [37mPOST[39m [37m/wd/hub/session/6a46b977-4176-47fe-9e66-96534cd9a233/elements[39m
[35m[HTTP][39m [90m{"using":"xpath","value":"//*[@class = 'android.widget.TextView' and (@text = 'Skip' or . = 'Skip')]"}[39m
[35m[HTTP][39m [37m<-- POST /wd/hub/session/6a46b977-4176-47fe-9e66-96534cd9a233/elements [39m[32m200[39m [90m52 ms - 12[39m
[35m[HTTP][39m [90m[39m
[35m[HTTP][39m [37m-->[39m [37mPOST[39m [37m/wd/hub/session/6a46b977-4176-47fe-9e66-96534cd9a233/elements[39m
[35m[HTTP][39m [90m{"using":"xpath","value":"//*[@class = 'android.widget.TextView' and (@text = 'Skip' or . = 'Skip')]"}[39m
[35m[HTTP][39m [37m<-- POST /wd/hub/session/6a46b977-4176-47fe-9e66-96534cd9a233/elements [39m[32m200[39m [90m618 ms - 12[39m
[35m[HTTP][39m [90m[39m
[35m[HTTP][39m [37m-->[39m [37mPOST[39m [37m/wd/hub/session/6a46b977-4176-47fe-9e66-96534cd9a233/elements[39m
[35m[HTTP][39m [90m{"using":"xpath","value":"//*[@class = 'android.widget.TextView' and (@text = 'Skip' or . = 'Skip')]"}[39m
[35m[HTTP][39m [37m<-- POST /wd/hub/session/6a46b977-4176-47fe-9e66-96534cd9a233/elements [39m[32m200[39m [90m614 ms - 12[39m
[35m[HTTP][39m [90m[39m
[35m[HTTP][39m [37m-->[39m [37mPOST[39m [37m/wd/hub/session/6a46b977-4176-47fe-9e66-96534cd9a233/timeouts[39m
[35m[HTTP][39m [90m{"implicit":60000}[39m
[35m[HTTP][39m [37m<-- POST /wd/hub/session/6a46b977-4176-47fe-9e66-96534cd9a233/timeouts [39m[32m200[39m [90m1 ms - 14[39m
[35m[HTTP][39m [90m[39m
[35m[HTTP][39m [37m-->[39m [37mPOST[39m [37m/wd/hub/session/6a46b977-4176-47fe-9e66-96534cd9a233/timeouts[39m
[35m[HTTP][39m [90m{"implicit":50}[39m
[35m[HTTP][39m [37m<-- POST /wd/hub/session/6a46b977-4176-47fe-9e66-96534cd9a233/timeouts [39m[32m200[39m [90m1 ms - 14[39m
[35m[HTTP][39m [90m[39m
[35m[HTTP][39m [37m-->[39m [37mGET[39m [37m/wd/hub/session/6a46b977-4176-47fe-9e66-96534cd9a233/window/rect[39m
[35m[HTTP][39m [90m{}[39m
[35m[HTTP][39m [37m<-- GET /wd/hub/session/6a46b977-4176-47fe-9e66-96534cd9a233/window/rect [39m[32m200[39m [90m19 ms - 50[39m
[35m[HTTP][39m [90m[39m
[35m[HTTP][39m [37m-->[39m [37mPOST[39m [37m/wd/hub/session/6a46b977-4176-47fe-9e66-96534cd9a233/elements[39m
[35m[HTTP][39m [90m{"using":"xpath","value":"//*[@class = 'android.widget.TextView' and (@text = 'Your enhanced experience\nis here.' or . = 'Your enhanced experience\nis here.')]"}[39m
[35m[HTTP][39m [37m<-- POST /wd/hub/session/6a46b977-4176-47fe-9e66-96534cd9a233/elements [39m[32m200[39m [90m615 ms - 12[39m
[35m[HTTP][39m [90m[39m
[35m[HTTP][39m [37m-->[39m [37mPOST[39m [37m/wd/hub/session/6a46b977-4176-47fe-9e66-96534cd9a233/elements[39m
[35m[HTTP][39m [90m{"using":"xpath","value":"//*[@class = 'android.widget.TextView' and (@text = 'Your enhanced experience\nis here.' or . = 'Your enhanced experience\nis here.')]"}[39m
[35m[HTTP][39m [37m<-- POST /wd/hub/session/6a46b977-4176-47fe-9e66-96534cd9a233/elements [39m[32m200[39m [90m57 ms - 12[39m
[35m[HTTP][39m [90m[39m
[35m[HTTP][39m [37m-->[39m [37mPOST[39m [37m/wd/hub/session/6a46b977-4176-47fe-9e66-96534cd9a233/elements[39m
[35m[HTTP][39m [90m{"using":"xpath","value":"//*[@class = 'android.widget.TextView' and (@text = 'Your enhanced experience\nis here.' or . = 'Your enhanced experience\nis here.')]"}[39m
[35m[HTTP][39m [37m<-- POST /wd/hub/session/6a46b977-4176-47fe-9e66-96534cd9a233/elements [39m[32m200[39m [90m600 ms - 12[39m
[35m[HTTP][39m [90m[39m
[35m[HTTP][39m [37m-->[39m [37mPOST[39m [37m/wd/hub/session/6a46b977-4176-47fe-9e66-96534cd9a233/elements[39m
[35m[HTTP][39m [90m{"using":"xpath","value":"//*[@class = 'android.widget.TextView' and (@text = 'Your enhanced experience\nis here.' or . = 'Your enhanced experience\nis here.')]"}[39m
[35m[HTTP][39m [37m<-- POST /wd/hub/session/6a46b977-4176-47fe-9e66-96534cd9a233/elements [39m[32m200[39m [90m599 ms - 12[39m
[35m[HTTP][39m [90m[39m
[35m[HTTP][39m [37m-->[39m [37mPOST[39m [37m/wd/hub/session/6a46b977-4176-47fe-9e66-96534cd9a233/elements[39m
[35m[HTTP][39m [90m{"using":"xpath","value":"//*[@class = 'android.widget.TextView' and (@text = 'Your enhanced experience\nis here.' or . = 'Your enhanced experience\nis here.')]"}[39m
[35m[HTTP][39m [37m<-- POST /wd/hub/session/6a46b977-4176-47fe-9e66-96534cd9a233/elements [39m[32m200[39m [90m611 ms - 12[39m
[35m[HTTP][39m [90m[39m
[35m[HTTP][39m [37m-->[39m [37mPOST[39m [37m/wd/hub/session/6a46b977-4176-47fe-9e66-96534cd9a233/elements[39m
[35m[HTTP][39m [90m{"using":"xpath","value":"//*[@class = 'android.widget.TextView' and (@text = 'Your enhanced experience\nis here.' or . = 'Your enhanced experience\nis here.')]"}[39m
[35m[HTTP][39m [37m<-- POST /wd/hub/session/6a46b977-4176-47fe-9e66-96534cd9a233/elements [39m[32m200[39m [90m618 ms - 12[39m
[35m[HTTP][39m [90m[39m
[35m[HTTP][39m [37m-->[39m [37mPOST[39m [37m/wd/hub/session/6a46b977-4176-47fe-9e66-96534cd9a233/elements[39m
[35m[HTTP][39m [90m{"using":"xpath","value":"//*[@class = 'android.widget.TextView' and (@text = 'Your enhanced experience\nis here.' or . = 'Your enhanced experience\nis here.')]"}[39m
[35m[HTTP][39m [37m<-- POST /wd/hub/session/6a46b977-4176-47fe-9e66-96534cd9a233/elements [39m[32m200[39m [90m618 ms - 12[39m
[35m[HTTP][39m [90m[39m
[35m[HTTP][39m [37m-->[39m [37mPOST[39m [37m/wd/hub/session/6a46b977-4176-47fe-9e66-96534cd9a233/elements[39m
[35m[HTTP][39m [90m{"using":"xpath","value":"//*[@class = 'android.widget.TextView' and (@text = 'Your enhanced experience\nis here.' or . = 'Your enhanced experience\nis here.')]"}[39m
[35m[HTTP][39m [37m<-- POST /wd/hub/session/6a46b977-4176-47fe-9e66-96534cd9a233/elements [39m[32m200[39m [90m59 ms - 12[39m
[35m[HTTP][39m [90m[39m
[35m[HTTP][39m [37m-->[39m [37mPOST[39m [37m/wd/hub/session/6a46b977-4176-47fe-9e66-96534cd9a233/elements[39m
[35m[HTTP][39m [90m{"using":"xpath","value":"//*[@class = 'android.widget.TextView' and (@text = 'Your enhanced experience\nis here.' or . = 'Your enhanced experience\nis here.')]"}[39m
[35m[HTTP][39m [37m<-- POST /wd/hub/session/6a46b977-4176-47fe-9e66-96534cd9a233/elements [39m[32m200[39m [90m606 ms - 12[39m
[35m[HTTP][39m [90m[39m
[35m[HTTP][39m [37m-->[39m [37mPOST[39m [37m/wd/hub/session/6a46b977-4176-47fe-9e66-96534cd9a233/elements[39m
[35m[HTTP][39m [90m{"using":"xpath","value":"//*[@class = 'android.widget.TextView' and (@text = 'Your enhanced experience\nis here.' or . = 'Your enhanced experience\nis here.')]"}[39m
[35m[HTTP][39m [37m<-- POST /wd/hub/session/6a46b977-4176-47fe-9e66-96534cd9a233/elements [39m[32m200[39m [90m608 ms - 12[39m
[35m[HTTP][39m [90m[39m
[35m[HTTP][39m [37m-->[39m [37mPOST[39m [37m/wd/hub/session/6a46b977-4176-47fe-9e66-96534cd9a233/elements[39m
[35m[HTTP][39m [90m{"using":"xpath","value":"//*[@class = 'android.widget.TextView' and (@text = 'Your enhanced experience\nis here.' or . = 'Your enhanced experience\nis here.')]"}[39m
[35m[HTTP][39m [37m<-- POST /wd/hub/session/6a46b977-4176-47fe-9e66-96534cd9a233/elements [39m[32m200[39m [90m51 ms - 12[39m
[35m[HTTP][39m [90m[39m
[35m[HTTP][39m [37m-->[39m [37mPOST[39m [37m/wd/hub/session/6a46b977-4176-47fe-9e66-96534cd9a233/elements[39m
[35m[HTTP][39m [90m{"using":"xpath","value":"//*[@class = 'android.widget.TextView' and (@text = 'Your enhanced experience\nis here.' or . = 'Your enhanced experience\nis here.')]"}[39m
[35m[HTTP][39m [37m<-- POST /wd/hub/session/6a46b977-4176-47fe-9e66-96534cd9a233/elements [39m[32m200[39m [90m595 ms - 12[39m
[35m[HTTP][39m [90m[39m
[35m[HTTP][39m [37m-->[39m [37mPOST[39m [37m/wd/hub/session/6a46b977-4176-47fe-9e66-96534cd9a233/elements[39m
[35m[HTTP][39m [90m{"using":"xpath","value":"//*[@class = 'android.widget.TextView' and (@text = 'Your enhanced experience\nis here.' or . = 'Your enhanced experience\nis here.')]"}[39m
[35m[HTTP][39m [37m<-- POST /wd/hub/session/6a46b977-4176-47fe-9e66-96534cd9a233/elements [39m[32m200[39m [90m592 ms - 12[39m
[35m[HTTP][39m [90m[39m
[35m[HTTP][39m [37m-->[39m [37mPOST[39m [37m/wd/hub/session/6a46b977-4176-47fe-9e66-96534cd9a233/elements[39m
[35m[HTTP][39m [90m{"using":"xpath","value":"//*[@class = 'android.widget.TextView' and (@text = 'Your enhanced experience\nis here.' or . = 'Your enhanced experience\nis here.')]"}[39m
[35m[HTTP][39m [37m<-- POST /wd/hub/session/6a46b977-4176-47fe-9e66-96534cd9a233/elements [39m[32m200[39m [90m599 ms - 12[39m
[35m[HTTP][39m [90m[39m
[35m[HTTP][39m [37m-->[39m [37mPOST[39m [37m/wd/hub/session/6a46b977-4176-47fe-9e66-96534cd9a233/elements[39m
[35m[HTTP][39m [90m{"using":"xpath","value":"//*[@class = 'android.widget.TextView' and (@text = 'Your enhanced experience\nis here.' or . = 'Your enhanced experience\nis here.')]"}[39m
[35m[HTTP][39m [37m<-- POST /wd/hub/session/6a46b977-4176-47fe-9e66-96534cd9a233/elements [39m[32m200[39m [90m617 ms - 12[39m
[35m[HTTP][39m [90m[39m
[35m[HTTP][39m [37m-->[39m [37mPOST[39m [37m/wd/hub/session/6a46b977-4176-47fe-9e66-96534cd9a233/elements[39m
[35m[HTTP][39m [90m{"using":"xpath","value":"//*[@class = 'android.widget.TextView' and (@text = 'Your enhanced experience\nis here.' or . = 'Your enhanced experience\nis here.')]"}[39m
[35m[HTTP][39m [37m<-- POST /wd/hub/session/6a46b977-4176-47fe-9e66-96534cd9a233/elements [39m[32m200[39m [90m612 ms - 12[39m
[35m[HTTP][39m [90m[39m
[35m[HTTP][39m [37m-->[39m [37mPOST[39m [37m/wd/hub/session/6a46b977-4176-47fe-9e66-96534cd9a233/elements[39m
[35m[HTTP][39m [90m{"using":"xpath","value":"//*[@class = 'android.widget.TextView' and (@text = 'Your enhanced experience\nis here.' or . = 'Your enhanced experience\nis here.')]"}[39m
[35m[HTTP][39m [37m<-- POST /wd/hub/session/6a46b977-4176-47fe-9e66-96534cd9a233/elements [39m[32m200[39m [90m54 ms - 12[39m
[35m[HTTP][39m [90m[39m
[35m[HTTP][39m [37m-->[39m [37mPOST[39m [37m/wd/hub/session/6a46b977-4176-47fe-9e66-96534cd9a233/elements[39m
[35m[HTTP][39m [90m{"using":"xpath","value":"//*[@class = 'android.widget.TextView' and (@text = 'Your enhanced experience\nis here.' or . = 'Your enhanced experience\nis here.')]"}[39m
[35m[HTTP][39m [37m<-- POST /wd/hub/session/6a46b977-4176-47fe-9e66-96534cd9a233/elements [39m[32m200[39m [90m608 ms - 12[39m
[35m[HTTP][39m [90m[39m
[35m[HTTP][39m [37m-->[39m [37mPOST[39m [37m/wd/hub/session/6a46b977-4176-47fe-9e66-96534cd9a233/elements[39m
[35m[HTTP][39m [90m{"using":"xpath","value":"//*[@class = 'android.widget.TextView' and (@text = 'Your enhanced experience\nis here.' or . = 'Your enhanced experience\nis here.')]"}[39m
[35m[HTTP][39m [37m<-- POST /wd/hub/session/6a46b977-4176-47fe-9e66-96534cd9a233/elements [39m[32m200[39m [90m56 ms - 12[39m
[35m[HTTP][39m [90m[39m
[35m[HTTP][39m [37m-->[39m [37mPOST[39m [37m/wd/hub/session/6a46b977-4176-47fe-9e66-96534cd9a233/elements[39m
[35m[HTTP][39m [90m{"using":"xpath","value":"//*[@class = 'android.widget.TextView' and (@text = 'Your enhanced experience\nis here.' or . = 'Your enhanced experience\nis here.')]"}[39m
[35m[HTTP][39m [37m<-- POST /wd/hub/session/6a46b977-4176-47fe-9e66-96534cd9a233/elements [39m[32m200[39m [90m545 ms - 12[39m
[35m[HTTP][39m [90m[39m
[35m[HTTP][39m [37m-->[39m [37mPOST[39m [37m/wd/hub/session/6a46b977-4176-47fe-9e66-96534cd9a233/elements[39m
[35m[HTTP][39m [90m{"using":"xpath","value":"//*[@class = 'android.widget.TextView' and (@text = 'Your enhanced experience\nis here.' or . = 'Your enhanced experience\nis here.')]"}[39m
[35m[HTTP][39m [37m<-- POST /wd/hub/session/6a46b977-4176-47fe-9e66-96534cd9a233/elements [39m[32m200[39m [90m57 ms - 12[39m
[35m[HTTP][39m [90m[39m
[35m[HTTP][39m [37m-->[39m [37mPOST[39m [37m/wd/hub/session/6a46b977-4176-47fe-9e66-96534cd9a233/elements[39m
[35m[HTTP][39m [90m{"using":"xpath","value":"//*[@class = 'android.widget.TextView' and (@text = 'Your enhanced experience\nis here.' or . = 'Your enhanced experience\nis here.')]"}[39m
[35m[HTTP][39m [37m<-- POST /wd/hub/session/6a46b977-4176-47fe-9e66-96534cd9a233/elements [39m[32m200[39m [90m1735 ms - 12[39m
[35m[HTTP][39m [90m[39m
[35m[HTTP][39m [37m-->[39m [37mPOST[39m [37m/wd/hub/session/6a46b977-4176-47fe-9e66-96534cd9a233/timeouts[39m
[35m[HTTP][39m [90m{"implicit":60000}[39m
[35m[HTTP][39m [37m<-- POST /wd/hub/session/6a46b977-4176-47fe-9e66-96534cd9a233/timeouts [39m[32m200[39m [90m2 ms - 14[39m
[35m[HTTP][39m [90m[39m
[35m[HTTP][39m [37m-->[39m [37mPOST[39m [37m/wd/hub/session/6a46b977-4176-47fe-9e66-96534cd9a233/timeouts[39m
[35m[HTTP][39m [90m{"implicit":50}[39m
[35m[HTTP][39m [37m<-- POST /wd/hub/session/6a46b977-4176-47fe-9e66-96534cd9a233/timeouts [39m[32m200[39m [90m1 ms - 14[39m
[35m[HTTP][39m [90m[39m
[35m[HTTP][39m [37m-->[39m [37mGET[39m [37m/wd/hub/session/6a46b977-4176-47fe-9e66-96534cd9a233/window/rect[39m
[35m[HTTP][39m [90m{}[39m
[35m[HTTP][39m [37m<-- GET /wd/hub/session/6a46b977-4176-47fe-9e66-96534cd9a233/window/rect [39m[32m200[39m [90m16 ms - 50[39m
[35m[HTTP][39m [90m[39m
[35m[HTTP][39m [37m-->[39m [37mPOST[39m [37m/wd/hub/session/6a46b977-4176-47fe-9e66-96534cd9a233/elements[39m
[35m[HTTP][39m [90m{"using":"xpath","value":"//*[@class = 'android.widget.TextView' and (@text = 'Set Up Wallet' or . = 'Set Up Wallet')]"}[39m
[35m[HTTP][39m [37m<-- POST /wd/hub/session/6a46b977-4176-47fe-9e66-96534cd9a233/elements [39m[32m200[39m [90m52 ms - 12[39m
[35m[HTTP][39m [90m[39m
[35m[HTTP][39m [37m-->[39m [37mPOST[39m [37m/wd/hub/session/6a46b977-4176-47fe-9e66-96534cd9a233/elements[39m
[35m[HTTP][39m [90m{"using":"xpath","value":"//*[@class = 'android.widget.TextView' and (@text = 'Set Up Wallet' or . = 'Set Up Wallet')]"}[39m
[35m[HTTP][39m [37m<-- POST /wd/hub/session/6a46b977-4176-47fe-9e66-96534cd9a233/elements [39m[32m200[39m [90m56 ms - 12[39m
[35m[HTTP][39m [90m[39m
[35m[HTTP][39m [37m-->[39m [37mPOST[39m [37m/wd/hub/session/6a46b977-4176-47fe-9e66-96534cd9a233/elements[39m
[35m[HTTP][39m [90m{"using":"xpath","value":"//*[@class = 'android.widget.TextView' and (@text = 'Set Up Wallet' or . = 'Set Up Wallet')]"}[39m
[35m[HTTP][39m [37m<-- POST /wd/hub/session/6a46b977-4176-47fe-9e66-96534cd9a233/elements [39m[32m200[39m [90m69 ms - 12[39m
[35m[HTTP][39m [90m[39m
[35m[HTTP][39m [37m-->[39m [37mPOST[39m [37m/wd/hub/session/6a46b977-4176-47fe-9e66-96534cd9a233/elements[39m
[35m[HTTP][39m [90m{"using":"xpath","value":"//*[@class = 'android.widget.TextView' and (@text = 'Set Up Wallet' or . = 'Set Up Wallet')]"}[39m
[35m[HTTP][39m [37m<-- POST /wd/hub/session/6a46b977-4176-47fe-9e66-96534cd9a233/elements [39m[32m200[39m [90m63 ms - 12[39m
[35m[HTTP][39m [90m[39m
[35m[HTTP][39m [37m-->[39m [37mPOST[39m [37m/wd/hub/session/6a46b977-4176-47fe-9e66-96534cd9a233/elements[39m
[35m[HTTP][39m [90m{"using":"xpath","value":"//*[@class = 'android.widget.TextView' and (@text = 'Set Up Wallet' or . = 'Set Up Wallet')]"}[39m
[35m[HTTP][39m [37m<-- POST /wd/hub/session/6a46b977-4176-47fe-9e66-96534cd9a233/elements [39m[32m200[39m [90m640 ms - 12[39m
[35m[HTTP][39m [90m[39m
[35m[HTTP][39m [37m-->[39m [37mPOST[39m [37m/wd/hub/session/6a46b977-4176-47fe-9e66-96534cd9a233/elements[39m
[35m[HTTP][39m [90m{"using":"xpath","value":"//*[@class = 'android.widget.TextView' and (@text = 'Set Up Wallet' or . = 'Set Up Wallet')]"}[39m
[35m[HTTP][39m [37m<-- POST /wd/hub/session/6a46b977-4176-47fe-9e66-96534cd9a233/elements [39m[32m200[39m [90m66 ms - 12[39m
[35m[HTTP][39m [90m[39m
[35m[HTTP][39m [37m-->[39m [37mPOST[39m [37m/wd/hub/session/6a46b977-4176-47fe-9e66-96534cd9a233/elements[39m
[35m[HTTP][39m [90m{"using":"xpath","value":"//*[@class = 'android.widget.TextView' and (@text = 'Set Up Wallet' or . = 'Set Up Wallet')]"}[39m
[35m[HTTP][39m [37m<-- POST /wd/hub/session/6a46b977-4176-47fe-9e66-96534cd9a233/elements [39m[32m200[39m [90m66 ms - 12[39m
[35m[HTTP][39m [90m[39m
[35m[HTTP][39m [37m-->[39m [37mPOST[39m [37m/wd/hub/session/6a46b977-4176-47fe-9e66-96534cd9a233/elements[39m
[35m[HTTP][39m [90m{"using":"xpath","value":"//*[@class = 'android.widget.TextView' and (@text = 'Set Up Wallet' or . = 'Set Up Wallet')]"}[39m
[35m[HTTP][39m [37m<-- POST /wd/hub/session/6a46b977-4176-47fe-9e66-96534cd9a233/elements [39m[32m200[39m [90m70 ms - 12[39m
[35m[HTTP][39m [90m[39m
[35m[HTTP][39m [37m-->[39m [37mPOST[39m [37m/wd/hub/session/6a46b977-4176-47fe-9e66-96534cd9a233/elements[39m
[35m[HTTP][39m [90m{"using":"xpath","value":"//*[@class = 'android.widget.TextView' and (@text = 'Set Up Wallet' or . = 'Set Up Wallet')]"}[39m
[35m[HTTP][39m [37m<-- POST /wd/hub/session/6a46b977-4176-47fe-9e66-96534cd9a233/elements [39m[32m200[39m [90m71 ms - 12[39m
[35m[HTTP][39m [90m[39m
[35m[HTTP][39m [37m-->[39m [37mPOST[39m [37m/wd/hub/session/6a46b977-4176-47fe-9e66-96534cd9a233/elements[39m
[35m[HTTP][39m [90m{"using":"xpath","value":"//*[@class = 'android.widget.TextView' and (@text = 'Set Up Wallet' or . = 'Set Up Wallet')]"}[39m
[35m[HTTP][39m [37m<-- POST /wd/hub/session/6a46b977-4176-47fe-9e66-96534cd9a233/elements [39m[32m200[39m [90m67 ms - 12[39m
[35m[HTTP][39m [90m[39m
[35m[HTTP][39m [37m-->[39m [37mPOST[39m [37m/wd/hub/session/6a46b977-4176-47fe-9e66-96534cd9a233/elements[39m
[35m[HTTP][39m [90m{"using":"xpath","value":"//*[@class = 'android.widget.TextView' and (@text = 'Set Up Wallet' or . = 'Set Up Wallet')]"}[39m
[35m[HTTP][39m [37m<-- POST /wd/hub/session/6a46b977-4176-47fe-9e66-96534cd9a233/elements [39m[32m200[39m [90m72 ms - 12[39m
[35m[HTTP][39m [90m[39m
[35m[HTTP][39m [37m-->[39m [37mPOST[39m [37m/wd/hub/session/6a46b977-4176-47fe-9e66-96534cd9a233/elements[39m
[35m[HTTP][39m [90m{"using":"xpath","value":"//*[@class = 'android.widget.TextView' and (@text = 'Set Up Wallet' or . = 'Set Up Wallet')]"}[39m
[35m[HTTP][39m [37m<-- POST /wd/hub/session/6a46b977-4176-47fe-9e66-96534cd9a233/elements [39m[32m200[39m [90m73 ms - 12[39m
[35m[HTTP][39m [90m[39m
[35m[HTTP][39m [37m-->[39m [37mPOST[39m [37m/wd/hub/session/6a46b977-4176-47fe-9e66-96534cd9a233/elements[39m
[35m[HTTP][39m [90m{"using":"xpath","value":"//*[@class = 'android.widget.TextView' and (@text = 'Set Up Wallet' or . = 'Set Up Wallet')]"}[39m
[35m[HTTP][39m [37m<-- POST /wd/hub/session/6a46b977-4176-47fe-9e66-96534cd9a233/elements [39m[32m200[39m [90m67 ms - 12[39m
[35m[HTTP][39m [90m[39m
[35m[HTTP][39m [37m-->[39m [37mPOST[39m [37m/wd/hub/session/6a46b977-4176-47fe-9e66-96534cd9a233/elements[39m
[35m[HTTP][39m [90m{"using":"xpath","value":"//*[@class = 'android.widget.TextView' and (@text = 'Set Up Wallet' or . = 'Set Up Wallet')]"}[39m
[35m[HTTP][39m [37m<-- POST /wd/hub/session/6a46b977-4176-47fe-9e66-96534cd9a233/elements [39m[32m200[39m [90m61 ms - 12[39m
[35m[HTTP][39m [90m[39m
[35m[HTTP][39m [37m-->[39m [37mPOST[39m [37m/wd/hub/session/6a46b977-4176-47fe-9e66-96534cd9a233/elements[39m
[35m[HTTP][39m [90m{"using":"xpath","value":"//*[@class = 'android.widget.TextView' and (@text = 'Set Up Wallet' or . = 'Set Up Wallet')]"}[39m
[35m[HTTP][39m [37m<-- POST /wd/hub/session/6a46b977-4176-47fe-9e66-96534cd9a233/elements [39m[32m200[39m [90m64 ms - 12[39m
[35m[HTTP][39m [90m[39m
[35m[HTTP][39m [37m-->[39m [37mPOST[39m [37m/wd/hub/session/6a46b977-4176-47fe-9e66-96534cd9a233/elements[39m
[35m[HTTP][39m [90m{"using":"xpath","value":"//*[@class = 'android.widget.TextView' and (@text = 'Set Up Wallet' or . = 'Set Up Wallet')]"}[39m
[35m[HTTP][39m [37m<-- POST /wd/hub/session/6a46b977-4176-47fe-9e66-96534cd9a233/elements [39m[32m200[39m [90m63 ms - 12[39m
[35m[HTTP][39m [90m[39m
[35m[HTTP][39m [37m-->[39m [37mPOST[39m [37m/wd/hub/session/6a46b977-4176-47fe-9e66-96534cd9a233/elements[39m
[35m[HTTP][39m [90m{"using":"xpath","value":"//*[@class = 'android.widget.TextView' and (@text = 'Set Up Wallet' or . = 'Set Up Wallet')]"}[39m
[35m[HTTP][39m [37m<-- POST /wd/hub/session/6a46b977-4176-47fe-9e66-96534cd9a233/elements [39m[32m200[39m [90m69 ms - 12[39m
[35m[HTTP][39m [90m[39m
[35m[HTTP][39m [37m-->[39m [37mPOST[39m [37m/wd/hub/session/6a46b977-4176-47fe-9e66-96534cd9a233/elements[39m
[35m[HTTP][39m [90m{"using":"xpath","value":"//*[@class = 'android.widget.TextView' and (@text = 'Set Up Wallet' or . = 'Set Up Wallet')]"}[39m
[35m[HTTP][39m [37m<-- POST /wd/hub/session/6a46b977-4176-47fe-9e66-96534cd9a233/elements [39m[32m200[39m [90m60 ms - 12[39m
[35m[HTTP][39m [90m[39m
[35m[HTTP][39m [37m-->[39m [37mPOST[39m [37m/wd/hub/session/6a46b977-4176-47fe-9e66-96534cd9a233/elements[39m
[35m[HTTP][39m [90m{"using":"xpath","value":"//*[@class = 'android.widget.TextView' and (@text = 'Set Up Wallet' or . = 'Set Up Wallet')]"}[39m
[35m[HTTP][39m [37m<-- POST /wd/hub/session/6a46b977-4176-47fe-9e66-96534cd9a233/elements [39m[32m200[39m [90m61 ms - 12[39m
[35m[HTTP][39m [90m[39m
[35m[HTTP][39m [37m-->[39m [37mPOST[39m [37m/wd/hub/session/6a46b977-4176-47fe-9e66-96534cd9a233/elements[39m
[35m[HTTP][39m [90m{"using":"xpath","value":"//*[@class = 'android.widget.TextView' and (@text = 'Set Up Wallet' or . = 'Set Up Wallet')]"}[39m
[35m[HTTP][39m [37m<-- POST /wd/hub/session/6a46b977-4176-47fe-9e66-96534cd9a233/elements [39m[32m200[39m [90m69 ms - 12[39m
[35m[HTTP][39m [90m[39m
[35m[HTTP][39m [37m-->[39m [37mPOST[39m [37m/wd/hub/session/6a46b977-4176-47fe-9e66-96534cd9a233/elements[39m
[35m[HTTP][39m [90m{"using":"xpath","value":"//*[@class = 'android.widget.TextView' and (@text = 'Set Up Wallet' or . = 'Set Up Wallet')]"}[39m
[35m[HTTP][39m [37m<-- POST /wd/hub/session/6a46b977-4176-47fe-9e66-96534cd9a233/elements [39m[32m200[39m [90m80 ms - 12[39m
[35m[HTTP][39m [90m[39m
[35m[HTTP][39m [37m-->[39m [37mPOST[39m [37m/wd/hub/session/6a46b977-4176-47fe-9e66-96534cd9a233/elements[39m
[35m[HTTP][39m [90m{"using":"xpath","value":"//*[@class = 'android.widget.TextView' and (@text = 'Set Up Wallet' or . = 'Set Up Wallet')]"}[39m
[35m[HTTP][39m [37m<-- POST /wd/hub/session/6a46b977-4176-47fe-9e66-96534cd9a233/elements [39m[32m200[39m [90m53 ms - 12[39m
[35m[HTTP][39m [90m[39m
[35m[HTTP][39m [37m-->[39m [37mPOST[39m [37m/wd/hub/session/6a46b977-4176-47fe-9e66-96534cd9a233/elements[39m
[35m[HTTP][39m [90m{"using":"xpath","value":"//*[@class = 'android.widget.TextView' and (@text = 'Set Up Wallet' or . = 'Set Up Wallet')]"}[39m
[35m[HTTP][39m [37m<-- POST /wd/hub/session/6a46b977-4176-47fe-9e66-96534cd9a233/elements [39m[32m200[39m [90m63 ms - 12[39m
[35m[HTTP][39m [90m[39m
[35m[HTTP][39m [37m-->[39m [37mPOST[39m [37m/wd/hub/session/6a46b977-4176-47fe-9e66-96534cd9a233/elements[39m
[35m[HTTP][39m [90m{"using":"xpath","value":"//*[@class = 'android.widget.TextView' and (@text = 'Set Up Wallet' or . = 'Set Up Wallet')]"}[39m
[35m[HTTP][39m [37m<-- POST /wd/hub/session/6a46b977-4176-47fe-9e66-96534cd9a233/elements [39m[32m200[39m [90m70 ms - 12[39m
[35m[HTTP][39m [90m[39m
[35m[HTTP][39m [37m-->[39m [37mPOST[39m [37m/wd/hub/session/6a46b977-4176-47fe-9e66-96534cd9a233/elements[39m
[35m[HTTP][39m [90m{"using":"xpath","value":"//*[@class = 'android.widget.TextView' and (@text = 'Set Up Wallet' or . = 'Set Up Wallet')]"}[39m
[35m[HTTP][39m [37m<-- POST /wd/hub/session/6a46b977-4176-47fe-9e66-96534cd9a233/elements [39m[32m200[39m [90m69 ms - 12[39m
[35m[HTTP][39m [90m[39m
[35m[HTTP][39m [37m-->[39m [37mPOST[39m [37m/wd/hub/session/6a46b977-4176-47fe-9e66-96534cd9a233/elements[39m
[35m[HTTP][39m [90m{"using":"xpath","value":"//*[@class = 'android.widget.TextView' and (@text = 'Set Up Wallet' or . = 'Set Up Wallet')]"}[39m
[35m[HTTP][39m [37m<-- POST /wd/hub/session/6a46b977-4176-47fe-9e66-96534cd9a233/elements [39m[32m200[39m [90m77 ms - 12[39m
[35m[HTTP][39m [90m[39m
[35m[HTTP][39m [37m-->[39m [37mPOST[39m [37m/wd/hub/session/6a46b977-4176-47fe-9e66-96534cd9a233/elements[39m
[35m[HTTP][39m [90m{"using":"xpath","value":"//*[@class = 'android.widget.TextView' and (@text = 'Set Up Wallet' or . = 'Set Up Wallet')]"}[39m
[35m[HTTP][39m [37m<-- POST /wd/hub/session/6a46b977-4176-47fe-9e66-96534cd9a233/elements [39m[32m200[39m [90m66 ms - 12[39m
[35m[HTTP][39m [90m[39m
[35m[HTTP][39m [37m-->[39m [37mPOST[39m [37m/wd/hub/session/6a46b977-4176-47fe-9e66-96534cd9a233/elements[39m
[35m[HTTP][39m [90m{"using":"xpath","value":"//*[@class = 'android.widget.TextView' and (@text = 'Set Up Wallet' or . = 'Set Up Wallet')]"}[39m
[35m[HTTP][39m [37m<-- POST /wd/hub/session/6a46b977-4176-47fe-9e66-96534cd9a233/elements [39m[32m200[39m [90m69 ms - 12[39m
[35m[HTTP][39m [90m[39m
[35m[HTTP][39m [37m-->[39m [37mPOST[39m [37m/wd/hub/session/6a46b977-4176-47fe-9e66-96534cd9a233/elements[39m
[35m[HTTP][39m [90m{"using":"xpath","value":"//*[@class = 'android.widget.TextView' and (@text = 'Set Up Wallet' or . = 'Set Up Wallet')]"}[39m
[35m[HTTP][39m [37m<-- POST /wd/hub/session/6a46b977-4176-47fe-9e66-96534cd9a233/elements [39m[32m200[39m [90m66 ms - 12[39m
[35m[HTTP][39m [90m[39m
[35m[HTTP][39m [37m-->[39m [37mPOST[39m [37m/wd/hub/session/6a46b977-4176-47fe-9e66-96534cd9a233/elements[39m
[35m[HTTP][39m [90m{"using":"xpath","value":"//*[@class = 'android.widget.TextView' and (@text = 'Set Up Wallet' or . = 'Set Up Wallet')]"}[39m
[35m[HTTP][39m [37m<-- POST /wd/hub/session/6a46b977-4176-47fe-9e66-96534cd9a233/elements [39m[32m200[39m [90m60 ms - 12[39m
[35m[HTTP][39m [90m[39m
[35m[HTTP][39m [37m-->[39m [37mPOST[39m [37m/wd/hub/session/6a46b977-4176-47fe-9e66-96534cd9a233/elements[39m
[35m[HTTP][39m [90m{"using":"xpath","value":"//*[@class = 'android.widget.TextView' and (@text = 'Set Up Wallet' or . = 'Set Up Wallet')]"}[39m
[35m[HTTP][39m [37m<-- POST /wd/hub/session/6a46b977-4176-47fe-9e66-96534cd9a233/elements [39m[32m200[39m [90m63 ms - 12[39m
[35m[HTTP][39m [90m[39m
[35m[HTTP][39m [37m-->[39m [37mPOST[39m [37m/wd/hub/session/6a46b977-4176-47fe-9e66-96534cd9a233/elements[39m
[35m[HTTP][39m [90m{"using":"xpath","value":"//*[@class = 'android.widget.TextView' and (@text = 'Set Up Wallet' or . = 'Set Up Wallet')]"}[39m
[35m[HTTP][39m [37m<-- POST /wd/hub/session/6a46b977-4176-47fe-9e66-96534cd9a233/elements [39m[32m200[39m [90m64 ms - 12[39m
[35m[HTTP][39m [90m[39m
[35m[HTTP][39m [37m-->[39m [37mPOST[39m [37m/wd/hub/session/6a46b977-4176-47fe-9e66-96534cd9a233/elements[39m
[35m[HTTP][39m [90m{"using":"xpath","value":"//*[@class = 'android.widget.TextView' and (@text = 'Set Up Wallet' or . = 'Set Up Wallet')]"}[39m
[35m[HTTP][39m [37m<-- POST /wd/hub/session/6a46b977-4176-47fe-9e66-96534cd9a233/elements [39m[32m200[39m [90m61 ms - 12[39m
[35m[HTTP][39m [90m[39m
[35m[HTTP][39m [37m-->[39m [37mPOST[39m [37m/wd/hub/session/6a46b977-4176-47fe-9e66-96534cd9a233/elements[39m
[35m[HTTP][39m [90m{"using":"xpath","value":"//*[@class = 'android.widget.TextView' and (@text = 'Set Up Wallet' or . = 'Set Up Wallet')]"}[39m
[35m[HTTP][39m [37m<-- POST /wd/hub/session/6a46b977-4176-47fe-9e66-96534cd9a233/elements [39m[32m200[39m [90m62 ms - 12[39m
[35m[HTTP][39m [90m[39m
[35m[HTTP][39m [37m-->[39m [37mPOST[39m [37m/wd/hub/session/6a46b977-4176-47fe-9e66-96534cd9a233/elements[39m
[35m[HTTP][39m [90m{"using":"xpath","value":"//*[@class = 'android.widget.TextView' and (@text = 'Set Up Wallet' or . = 'Set Up Wallet')]"}[39m
[35m[HTTP][39m [37m<-- POST /wd/hub/session/6a46b977-4176-47fe-9e66-96534cd9a233/elements [39m[32m200[39m [90m63 ms - 12[39m
[35m[HTTP][39m [90m[39m
[35m[HTTP][39m [37m-->[39m [37mPOST[39m [37m/wd/hub/session/6a46b977-4176-47fe-9e66-96534cd9a233/elements[39m
[35m[HTTP][39m [90m{"using":"xpath","value":"//*[@class = 'android.widget.TextView' and (@text = 'Set Up Wallet' or . = 'Set Up Wallet')]"}[39m
[35m[HTTP][39m [37m<-- POST /wd/hub/session/6a46b977-4176-47fe-9e66-96534cd9a233/elements [39m[32m200[39m [90m69 ms - 12[39m
[35m[HTTP][39m [90m[39m
[35m[HTTP][39m [37m-->[39m [37mPOST[39m [37m/wd/hub/session/6a46b977-4176-47fe-9e66-96534cd9a233/elements[39m
[35m[HTTP][39m [90m{"using":"xpath","value":"//*[@class = 'android.widget.TextView' and (@text = 'Set Up Wallet' or . = 'Set Up Wallet')]"}[39m
[35m[HTTP][39m [37m<-- POST /wd/hub/session/6a46b977-4176-47fe-9e66-96534cd9a233/elements [39m[32m200[39m [90m63 ms - 12[39m
[35m[HTTP][39m [90m[39m
[35m[HTTP][39m [37m-->[39m [37mPOST[39m [37m/wd/hub/session/6a46b977-4176-47fe-9e66-96534cd9a233/elements[39m
[35m[HTTP][39m [90m{"using":"xpath","value":"//*[@class = 'android.widget.TextView' and (@text = 'Set Up Wallet' or . = 'Set Up Wallet')]"}[39m
[35m[HTTP][39m [37m<-- POST /wd/hub/session/6a46b977-4176-47fe-9e66-96534cd9a233/elements [39m[32m200[39m [90m68 ms - 12[39m
[35m[HTTP][39m [90m[39m
[35m[HTTP][39m [37m-->[39m [37mPOST[39m [37m/wd/hub/session/6a46b977-4176-47fe-9e66-96534cd9a233/elements[39m
[35m[HTTP][39m [90m{"using":"xpath","value":"//*[@class = 'android.widget.TextView' and (@text = 'Set Up Wallet' or . = 'Set Up Wallet')]"}[39m
[35m[HTTP][39m [37m<-- POST /wd/hub/session/6a46b977-4176-47fe-9e66-96534cd9a233/elements [39m[32m200[39m [90m69 ms - 12[39m
[35m[HTTP][39m [90m[39m
[35m[HTTP][39m [37m-->[39m [37mPOST[39m [37m/wd/hub/session/6a46b977-4176-47fe-9e66-96534cd9a233/elements[39m
[35m[HTTP][39m [90m{"using":"xpath","value":"//*[@class = 'android.widget.TextView' and (@text = 'Set Up Wallet' or . = 'Set Up Wallet')]"}[39m
[35m[HTTP][39m [37m<-- POST /wd/hub/session/6a46b977-4176-47fe-9e66-96534cd9a233/elements [39m[32m200[39m [90m65 ms - 12[39m
[35m[HTTP][39m [90m[39m
[35m[HTTP][39m [37m-->[39m [37mPOST[39m [37m/wd/hub/session/6a46b977-4176-47fe-9e66-96534cd9a233/elements[39m
[35m[HTTP][39m [90m{"using":"xpath","value":"//*[@class = 'android.widget.TextView' and (@text = 'Set Up Wallet' or . = 'Set Up Wallet')]"}[39m
[35m[HTTP][39m [37m<-- POST /wd/hub/session/6a46b977-4176-47fe-9e66-96534cd9a233/elements [39m[32m200[39m [90m64 ms - 12[39m
[35m[HTTP][39m [90m[39m
[35m[HTTP][39m [37m-->[39m [37mPOST[39m [37m/wd/hub/session/6a46b977-4176-47fe-9e66-96534cd9a233/elements[39m
[35m[HTTP][39m [90m{"using":"xpath","value":"//*[@class = 'android.widget.TextView' and (@text = 'Set Up Wallet' or . = 'Set Up Wallet')]"}[39m
[35m[HTTP][39m [37m<-- POST /wd/hub/session/6a46b977-4176-47fe-9e66-96534cd9a233/elements [39m[32m200[39m [90m76 ms - 12[39m
[35m[HTTP][39m [90m[39m
[35m[HTTP][39m [37m-->[39m [37mPOST[39m [37m/wd/hub/session/6a46b977-4176-47fe-9e66-96534cd9a233/elements[39m
[35m[HTTP][39m [90m{"using":"xpath","value":"//*[@class = 'android.widget.TextView' and (@text = 'Set Up Wallet' or . = 'Set Up Wallet')]"}[39m
[35m[HTTP][39m [37m<-- POST /wd/hub/session/6a46b977-4176-47fe-9e66-96534cd9a233/elements [39m[32m200[39m [90m64 ms - 12[39m
[35m[HTTP][39m [90m[39m
[35m[HTTP][39m [37m-->[39m [37mPOST[39m [37m/wd/hub/session/6a46b977-4176-47fe-9e66-96534cd9a233/elements[39m
[35m[HTTP][39m [90m{"using":"xpath","value":"//*[@class = 'android.widget.TextView' and (@text = 'Set Up Wallet' or . = 'Set Up Wallet')]"}[39m
[35m[HTTP][39m [37m<-- POST /wd/hub/session/6a46b977-4176-47fe-9e66-96534cd9a233/elements [39m[32m200[39m [90m63 ms - 12[39m
[35m[HTTP][39m [90m[39m
[35m[HTTP][39m [37m-->[39m [37mPOST[39m [37m/wd/hub/session/6a46b977-4176-47fe-9e66-96534cd9a233/elements[39m
[35m[HTTP][39m [90m{"using":"xpath","value":"//*[@class = 'android.widget.TextView' and (@text = 'Set Up Wallet' or . = 'Set Up Wallet')]"}[39m
[35m[HTTP][39m [37m<-- POST /wd/hub/session/6a46b977-4176-47fe-9e66-96534cd9a233/elements [39m[32m200[39m [90m74 ms - 12[39m
[35m[HTTP][39m [90m[39m
[35m[HTTP][39m [37m-->[39m [37mPOST[39m [37m/wd/hub/session/6a46b977-4176-47fe-9e66-96534cd9a233/elements[39m
[35m[HTTP][39m [90m{"using":"xpath","value":"//*[@class = 'android.widget.TextView' and (@text = 'Set Up Wallet' or . = 'Set Up Wallet')]"}[39m
[35m[HTTP][39m [37m<-- POST /wd/hub/session/6a46b977-4176-47fe-9e66-96534cd9a233/elements [39m[32m200[39m [90m61 ms - 12[39m
[35m[HTTP][39m [90m[39m
[35m[HTTP][39m [37m-->[39m [37mPOST[39m [37m/wd/hub/session/6a46b977-4176-47fe-9e66-96534cd9a233/elements[39m
[35m[HTTP][39m [90m{"using":"xpath","value":"//*[@class = 'android.widget.TextView' and (@text = 'Set Up Wallet' or . = 'Set Up Wallet')]"}[39m
[35m[HTTP][39m [37m<-- POST /wd/hub/session/6a46b977-4176-47fe-9e66-96534cd9a233/elements [39m[32m200[39m [90m617 ms - 12[39m
[35m[HTTP][39m [90m[39m
[35m[HTTP][39m [37m-->[39m [37mPOST[39m [37m/wd/hub/session/6a46b977-4176-47fe-9e66-96534cd9a233/elements[39m
[35m[HTTP][39m [90m{"using":"xpath","value":"//*[@class = 'android.widget.TextView' and (@text = 'Set Up Wallet' or . = 'Set Up Wallet')]"}[39m
[35m[HTTP][39m [37m<-- POST /wd/hub/session/6a46b977-4176-47fe-9e66-96534cd9a233/elements [39m[32m200[39m [90m64 ms - 12[39m
[35m[HTTP][39m [90m[39m
[35m[HTTP][39m [37m-->[39m [37mPOST[39m [37m/wd/hub/session/6a46b977-4176-47fe-9e66-96534cd9a233/elements[39m
[35m[HTTP][39m [90m{"using":"xpath","value":"//*[@class = 'android.widget.TextView' and (@text = 'Set Up Wallet' or . = 'Set Up Wallet')]"}[39m
[35m[HTTP][39m [37m<-- POST /wd/hub/session/6a46b977-4176-47fe-9e66-96534cd9a233/elements [39m[32m200[39m [90m69 ms - 12[39m
[35m[HTTP][39m [90m[39m
[35m[HTTP][39m [37m-->[39m [37mPOST[39m [37m/wd/hub/session/6a46b977-4176-47fe-9e66-96534cd9a233/elements[39m
[35m[HTTP][39m [90m{"using":"xpath","value":"//*[@class = 'android.widget.TextView' and (@text = 'Set Up Wallet' or . = 'Set Up Wallet')]"}[39m
[35m[HTTP][39m [37m<-- POST /wd/hub/session/6a46b977-4176-47fe-9e66-96534cd9a233/elements [39m[32m200[39m [90m66 ms - 12[39m
[35m[HTTP][39m [90m[39m
[35m[HTTP][39m [37m-->[39m [37mPOST[39m [37m/wd/hub/session/6a46b977-4176-47fe-9e66-96534cd9a233/elements[39m
[35m[HTTP][39m [90m{"using":"xpath","value":"//*[@class = 'android.widget.TextView' and (@text = 'Set Up Wallet' or . = 'Set Up Wallet')]"}[39m
[35m[HTTP][39m [37m<-- POST /wd/hub/session/6a46b977-4176-47fe-9e66-96534cd9a233/elements [39m[32m200[39m [90m61 ms - 12[39m
[35m[HTTP][39m [90m[39m
[35m[HTTP][39m [37m-->[39m [37mPOST[39m [37m/wd/hub/session/6a46b977-4176-47fe-9e66-96534cd9a233/elements[39m
[35m[HTTP][39m [90m{"using":"xpath","value":"//*[@class = 'android.widget.TextView' and (@text = 'Set Up Wallet' or . = 'Set Up Wallet')]"}[39m
[35m[HTTP][39m [37m<-- POST /wd/hub/session/6a46b977-4176-47fe-9e66-96534cd9a233/elements [39m[32m200[39m [90m62 ms - 12[39m
[35m[HTTP][39m [90m[39m
[35m[HTTP][39m [37m-->[39m [37mPOST[39m [37m/wd/hub/session/6a46b977-4176-47fe-9e66-96534cd9a233/elements[39m
[35m[HTTP][39m [90m{"using":"xpath","value":"//*[@class = 'android.widget.TextView' and (@text = 'Set Up Wallet' or . = 'Set Up Wallet')]"}[39m
[35m[HTTP][39m [37m<-- POST /wd/hub/session/6a46b977-4176-47fe-9e66-96534cd9a233/elements [39m[32m200[39m [90m70 ms - 12[39m
[35m[HTTP][39m [90m[39m
[35m[HTTP][39m [37m-->[39m [37mPOST[39m [37m/wd/hub/session/6a46b977-4176-47fe-9e66-96534cd9a233/elements[39m
[35m[HTTP][39m [90m{"using":"xpath","value":"//*[@class = 'android.widget.TextView' and (@text = 'Set Up Wallet' or . = 'Set Up Wallet')]"}[39m
[35m[HTTP][39m [37m<-- POST /wd/hub/session/6a46b977-4176-47fe-9e66-96534cd9a233/elements [39m[32m200[39m [90m73 ms - 12[39m
[35m[HTTP][39m [90m[39m
[35m[HTTP][39m [37m-->[39m [37mPOST[39m [37m/wd/hub/session/6a46b977-4176-47fe-9e66-96534cd9a233/elements[39m
[35m[HTTP][39m [90m{"using":"xpath","value":"//*[@class = 'android.widget.TextView' and (@text = 'Set Up Wallet' or . = 'Set Up Wallet')]"}[39m
[35m[HTTP][39m [37m<-- POST /wd/hub/session/6a46b977-4176-47fe-9e66-96534cd9a233/elements [39m[32m200[39m [90m69 ms - 12[39m
[35m[HTTP][39m [90m[39m
[35m[HTTP][39m [37m-->[39m [37mPOST[39m [37m/wd/hub/session/6a46b977-4176-47fe-9e66-96534cd9a233/elements[39m
[35m[HTTP][39m [90m{"using":"xpath","value":"//*[@class = 'android.widget.TextView' and (@text = 'Set Up Wallet' or . = 'Set Up Wallet')]"}[39m
[35m[HTTP][39m [37m<-- POST /wd/hub/session/6a46b977-4176-47fe-9e66-96534cd9a233/elements [39m[32m200[39m [90m57 ms - 12[39m
[35m[HTTP][39m [90m[39m
[35m[HTTP][39m [37m-->[39m [37mPOST[39m [37m/wd/hub/session/6a46b977-4176-47fe-9e66-96534cd9a233/elements[39m
[35m[HTTP][39m [90m{"using":"xpath","value":"//*[@class = 'android.widget.TextView' and (@text = 'Set Up Wallet' or . = 'Set Up Wallet')]"}[39m
[35m[HTTP][39m [37m<-- POST /wd/hub/session/6a46b977-4176-47fe-9e66-96534cd9a233/elements [39m[32m200[39m [90m56 ms - 12[39m
[35m[HTTP][39m [90m[39m
[35m[HTTP][39m [37m-->[39m [37mPOST[39m [37m/wd/hub/session/6a46b977-4176-47fe-9e66-96534cd9a233/elements[39m
[35m[HTTP][39m [90m{"using":"xpath","value":"//*[@class = 'android.widget.TextView' and (@text = 'Set Up Wallet' or . = 'Set Up Wallet')]"}[39m
[35m[HTTP][39m [37m<-- POST /wd/hub/session/6a46b977-4176-47fe-9e66-96534cd9a233/elements [39m[32m200[39m [90m59 ms - 12[39m
[35m[HTTP][39m [90m[39m
[35m[HTTP][39m [37m-->[39m [37mPOST[39m [37m/wd/hub/session/6a46b977-4176-47fe-9e66-96534cd9a233/elements[39m
[35m[HTTP][39m [90m{"using":"xpath","value":"//*[@class = 'android.widget.TextView' and (@text = 'Set Up Wallet' or . = 'Set Up Wallet')]"}[39m
[35m[HTTP][39m [37m<-- POST /wd/hub/session/6a46b977-4176-47fe-9e66-96534cd9a233/elements [39m[32m200[39m [90m61 ms - 12[39m
[35m[HTTP][39m [90m[39m
[35m[HTTP][39m [37m-->[39m [37mPOST[39m [37m/wd/hub/session/6a46b977-4176-47fe-9e66-96534cd9a233/elements[39m
[35m[HTTP][39m [90m{"using":"xpath","value":"//*[@class = 'android.widget.TextView' and (@text = 'Set Up Wallet' or . = 'Set Up Wallet')]"}[39m
[35m[HTTP][39m [37m<-- POST /wd/hub/session/6a46b977-4176-47fe-9e66-96534cd9a233/elements [39m[32m200[39m [90m64 ms - 12[39m
[35m[HTTP][39m [90m[39m
[35m[HTTP][39m [37m-->[39m [37mPOST[39m [37m/wd/hub/session/6a46b977-4176-47fe-9e66-96534cd9a233/elements[39m
[35m[HTTP][39m [90m{"using":"xpath","value":"//*[@class = 'android.widget.TextView' and (@text = 'Set Up Wallet' or . = 'Set Up Wallet')]"}[39m
[35m[HTTP][39m [37m<-- POST /wd/hub/session/6a46b977-4176-47fe-9e66-96534cd9a233/elements [39m[32m200[39m [90m55 ms - 12[39m
[35m[HTTP][39m [90m[39m
[35m[HTTP][39m [37m-->[39m [37mPOST[39m [37m/wd/hub/session/6a46b977-4176-47fe-9e66-96534cd9a233/elements[39m
[35m[HTTP][39m [90m{"using":"xpath","value":"//*[@class = 'android.widget.TextView' and (@text = 'Set Up Wallet' or . = 'Set Up Wallet')]"}[39m
[35m[HTTP][39m [37m<-- POST /wd/hub/session/6a46b977-4176-47fe-9e66-96534cd9a233/elements [39m[32m200[39m [90m64 ms - 12[39m
[35m[HTTP][39m [90m[39m
[35m[HTTP][39m [37m-->[39m [37mPOST[39m [37m/wd/hub/session/6a46b977-4176-47fe-9e66-96534cd9a233/elements[39m
[35m[HTTP][39m [90m{"using":"xpath","value":"//*[@class = 'android.widget.TextView' and (@text = 'Set Up Wallet' or . = 'Set Up Wallet')]"}[39m
[35m[HTTP][39m [37m<-- POST /wd/hub/session/6a46b977-4176-47fe-9e66-96534cd9a233/elements [39m[32m200[39m [90m70 ms - 12[39m
[35m[HTTP][39m [90m[39m
[35m[HTTP][39m [37m-->[39m [37mPOST[39m [37m/wd/hub/session/6a46b977-4176-47fe-9e66-96534cd9a233/elements[39m
[35m[HTTP][39m [90m{"using":"xpath","value":"//*[@class = 'android.widget.TextView' and (@text = 'Set Up Wallet' or . = 'Set Up Wallet')]"}[39m
[35m[HTTP][39m [37m<-- POST /wd/hub/session/6a46b977-4176-47fe-9e66-96534cd9a233/elements [39m[32m200[39m [90m69 ms - 12[39m
[35m[HTTP][39m [90m[39m
[35m[HTTP][39m [37m-->[39m [37mPOST[39m [37m/wd/hub/session/6a46b977-4176-47fe-9e66-96534cd9a233/elements[39m
[35m[HTTP][39m [90m{"using":"xpath","value":"//*[@class = 'android.widget.TextView' and (@text = 'Set Up Wallet' or . = 'Set Up Wallet')]"}[39m
[35m[HTTP][39m [37m<-- POST /wd/hub/session/6a46b977-4176-47fe-9e66-96534cd9a233/elements [39m[32m200[39m [90m57 ms - 12[39m
[35m[HTTP][39m [90m[39m
[35m[HTTP][39m [37m-->[39m [37mPOST[39m [37m/wd/hub/session/6a46b977-4176-47fe-9e66-96534cd9a233/elements[39m
[35m[HTTP][39m [90m{"using":"xpath","value":"//*[@class = 'android.widget.TextView' and (@text = 'Set Up Wallet' or . = 'Set Up Wallet')]"}[39m
[35m[HTTP][39m [37m<-- POST /wd/hub/session/6a46b977-4176-47fe-9e66-96534cd9a233/elements [39m[32m200[39m [90m67 ms - 12[39m
[35m[HTTP][39m [90m[39m
[35m[HTTP][39m [37m-->[39m [37mPOST[39m [37m/wd/hub/session/6a46b977-4176-47fe-9e66-96534cd9a233/elements[39m
[35m[HTTP][39m [90m{"using":"xpath","value":"//*[@class = 'android.widget.TextView' and (@text = 'Set Up Wallet' or . = 'Set Up Wallet')]"}[39m
[35m[HTTP][39m [37m<-- POST /wd/hub/session/6a46b977-4176-47fe-9e66-96534cd9a233/elements [39m[32m200[39m [90m76 ms - 12[39m
[35m[HTTP][39m [90m[39m
[35m[HTTP][39m [37m-->[39m [37mPOST[39m [37m/wd/hub/session/6a46b977-4176-47fe-9e66-96534cd9a233/elements[39m
[35m[HTTP][39m [90m{"using":"xpath","value":"//*[@class = 'android.widget.TextView' and (@text = 'Set Up Wallet' or . = 'Set Up Wallet')]"}[39m
[35m[HTTP][39m [37m<-- POST /wd/hub/session/6a46b977-4176-47fe-9e66-96534cd9a233/elements [39m[32m200[39m [90m64 ms - 12[39m
[35m[HTTP][39m [90m[39m
[35m[HTTP][39m [37m-->[39m [37mPOST[39m [37m/wd/hub/session/6a46b977-4176-47fe-9e66-96534cd9a233/elements[39m
[35m[HTTP][39m [90m{"using":"xpath","value":"//*[@class = 'android.widget.TextView' and (@text = 'Set Up Wallet' or . = 'Set Up Wallet')]"}[39m
[35m[HTTP][39m [37m<-- POST /wd/hub/session/6a46b977-4176-47fe-9e66-96534cd9a233/elements [39m[32m200[39m [90m69 ms - 12[39m
[35m[HTTP][39m [90m[39m
[35m[HTTP][39m [37m-->[39m [37mPOST[39m [37m/wd/hub/session/6a46b977-4176-47fe-9e66-96534cd9a233/elements[39m
[35m[HTTP][39m [90m{"using":"xpath","value":"//*[@class = 'android.widget.TextView' and (@text = 'Set Up Wallet' or . = 'Set Up Wallet')]"}[39m
[35m[HTTP][39m [37m<-- POST /wd/hub/session/6a46b977-4176-47fe-9e66-96534cd9a233/elements [39m[32m200[39m [90m75 ms - 12[39m
[35m[HTTP][39m [90m[39m
[35m[HTTP][39m [37m-->[39m [37mPOST[39m [37m/wd/hub/session/6a46b977-4176-47fe-9e66-96534cd9a233/elements[39m
[35m[HTTP][39m [90m{"using":"xpath","value":"//*[@class = 'android.widget.TextView' and (@text = 'Set Up Wallet' or . = 'Set Up Wallet')]"}[39m
[35m[HTTP][39m [37m<-- POST /wd/hub/session/6a46b977-4176-47fe-9e66-96534cd9a233/elements [39m[32m200[39m [90m85 ms - 12[39m
[35m[HTTP][39m [90m[39m
[35m[HTTP][39m [37m-->[39m [37mPOST[39m [37m/wd/hub/session/6a46b977-4176-47fe-9e66-96534cd9a233/elements[39m
[35m[HTTP][39m [90m{"using":"xpath","value":"//*[@class = 'android.widget.TextView' and (@text = 'Set Up Wallet' or . = 'Set Up Wallet')]"}[39m
[35m[HTTP][39m [37m<-- POST /wd/hub/session/6a46b977-4176-47fe-9e66-96534cd9a233/elements [39m[32m200[39m [90m60 ms - 12[39m
[35m[HTTP][39m [90m[39m
[35m[HTTP][39m [37m-->[39m [37mPOST[39m [37m/wd/hub/session/6a46b977-4176-47fe-9e66-96534cd9a233/elements[39m
[35m[HTTP][39m [90m{"using":"xpath","value":"//*[@class = 'android.widget.TextView' and (@text = 'Set Up Wallet' or . = 'Set Up Wallet')]"}[39m
[35m[HTTP][39m [37m<-- POST /wd/hub/session/6a46b977-4176-47fe-9e66-96534cd9a233/elements [39m[32m200[39m [90m69 ms - 12[39m
[35m[HTTP][39m [90m[39m
[35m[HTTP][39m [37m-->[39m [37mPOST[39m [37m/wd/hub/session/6a46b977-4176-47fe-9e66-96534cd9a233/elements[39m
[35m[HTTP][39m [90m{"using":"xpath","value":"//*[@class = 'android.widget.TextView' and (@text = 'Set Up Wallet' or . = 'Set Up Wallet')]"}[39m
[35m[HTTP][39m [37m<-- POST /wd/hub/session/6a46b977-4176-47fe-9e66-96534cd9a233/elements [39m[32m200[39m [90m65 ms - 12[39m
[35m[HTTP][39m [90m[39m
[35m[HTTP][39m [37m-->[39m [37mPOST[39m [37m/wd/hub/session/6a46b977-4176-47fe-9e66-96534cd9a233/elements[39m
[35m[HTTP][39m [90m{"using":"xpath","value":"//*[@class = 'android.widget.TextView' and (@text = 'Set Up Wallet' or . = 'Set Up Wallet')]"}[39m
[35m[HTTP][39m [37m<-- POST /wd/hub/session/6a46b977-4176-47fe-9e66-96534cd9a233/elements [39m[32m200[39m [90m66 ms - 12[39m
[35m[HTTP][39m [90m[39m
[35m[HTTP][39m [37m-->[39m [37mPOST[39m [37m/wd/hub/session/6a46b977-4176-47fe-9e66-96534cd9a233/elements[39m
[35m[HTTP][39m [90m{"using":"xpath","value":"//*[@class = 'android.widget.TextView' and (@text = 'Set Up Wallet' or . = 'Set Up Wallet')]"}[39m
[35m[HTTP][39m [37m<-- POST /wd/hub/session/6a46b977-4176-47fe-9e66-96534cd9a233/elements [39m[32m200[39m [90m61 ms - 12[39m
[35m[HTTP][39m [90m[39m
[35m[HTTP][39m [37m-->[39m [37mPOST[39m [37m/wd/hub/session/6a46b977-4176-47fe-9e66-96534cd9a233/elements[39m
[35m[HTTP][39m [90m{"using":"xpath","value":"//*[@class = 'android.widget.TextView' and (@text = 'Set Up Wallet' or . = 'Set Up Wallet')]"}[39m
[35m[HTTP][39m [37m<-- POST /wd/hub/session/6a46b977-4176-47fe-9e66-96534cd9a233/elements [39m[32m200[39m [90m66 ms - 12[39m
[35m[HTTP][39m [90m[39m
[35m[HTTP][39m [37m-->[39m [37mPOST[39m [37m/wd/hub/session/6a46b977-4176-47fe-9e66-96534cd9a233/elements[39m
[35m[HTTP][39m [90m{"using":"xpath","value":"//*[@class = 'android.widget.TextView' and (@text = 'Set Up Wallet' or . = 'Set Up Wallet')]"}[39m
[35m[HTTP][39m [37m<-- POST /wd/hub/session/6a46b977-4176-47fe-9e66-96534cd9a233/elements [39m[32m200[39m [90m72 ms - 12[39m
[35m[HTTP][39m [90m[39m
[35m[HTTP][39m [37m-->[39m [37mPOST[39m [37m/wd/hub/session/6a46b977-4176-47fe-9e66-96534cd9a233/elements[39m
[35m[HTTP][39m [90m{"using":"xpath","value":"//*[@class = 'android.widget.TextView' and (@text = 'Set Up Wallet' or . = 'Set Up Wallet')]"}[39m
[35m[HTTP][39m [37m<-- POST /wd/hub/session/6a46b977-4176-47fe-9e66-96534cd9a233/elements [39m[32m200[39m [90m64 ms - 12[39m
[35m[HTTP][39m [90m[39m
[35m[HTTP][39m [37m-->[39m [37mPOST[39m [37m/wd/hub/session/6a46b977-4176-47fe-9e66-96534cd9a233/elements[39m
[35m[HTTP][39m [90m{"using":"xpath","value":"//*[@class = 'android.widget.TextView' and (@text = 'Set Up Wallet' or . = 'Set Up Wallet')]"}[39m
[35m[HTTP][39m [37m<-- POST /wd/hub/session/6a46b977-4176-47fe-9e66-96534cd9a233/elements [39m[32m200[39m [90m66 ms - 12[39m
[35m[HTTP][39m [90m[39m
[35m[HTTP][39m [37m-->[39m [37mPOST[39m [37m/wd/hub/session/6a46b977-4176-47fe-9e66-96534cd9a233/elements[39m
[35m[HTTP][39m [90m{"using":"xpath","value":"//*[@class = 'android.widget.TextView' and (@text = 'Set Up Wallet' or . = 'Set Up Wallet')]"}[39m
[35m[HTTP][39m [37m<-- POST /wd/hub/session/6a46b977-4176-47fe-9e66-96534cd9a233/elements [39m[32m200[39m [90m69 ms - 12[39m
[35m[HTTP][39m [90m[39m
[35m[HTTP][39m [37m-->[39m [37mPOST[39m [37m/wd/hub/session/6a46b977-4176-47fe-9e66-96534cd9a233/elements[39m
[35m[HTTP][39m [90m{"using":"xpath","value":"//*[@class = 'android.widget.TextView' and (@text = 'Set Up Wallet' or . = 'Set Up Wallet')]"}[39m
[35m[HTTP][39m [37m<-- POST /wd/hub/session/6a46b977-4176-47fe-9e66-96534cd9a233/elements [39m[32m200[39m [90m60 ms - 12[39m
[35m[HTTP][39m [90m[39m
[35m[HTTP][39m [37m-->[39m [37mPOST[39m [37m/wd/hub/session/6a46b977-4176-47fe-9e66-96534cd9a233/elements[39m
[35m[HTTP][39m [90m{"using":"xpath","value":"//*[@class = 'android.widget.TextView' and (@text = 'Set Up Wallet' or . = 'Set Up Wallet')]"}[39m
[35m[HTTP][39m [37m<-- POST /wd/hub/session/6a46b977-4176-47fe-9e66-96534cd9a233/elements [39m[32m200[39m [90m71 ms - 12[39m
[35m[HTTP][39m [90m[39m
[35m[HTTP][39m [37m-->[39m [37mPOST[39m [37m/wd/hub/session/6a46b977-4176-47fe-9e66-96534cd9a233/elements[39m
[35m[HTTP][39m [90m{"using":"xpath","value":"//*[@class = 'android.widget.TextView' and (@text = 'Set Up Wallet' or . = 'Set Up Wallet')]"}[39m
[35m[HTTP][39m [37m<-- POST /wd/hub/session/6a46b977-4176-47fe-9e66-96534cd9a233/elements [39m[32m200[39m [90m69 ms - 12[39m
[35m[HTTP][39m [90m[39m
[35m[HTTP][39m [37m-->[39m [37mPOST[39m [37m/wd/hub/session/6a46b977-4176-47fe-9e66-96534cd9a233/elements[39m
[35m[HTTP][39m [90m{"using":"xpath","value":"//*[@class = 'android.widget.TextView' and (@text = 'Set Up Wallet' or . = 'Set Up Wallet')]"}[39m
[35m[HTTP][39m [37m<-- POST /wd/hub/session/6a46b977-4176-47fe-9e66-96534cd9a233/elements [39m[32m200[39m [90m58 ms - 12[39m
[35m[HTTP][39m [90m[39m
[35m[HTTP][39m [37m-->[39m [37mPOST[39m [37m/wd/hub/session/6a46b977-4176-47fe-9e66-96534cd9a233/elements[39m
[35m[HTTP][39m [90m{"using":"xpath","value":"//*[@class = 'android.widget.TextView' and (@text = 'Set Up Wallet' or . = 'Set Up Wallet')]"}[39m
[35m[HTTP][39m [37m<-- POST /wd/hub/session/6a46b977-4176-47fe-9e66-96534cd9a233/elements [39m[32m200[39m [90m68 ms - 12[39m
[35m[HTTP][39m [90m[39m
[35m[HTTP][39m [37m-->[39m [37mPOST[39m [37m/wd/hub/session/6a46b977-4176-47fe-9e66-96534cd9a233/elements[39m
[35m[HTTP][39m [90m{"using":"xpath","value":"//*[@class = 'android.widget.TextView' and (@text = 'Set Up Wallet' or . = 'Set Up Wallet')]"}[39m
[35m[HTTP][39m [37m<-- POST /wd/hub/session/6a46b977-4176-47fe-9e66-96534cd9a233/elements [39m[32m200[39m [90m67 ms - 12[39m
[35m[HTTP][39m [90m[39m
[35m[HTTP][39m [37m-->[39m [37mPOST[39m [37m/wd/hub/session/6a46b977-4176-47fe-9e66-96534cd9a233/elements[39m
[35m[HTTP][39m [90m{"using":"xpath","value":"//*[@class = 'android.widget.TextView' and (@text = 'Set Up Wallet' or . = 'Set Up Wallet')]"}[39m
[35m[HTTP][39m [37m<-- POST /wd/hub/session/6a46b977-4176-47fe-9e66-96534cd9a233/elements [39m[32m200[39m [90m64 ms - 12[39m
[35m[HTTP][39m [90m[39m
[35m[HTTP][39m [37m-->[39m [37mPOST[39m [37m/wd/hub/session/6a46b977-4176-47fe-9e66-96534cd9a233/elements[39m
[35m[HTTP][39m [90m{"using":"xpath","value":"//*[@class = 'android.widget.TextView' and (@text = 'Set Up Wallet' or . = 'Set Up Wallet')]"}[39m
[35m[HTTP][39m [37m<-- POST /wd/hub/session/6a46b977-4176-47fe-9e66-96534cd9a233/elements [39m[32m200[39m [90m62 ms - 12[39m
[35m[HTTP][39m [90m[39m
[35m[HTTP][39m [37m-->[39m [37mPOST[39m [37m/wd/hub/session/6a46b977-4176-47fe-9e66-96534cd9a233/elements[39m
[35m[HTTP][39m [90m{"using":"xpath","value":"//*[@class = 'android.widget.TextView' and (@text = 'Set Up Wallet' or . = 'Set Up Wallet')]"}[39m
[35m[HTTP][39m [37m<-- POST /wd/hub/session/6a46b977-4176-47fe-9e66-96534cd9a233/elements [39m[32m200[39m [90m59 ms - 12[39m
[35m[HTTP][39m [90m[39m
[35m[HTTP][39m [37m-->[39m [37mPOST[39m [37m/wd/hub/session/6a46b977-4176-47fe-9e66-96534cd9a233/elements[39m
[35m[HTTP][39m [90m{"using":"xpath","value":"//*[@class = 'android.widget.TextView' and (@text = 'Set Up Wallet' or . = 'Set Up Wallet')]"}[39m
[35m[HTTP][39m [37m<-- POST /wd/hub/session/6a46b977-4176-47fe-9e66-96534cd9a233/elements [39m[32m200[39m [90m749 ms - 12[39m
[35m[HTTP][39m [90m[39m
[35m[HTTP][39m [37m-->[39m [37mPOST[39m [37m/wd/hub/session/6a46b977-4176-47fe-9e66-96534cd9a233/elements[39m
[35m[HTTP][39m [90m{"using":"xpath","value":"//*[@class = 'android.widget.TextView' and (@text = 'Set Up Wallet' or . = 'Set Up Wallet')]"}[39m
[35m[HTTP][39m [37m<-- POST /wd/hub/session/6a46b977-4176-47fe-9e66-96534cd9a233/elements [39m[32m200[39m [90m82 ms - 12[39m
[35m[HTTP][39m [90m[39m
[35m[HTTP][39m [37m-->[39m [37mPOST[39m [37m/wd/hub/session/6a46b977-4176-47fe-9e66-96534cd9a233/elements[39m
[35m[HTTP][39m [90m{"using":"xpath","value":"//*[@class = 'android.widget.TextView' and (@text = 'Set Up Wallet' or . = 'Set Up Wallet')]"}[39m
[35m[HTTP][39m [37m<-- POST /wd/hub/session/6a46b977-4176-47fe-9e66-96534cd9a233/elements [39m[32m200[39m [90m70 ms - 12[39m
[35m[HTTP][39m [90m[39m
[35m[HTTP][39m [37m-->[39m [37mPOST[39m [37m/wd/hub/session/6a46b977-4176-47fe-9e66-96534cd9a233/elements[39m
[35m[HTTP][39m [90m{"using":"xpath","value":"//*[@class = 'android.widget.TextView' and (@text = 'Set Up Wallet' or . = 'Set Up Wallet')]"}[39m
[35m[HTTP][39m [37m<-- POST /wd/hub/session/6a46b977-4176-47fe-9e66-96534cd9a233/elements [39m[32m200[39m [90m65 ms - 12[39m
[35m[HTTP][39m [90m[39m
[35m[HTTP][39m [37m-->[39m [37mPOST[39m [37m/wd/hub/session/6a46b977-4176-47fe-9e66-96534cd9a233/elements[39m
[35m[HTTP][39m [90m{"using":"xpath","value":"//*[@class = 'android.widget.TextView' and (@text = 'Set Up Wallet' or . = 'Set Up Wallet')]"}[39m
[35m[HTTP][39m [37m<-- POST /wd/hub/session/6a46b977-4176-47fe-9e66-96534cd9a233/elements [39m[32m200[39m [90m73 ms - 12[39m
[35m[HTTP][39m [90m[39m
[35m[HTTP][39m [37m-->[39m [37mPOST[39m [37m/wd/hub/session/6a46b977-4176-47fe-9e66-96534cd9a233/elements[39m
[35m[HTTP][39m [90m{"using":"xpath","value":"//*[@class = 'android.widget.TextView' and (@text = 'Set Up Wallet' or . = 'Set Up Wallet')]"}[39m
[35m[HTTP][39m [37m<-- POST /wd/hub/session/6a46b977-4176-47fe-9e66-96534cd9a233/elements [39m[32m200[39m [90m70 ms - 12[39m
[35m[HTTP][39m [90m[39m
[35m[HTTP][39m [37m-->[39m [37mPOST[39m [37m/wd/hub/session/6a46b977-4176-47fe-9e66-96534cd9a233/elements[39m
[35m[HTTP][39m [90m{"using":"xpath","value":"//*[@class = 'android.widget.TextView' and (@text = 'Set Up Wallet' or . = 'Set Up Wallet')]"}[39m
[35m[HTTP][39m [37m<-- POST /wd/hub/session/6a46b977-4176-47fe-9e66-96534cd9a233/elements [39m[32m200[39m [90m65 ms - 12[39m
[35m[HTTP][39m [90m[39m
[35m[HTTP][39m [37m-->[39m [37mPOST[39m [37m/wd/hub/session/6a46b977-4176-47fe-9e66-96534cd9a233/elements[39m
[35m[HTTP][39m [90m{"using":"xpath","value":"//*[@class = 'android.widget.TextView' and (@text = 'Set Up Wallet' or . = 'Set Up Wallet')]"}[39m
[35m[HTTP][39m [37m<-- POST /wd/hub/session/6a46b977-4176-47fe-9e66-96534cd9a233/elements [39m[32m200[39m [90m75 ms - 12[39m
[35m[HTTP][39m [90m[39m
[35m[HTTP][39m [37m-->[39m [37mPOST[39m [37m/wd/hub/session/6a46b977-4176-47fe-9e66-96534cd9a233/elements[39m
[35m[HTTP][39m [90m{"using":"xpath","value":"//*[@class = 'android.widget.TextView' and (@text = 'Set Up Wallet' or . = 'Set Up Wallet')]"}[39m
[35m[HTTP][39m [37m<-- POST /wd/hub/session/6a46b977-4176-47fe-9e66-96534cd9a233/elements [39m[32m200[39m [90m62 ms - 12[39m
[35m[HTTP][39m [90m[39m
[35m[HTTP][39m [37m-->[39m [37mPOST[39m [37m/wd/hub/session/6a46b977-4176-47fe-9e66-96534cd9a233/elements[39m
[35m[HTTP][39m [90m{"using":"xpath","value":"//*[@class = 'android.widget.TextView' and (@text = 'Set Up Wallet' or . = 'Set Up Wallet')]"}[39m
[35m[HTTP][39m [37m<-- POST /wd/hub/session/6a46b977-4176-47fe-9e66-96534cd9a233/elements [39m[32m200[39m [90m60 ms - 12[39m
[35m[HTTP][39m [90m[39m
[35m[HTTP][39m [37m-->[39m [37mPOST[39m [37m/wd/hub/session/6a46b977-4176-47fe-9e66-96534cd9a233/elements[39m
[35m[HTTP][39m [90m{"using":"xpath","value":"//*[@class = 'android.widget.TextView' and (@text = 'Set Up Wallet' or . = 'Set Up Wallet')]"}[39m
[35m[HTTP][39m [37m<-- POST /wd/hub/session/6a46b977-4176-47fe-9e66-96534cd9a233/elements [39m[32m200[39m [90m61 ms - 12[39m
[35m[HTTP][39m [90m[39m
[35m[HTTP][39m [37m-->[39m [37mPOST[39m [37m/wd/hub/session/6a46b977-4176-47fe-9e66-96534cd9a233/elements[39m
[35m[HTTP][39m [90m{"using":"xpath","value":"//*[@class = 'android.widget.TextView' and (@text = 'Set Up Wallet' or . = 'Set Up Wallet')]"}[39m
[35m[HTTP][39m [37m<-- POST /wd/hub/session/6a46b977-4176-47fe-9e66-96534cd9a233/elements [39m[32m200[39m [90m59 ms - 12[39m
[35m[HTTP][39m [90m[39m
[35m[HTTP][39m [37m-->[39m [37mPOST[39m [37m/wd/hub/session/6a46b977-4176-47fe-9e66-96534cd9a233/elements[39m
[35m[HTTP][39m [90m{"using":"xpath","value":"//*[@class = 'android.widget.TextView' and (@text = 'Set Up Wallet' or . = 'Set Up Wallet')]"}[39m
[35m[HTTP][39m [37m<-- POST /wd/hub/session/6a46b977-4176-47fe-9e66-96534cd9a233/elements [39m[32m-[39m [90m- ms - -[39m
[35m[HTTP][39m [90m[39m
