[35m[Appium][39m Welcome to Appium v1.21.0
[35m[Appium][39m Non-default server args:
[35m[Appium][39m   port: 49798
[35m[Appium][39m   loglevel: info
[35m[Appium][39m   tmpDir: /var/folders/pj/tdgwyxh90y759nk534c9prjc0000gn/T//Katalon/Appium/Temp1699289303687
[35m[Appium][39m   chromedriverPort: 49799
[35m[Appium][39m Deprecated server args:
[35m[Appium][39m   [31m--chromedriver-port[39m => --default-capabilities
[35m[Appium][39m Default capabilities, which will be added to each request unless overridden by desired capabilities:
[35m[Appium][39m   chromedriverPort: 49799
[35m[Appium][39m Appium REST http interface listener started on 0.0.0.0:49798
[35m[HTTP][39m [37m-->[39m [37mGET[39m [37m/wd/hub/status[39m
[35m[HTTP][39m [90m{}[39m
[35m[HTTP][39m [37m<-- GET /wd/hub/status [39m[32m200[39m [90m10 ms - 68[39m
[35m[HTTP][39m [90m[39m
[35m[HTTP][39m [37m-->[39m [37mPOST[39m [37m/wd/hub/session[39m
[35m[HTTP][39m [90m{"desiredCapabilities":{"appPackage":"com.maybank2u.life.uat","noReset":true,"appWaitActivity":"*","unlockKey":"2458","deviceId":"","deviceName":"samsung SM-G998B (Android 11)","platform":"ANDROID","appActivity":"com.maybank2u.life.MainActivity","newCommandTimeout":1800,"platformVersion":"11","automationName":"uiautomator2","unlockType":"pattern","autoGrantPermissions":true,"platformName":"Android","udid":"R5CR704KXSR","systemPort":8249},"capabilities":{"firstMatch":[{"appium:appActivity":"com.maybank2u.life.MainActivity","appium:appPackage":"com.maybank2u.life.uat","appium:appWaitActivity":"*","appium:autoGrantPermissions":true,"appium:automationName":"uiautomator2","deviceId":"","appium:deviceName":"samsung SM-G998B (Android 11)","appium:newCommandTimeout":1800,"appium:noReset":true,"platform":"ANDROID","platformName":"android","appium:platformVersion":"11","appium:systemPort":8249,"appium:udid":"R5CR704KXSR","unlockKey":"2458","unlockType":"pattern"}]}}[39m
[35m[BaseDriver][39m The following capabilities are not standard capabilities and should have an extension prefix:
[35m[BaseDriver][39m   deviceId
[35m[BaseDriver][39m   platform
[35m[BaseDriver][39m   unlockKey
[35m[BaseDriver][39m   unlockType
[35m[BaseDriver][39m   chromedriverPort
[35m[Appium][39m Appium v1.21.0 creating new AndroidUiautomator2Driver (v1.65.0) session
[35m[BaseDriver][39m The following capabilities were provided, but are not recognized by Appium:
[35m[BaseDriver][39m   deviceId
[35m[BaseDriver][39m   platform
[35m[BaseDriver][39m Session created with session id: 38df7c3b-824f-4e79-b7fe-f4d5a033950b
[35m[UiAutomator2][39m Starting 'com.maybank2u.life.uat' directly on the device
[35m[ADB][39m Found 1 'build-tools' folders under '/Users/mosaj/.katalon/tools/android_sdk' (newest first):
[35m[ADB][39m     /Users/mosaj/.katalon/tools/android_sdk/build-tools/29.0.3
[35m[ADB][39m Using 'adb' from '/Users/mosaj/.katalon/tools/android_sdk/platform-tools/adb'
[35m[AndroidDriver][39m Retrieving device list
[35m[AndroidDriver][39m Using device: R5CR704KXSR
[35m[ADB][39m Using 'adb' from '/Users/mosaj/.katalon/tools/android_sdk/platform-tools/adb'
[35m[ADB][39m Getting device platform version
[35m[UiAutomator2][39m Relaxing hidden api policy
[35m[AndroidDriver][39m No app sent in, not parsing package/activity
[35m[ADB][39m Using 'apksigner.jar' from '/Users/mosaj/.katalon/tools/android_sdk/build-tools/29.0.3/lib/apksigner.jar'
[35m[ADB][39m '/usr/local/lib/node_modules/appium/node_modules/appium-uiautomator2-server/apks/appium-uiautomator2-server-v4.21.1.apk' is signed with the default certificate
[35m[ADB][39m '/usr/local/lib/node_modules/appium/node_modules/appium-uiautomator2-server/apks/appium-uiautomator2-server-debug-androidTest.apk' is signed with the default certificate
[35m[UiAutomator2][39m Server packages are not going to be (re)installed
[35m[ADB][39m Adding packages ["io.appium.settings","io.appium.uiautomator2.server","io.appium.uiautomator2.server.test"] to Doze whitelist
[35m[UiAutomator2][39m Starting UIAutomator2 server 4.21.1
[35m[UiAutomator2][39m Using UIAutomator2 server from '/usr/local/lib/node_modules/appium/node_modules/appium-uiautomator2-server/apks/appium-uiautomator2-server-v4.21.1.apk' and test from '/usr/local/lib/node_modules/appium/node_modules/appium-uiautomator2-server/apks/appium-uiautomator2-server-debug-androidTest.apk'
[35m[UiAutomator2][39m Waiting up to 30000ms for UiAutomator2 to be online...
[35m[WD Proxy][39m socket hang up
[35m[WD Proxy][39m socket hang up
[35m[WD Proxy][39m Determined the downstream protocol as 'W3C'
[35m[AndroidDriver][39m Screen already unlocked, doing nothing
[35m[UiAutomator2][39m Starting 'com.maybank2u.life.uat/com.maybank2u.life.MainActivity and waiting for 'com.maybank2u.life.uat/*'
[35m[Appium][39m New AndroidUiautomator2Driver session created successfully, session 38df7c3b-824f-4e79-b7fe-f4d5a033950b added to master session list
[35m[HTTP][39m [37m<-- POST /wd/hub/session [39m[32m200[39m [90m12585 ms - 1393[39m
[35m[HTTP][39m [90m[39m
[35m[HTTP][39m [37m-->[39m [37mGET[39m [37m/wd/hub/session/38df7c3b-824f-4e79-b7fe-f4d5a033950b[39m
[35m[HTTP][39m [90m{}[39m
[35m[HTTP][39m [37m<-- GET /wd/hub/session/38df7c3b-824f-4e79-b7fe-f4d5a033950b [39m[32m200[39m [90m33 ms - 1347[39m
[35m[HTTP][39m [90m[39m
[35m[HTTP][39m [37m-->[39m [37mGET[39m [37m/wd/hub/session/38df7c3b-824f-4e79-b7fe-f4d5a033950b[39m
[35m[HTTP][39m [90m{}[39m
[35m[HTTP][39m [37m<-- GET /wd/hub/session/38df7c3b-824f-4e79-b7fe-f4d5a033950b [39m[32m200[39m [90m13 ms - 1347[39m
[35m[HTTP][39m [90m[39m
[35m[HTTP][39m [37m-->[39m [37mGET[39m [37m/wd/hub/status[39m
[35m[HTTP][39m [90m{}[39m
[35m[HTTP][39m [37m<-- GET /wd/hub/status [39m[32m200[39m [90m2 ms - 68[39m
[35m[HTTP][39m [90m[39m
[35m[HTTP][39m [37m-->[39m [37mPOST[39m [37m/wd/hub/session/38df7c3b-824f-4e79-b7fe-f4d5a033950b/timeouts[39m
[35m[HTTP][39m [90m{"implicit":60000}[39m
[35m[HTTP][39m [37m<-- POST /wd/hub/session/38df7c3b-824f-4e79-b7fe-f4d5a033950b/timeouts [39m[32m200[39m [90m6 ms - 14[39m
[35m[HTTP][39m [90m[39m
[35m[HTTP][39m [37m-->[39m [37mGET[39m [37m/wd/hub/session/38df7c3b-824f-4e79-b7fe-f4d5a033950b/screenshot[39m
[35m[HTTP][39m [90m{}[39m
[35m[HTTP][39m [37m<-- GET /wd/hub/session/38df7c3b-824f-4e79-b7fe-f4d5a033950b/screenshot [39m[32m200[39m [90m582 ms - 694878[39m
[35m[HTTP][39m [90m[39m
[35m[HTTP][39m [37m-->[39m [37mGET[39m [37m/wd/hub/session/38df7c3b-824f-4e79-b7fe-f4d5a033950b/window/rect[39m
[35m[HTTP][39m [90m{}[39m
[35m[HTTP][39m [37m<-- GET /wd/hub/session/38df7c3b-824f-4e79-b7fe-f4d5a033950b/window/rect [39m[32m200[39m [90m24 ms - 50[39m
[35m[HTTP][39m [90m[39m
[35m[HTTP][39m [37m-->[39m [37mGET[39m [37m/wd/hub/session/38df7c3b-824f-4e79-b7fe-f4d5a033950b/appium/device/system_bars[39m
[35m[HTTP][39m [90m{}[39m
[35m[HTTP][39m [37m<-- GET /wd/hub/session/38df7c3b-824f-4e79-b7fe-f4d5a033950b/appium/device/system_bars [39m[32m200[39m [90m79 ms - 148[39m
[35m[HTTP][39m [90m[39m
[35m[HTTP][39m [37m-->[39m [37mPOST[39m [37m/wd/hub/session/38df7c3b-824f-4e79-b7fe-f4d5a033950b/appium/device/activate_app[39m
[35m[HTTP][39m [90m{"bundleId":"com.maybank2u.life.uat"}[39m
[35m[HTTP][39m [37m<-- POST /wd/hub/session/38df7c3b-824f-4e79-b7fe-f4d5a033950b/appium/device/activate_app [39m[32m200[39m [90m375 ms - 14[39m
[35m[HTTP][39m [90m[39m
[35m[HTTP][39m [37m-->[39m [37mPOST[39m [37m/wd/hub/session/38df7c3b-824f-4e79-b7fe-f4d5a033950b/timeouts[39m
[35m[HTTP][39m [90m{"implicit":50}[39m
[35m[HTTP][39m [37m<-- POST /wd/hub/session/38df7c3b-824f-4e79-b7fe-f4d5a033950b/timeouts [39m[32m200[39m [90m3 ms - 14[39m
[35m[HTTP][39m [90m[39m
[35m[HTTP][39m [37m-->[39m [37mGET[39m [37m/wd/hub/session/38df7c3b-824f-4e79-b7fe-f4d5a033950b/window/rect[39m
[35m[HTTP][39m [90m{}[39m
[35m[HTTP][39m [37m<-- GET /wd/hub/session/38df7c3b-824f-4e79-b7fe-f4d5a033950b/window/rect [39m[32m200[39m [90m25 ms - 50[39m
[35m[HTTP][39m [90m[39m
[35m[HTTP][39m [37m-->[39m [37mPOST[39m [37m/wd/hub/session/38df7c3b-824f-4e79-b7fe-f4d5a033950b/elements[39m
[35m[HTTP][39m [90m{"using":"xpath","value":"//*[@class = 'android.widget.TextView' and (@text = 'Secure2u' or . = 'Secure2u')]"}[39m
[35m[HTTP][39m [37m<-- POST /wd/hub/session/38df7c3b-824f-4e79-b7fe-f4d5a033950b/elements [39m[32m200[39m [90m870 ms - 139[39m
[35m[HTTP][39m [90m[39m
[35m[HTTP][39m [37m-->[39m [37mGET[39m [37m/wd/hub/session/38df7c3b-824f-4e79-b7fe-f4d5a033950b/element/65f80f36-05b9-4abf-96ad-7d926bbed967/location[39m
[35m[HTTP][39m [90m{}[39m
[35m[W3C (38df7c3b)][39m Driver proxy active, passing request on via HTTP proxy
[35m[WD Proxy][39m Replacing sessionId 0c34f878-5007-4d8c-84c3-6e6977fd4c59 with 38df7c3b-824f-4e79-b7fe-f4d5a033950b
[35m[HTTP][39m [37m<-- GET /wd/hub/session/38df7c3b-824f-4e79-b7fe-f4d5a033950b/element/65f80f36-05b9-4abf-96ad-7d926bbed967/location [39m[32m200[39m [90m582 ms - 78[39m
[35m[HTTP][39m [90m[39m
[35m[HTTP][39m [37m-->[39m [37mPOST[39m [37m/wd/hub/session/38df7c3b-824f-4e79-b7fe-f4d5a033950b/timeouts[39m
[35m[HTTP][39m [90m{"implicit":60000}[39m
[35m[HTTP][39m [37m<-- POST /wd/hub/session/38df7c3b-824f-4e79-b7fe-f4d5a033950b/timeouts [39m[32m200[39m [90m2 ms - 14[39m
[35m[HTTP][39m [90m[39m
[35m[HTTP][39m [37m-->[39m [37mGET[39m [37m/wd/hub/session/38df7c3b-824f-4e79-b7fe-f4d5a033950b/element/65f80f36-05b9-4abf-96ad-7d926bbed967/text[39m
[35m[HTTP][39m [90m{}[39m
[35m[W3C (38df7c3b)][39m Driver proxy active, passing request on via HTTP proxy
[35m[WD Proxy][39m Replacing sessionId 0c34f878-5007-4d8c-84c3-6e6977fd4c59 with 38df7c3b-824f-4e79-b7fe-f4d5a033950b
[35m[HTTP][39m [37m<-- GET /wd/hub/session/38df7c3b-824f-4e79-b7fe-f4d5a033950b/element/65f80f36-05b9-4abf-96ad-7d926bbed967/text [39m[32m200[39m [90m31 ms - 71[39m
[35m[HTTP][39m [90m[39m
[35m[HTTP][39m [37m-->[39m [37mPOST[39m [37m/wd/hub/session/38df7c3b-824f-4e79-b7fe-f4d5a033950b/timeouts[39m
[35m[HTTP][39m [90m{"implicit":50}[39m
[35m[HTTP][39m [37m<-- POST /wd/hub/session/38df7c3b-824f-4e79-b7fe-f4d5a033950b/timeouts [39m[32m200[39m [90m7 ms - 14[39m
[35m[HTTP][39m [90m[39m
[35m[HTTP][39m [37m-->[39m [37mGET[39m [37m/wd/hub/session/38df7c3b-824f-4e79-b7fe-f4d5a033950b/window/rect[39m
[35m[HTTP][39m [90m{}[39m
[35m[HTTP][39m [37m<-- GET /wd/hub/session/38df7c3b-824f-4e79-b7fe-f4d5a033950b/window/rect [39m[32m200[39m [90m35 ms - 50[39m
[35m[HTTP][39m [90m[39m
[35m[HTTP][39m [37m-->[39m [37mPOST[39m [37m/wd/hub/session/38df7c3b-824f-4e79-b7fe-f4d5a033950b/elements[39m
[35m[HTTP][39m [90m{"using":"xpath","value":"//*[@class = 'android.widget.TextView' and (@text = 'Secure2u' or . = 'Secure2u')]"}[39m
[35m[HTTP][39m [37m<-- POST /wd/hub/session/38df7c3b-824f-4e79-b7fe-f4d5a033950b/elements [39m[32m200[39m [90m430 ms - 139[39m
[35m[HTTP][39m [90m[39m
[35m[HTTP][39m [37m-->[39m [37mGET[39m [37m/wd/hub/session/38df7c3b-824f-4e79-b7fe-f4d5a033950b/element/2808f7cf-09ad-4781-843a-7bf5bff6df26/location[39m
[35m[HTTP][39m [90m{}[39m
[35m[W3C (38df7c3b)][39m Driver proxy active, passing request on via HTTP proxy
[35m[WD Proxy][39m Replacing sessionId 0c34f878-5007-4d8c-84c3-6e6977fd4c59 with 38df7c3b-824f-4e79-b7fe-f4d5a033950b
[35m[HTTP][39m [37m<-- GET /wd/hub/session/38df7c3b-824f-4e79-b7fe-f4d5a033950b/element/2808f7cf-09ad-4781-843a-7bf5bff6df26/location [39m[32m200[39m [90m55 ms - 78[39m
[35m[HTTP][39m [90m[39m
[35m[HTTP][39m [37m-->[39m [37mPOST[39m [37m/wd/hub/session/38df7c3b-824f-4e79-b7fe-f4d5a033950b/timeouts[39m
[35m[HTTP][39m [90m{"implicit":60000}[39m
[35m[HTTP][39m [37m<-- POST /wd/hub/session/38df7c3b-824f-4e79-b7fe-f4d5a033950b/timeouts [39m[32m200[39m [90m2 ms - 14[39m
[35m[HTTP][39m [90m[39m
[35m[HTTP][39m [37m-->[39m [37mPOST[39m [37m/wd/hub/session/38df7c3b-824f-4e79-b7fe-f4d5a033950b/element/2808f7cf-09ad-4781-843a-7bf5bff6df26/click[39m
[35m[HTTP][39m [90m{"id":"2808f7cf-09ad-4781-843a-7bf5bff6df26"}[39m
[35m[HTTP][39m [37m<-- POST /wd/hub/session/38df7c3b-824f-4e79-b7fe-f4d5a033950b/element/2808f7cf-09ad-4781-843a-7bf5bff6df26/click [39m[32m200[39m [90m147 ms - 14[39m
[35m[HTTP][39m [90m[39m
[35m[HTTP][39m [37m-->[39m [37mPOST[39m [37m/wd/hub/session/38df7c3b-824f-4e79-b7fe-f4d5a033950b/timeouts[39m
[35m[HTTP][39m [90m{"implicit":50}[39m
[35m[HTTP][39m [37m<-- POST /wd/hub/session/38df7c3b-824f-4e79-b7fe-f4d5a033950b/timeouts [39m[32m200[39m [90m2 ms - 14[39m
[35m[HTTP][39m [90m[39m
[35m[HTTP][39m [37m-->[39m [37mGET[39m [37m/wd/hub/session/38df7c3b-824f-4e79-b7fe-f4d5a033950b/window/rect[39m
[35m[HTTP][39m [90m{}[39m
[35m[HTTP][39m [37m<-- GET /wd/hub/session/38df7c3b-824f-4e79-b7fe-f4d5a033950b/window/rect [39m[32m200[39m [90m20 ms - 50[39m
[35m[HTTP][39m [90m[39m
[35m[HTTP][39m [37m-->[39m [37mPOST[39m [37m/wd/hub/session/38df7c3b-824f-4e79-b7fe-f4d5a033950b/elements[39m
[35m[HTTP][39m [90m{"using":"xpath","value":"//*[@class = 'android.widget.TextView' and (@text = 'Approve' or . = 'Approve')]"}[39m
[35m[HTTP][39m [37m<-- POST /wd/hub/session/38df7c3b-824f-4e79-b7fe-f4d5a033950b/elements [39m[32m200[39m [90m10226 ms - 12[39m
[35m[HTTP][39m [90m[39m
[35m[HTTP][39m [37m-->[39m [37mPOST[39m [37m/wd/hub/session/38df7c3b-824f-4e79-b7fe-f4d5a033950b/elements[39m
[35m[HTTP][39m [90m{"using":"xpath","value":"//*[@class = 'android.widget.TextView' and (@text = 'Approve' or . = 'Approve')]"}[39m
[35m[HTTP][39m [37m<-- POST /wd/hub/session/38df7c3b-824f-4e79-b7fe-f4d5a033950b/elements [39m[32m200[39m [90m10427 ms - 12[39m
[35m[HTTP][39m [90m[39m
[35m[HTTP][39m [37m-->[39m [37mPOST[39m [37m/wd/hub/session/38df7c3b-824f-4e79-b7fe-f4d5a033950b/elements[39m
[35m[HTTP][39m [90m{"using":"xpath","value":"//*[@class = 'android.widget.TextView' and (@text = 'Approve' or . = 'Approve')]"}[39m
[35m[HTTP][39m [37m<-- POST /wd/hub/session/38df7c3b-824f-4e79-b7fe-f4d5a033950b/elements [39m[32m200[39m [90m2214 ms - 139[39m
[35m[HTTP][39m [90m[39m
[35m[HTTP][39m [37m-->[39m [37mGET[39m [37m/wd/hub/session/38df7c3b-824f-4e79-b7fe-f4d5a033950b/element/7f142d5e-5b71-4478-a912-ff16442d03c5/location[39m
[35m[HTTP][39m [90m{}[39m
[35m[W3C (38df7c3b)][39m Driver proxy active, passing request on via HTTP proxy
[35m[WD Proxy][39m Replacing sessionId 0c34f878-5007-4d8c-84c3-6e6977fd4c59 with 38df7c3b-824f-4e79-b7fe-f4d5a033950b
[35m[HTTP][39m [37m<-- GET /wd/hub/session/38df7c3b-824f-4e79-b7fe-f4d5a033950b/element/7f142d5e-5b71-4478-a912-ff16442d03c5/location [39m[32m200[39m [90m32 ms - 79[39m
[35m[HTTP][39m [90m[39m
[35m[HTTP][39m [37m-->[39m [37mPOST[39m [37m/wd/hub/session/38df7c3b-824f-4e79-b7fe-f4d5a033950b/timeouts[39m
[35m[HTTP][39m [90m{"implicit":60000}[39m
[35m[HTTP][39m [37m<-- POST /wd/hub/session/38df7c3b-824f-4e79-b7fe-f4d5a033950b/timeouts [39m[32m200[39m [90m2 ms - 14[39m
[35m[HTTP][39m [90m[39m
[35m[HTTP][39m [37m-->[39m [37mPOST[39m [37m/wd/hub/session/38df7c3b-824f-4e79-b7fe-f4d5a033950b/element/7f142d5e-5b71-4478-a912-ff16442d03c5/click[39m
[35m[HTTP][39m [90m{"id":"7f142d5e-5b71-4478-a912-ff16442d03c5"}[39m
[35m[HTTP][39m [37m<-- POST /wd/hub/session/38df7c3b-824f-4e79-b7fe-f4d5a033950b/element/7f142d5e-5b71-4478-a912-ff16442d03c5/click [39m[32m200[39m [90m79 ms - 14[39m
[35m[HTTP][39m [90m[39m
[35m[HTTP][39m [37m-->[39m [37mDELETE[39m [37m/wd/hub/session/38df7c3b-824f-4e79-b7fe-f4d5a033950b[39m
[35m[HTTP][39m [90m{}[39m
[35m[Appium][39m Removing session 38df7c3b-824f-4e79-b7fe-f4d5a033950b from our master session list
[35m[UiAutomator2][39m Restoring hidden api policy to the device default configuration
[35m[HTTP][39m [37m<-- DELETE /wd/hub/session/38df7c3b-824f-4e79-b7fe-f4d5a033950b [39m[32m200[39m [90m295 ms - 14[39m
[35m[HTTP][39m [90m[39m
